<?xml version="1.0" encoding="UTF-8"?>
<coverage generated="1693032107754" clover="3.2.0">
  <project timestamp="1693032107754" name="All files">
    <metrics statements="11877" coveredstatements="8933" conditionals="6289" coveredconditionals="3898" methods="2114" coveredmethods="1515" elements="20280" coveredelements="14346" complexity="0" loc="11877" ncloc="11877" packages="130" files="294" classes="294"/>
    <package name="src">
      <metrics statements="19" coveredstatements="0" conditionals="42" coveredconditionals="0" methods="4" coveredmethods="0"/>
      <file name="init.js" path="C:\Users\Administrator\Desktop\vue-iclient\src\init.js">
        <metrics statements="19" coveredstatements="0" conditionals="42" coveredconditionals="0" methods="4" coveredmethods="0"/>
        <line num="7" count="0" type="cond" truecount="0" falsecount="2"/>
        <line num="9" count="0" type="stmt"/>
        <line num="10" count="0" type="cond" truecount="0" falsecount="4"/>
        <line num="11" count="0" type="stmt"/>
        <line num="13" count="0" type="cond" truecount="0" falsecount="4"/>
        <line num="14" count="0" type="stmt"/>
        <line num="16" count="0" type="cond" truecount="0" falsecount="4"/>
        <line num="17" count="0" type="cond" truecount="0" falsecount="5"/>
        <line num="18" count="0" type="stmt"/>
        <line num="21" count="0" type="cond" truecount="0" falsecount="2"/>
        <line num="22" count="0" type="stmt"/>
        <line num="23" count="0" type="stmt"/>
        <line num="27" count="0" type="cond" truecount="0" falsecount="7"/>
        <line num="28" count="0" type="stmt"/>
        <line num="29" count="0" type="cond" truecount="0" falsecount="4"/>
        <line num="33" count="0" type="cond" truecount="0" falsecount="2"/>
        <line num="34" count="0" type="cond" truecount="0" falsecount="5"/>
        <line num="35" count="0" type="stmt"/>
        <line num="36" count="0" type="stmt"/>
      </file>
    </package>
    <package name="src.common._lang">
      <metrics statements="0" coveredstatements="0" conditionals="0" coveredconditionals="0" methods="0" coveredmethods="0"/>
      <file name="en.js" path="C:\Users\Administrator\Desktop\vue-iclient\src\common\_lang\en.js">
        <metrics statements="0" coveredstatements="0" conditionals="0" coveredconditionals="0" methods="0" coveredmethods="0"/>
      </file>
      <file name="zh.js" path="C:\Users\Administrator\Desktop\vue-iclient\src\common\_lang\zh.js">
        <metrics statements="0" coveredstatements="0" conditionals="0" coveredconditionals="0" methods="0" coveredmethods="0"/>
      </file>
    </package>
    <package name="src.common._mixin">
      <metrics statements="301" coveredstatements="264" conditionals="208" coveredconditionals="151" methods="83" coveredmethods="67"/>
      <file name="AntdRender.ts" path="C:\Users\Administrator\Desktop\vue-iclient\src\common\_mixin\AntdRender.ts">
        <metrics statements="56" coveredstatements="56" conditionals="37" coveredconditionals="29" methods="14" coveredmethods="14"/>
        <line num="1" count="85" type="cond" truecount="2" falsecount="1"/>
        <line num="2" count="935" type="cond" truecount="3" falsecount="1"/>
        <line num="3" count="935" type="cond" truecount="3" falsecount="1"/>
        <line num="4" count="935" type="cond" truecount="6" falsecount="1"/>
        <line num="5" count="935" type="cond" truecount="2" falsecount="1"/>
        <line num="7" count="85" type="stmt"/>
        <line num="8" count="85" type="stmt"/>
        <line num="9" count="85" type="stmt"/>
        <line num="10" count="85" type="stmt"/>
        <line num="11" count="85" type="stmt"/>
        <line num="13" count="563" type="cond" truecount="2" falsecount="0"/>
        <line num="14" count="563" type="stmt"/>
        <line num="15" count="563" type="stmt"/>
        <line num="26" count="563" type="stmt"/>
        <line num="30" count="563" type="stmt"/>
        <line num="31" count="85" type="stmt"/>
        <line num="33" count="321" type="stmt"/>
        <line num="36" count="821" type="stmt"/>
        <line num="39" count="395" type="stmt"/>
        <line num="42" count="1172" type="stmt"/>
        <line num="45" count="514" type="stmt"/>
        <line num="48" count="299" type="stmt"/>
        <line num="49" count="85" type="stmt"/>
        <line num="51" count="1753" type="cond" truecount="1" falsecount="1"/>
        <line num="52" count="1753" type="cond" truecount="1" falsecount="0"/>
        <line num="53" count="21" type="stmt"/>
        <line num="55" count="1732" type="cond" truecount="2" falsecount="0"/>
        <line num="56" count="85" type="stmt"/>
        <line num="58" count="243" type="cond" truecount="2" falsecount="0"/>
        <line num="59" count="243" type="stmt"/>
        <line num="60" count="85" type="stmt"/>
        <line num="62" count="1535" type="stmt"/>
        <line num="63" count="1535" type="stmt"/>
        <line num="64" count="85" type="stmt"/>
        <line num="66" count="1530" type="cond" truecount="2" falsecount="0"/>
        <line num="67" count="1530" type="stmt"/>
        <line num="68" count="634" type="cond" truecount="1" falsecount="0"/>
        <line num="69" count="151" type="stmt"/>
        <line num="74" count="1530" type="stmt"/>
        <line num="75" count="85" type="stmt"/>
        <line num="77" count="1244" type="stmt"/>
        <line num="78" count="1244" type="stmt"/>
        <line num="86" count="85" type="stmt"/>
        <line num="88" count="85" type="stmt"/>
        <line num="91" count="85" type="stmt"/>
        <line num="94" count="85" type="stmt"/>
        <line num="97" count="85" type="stmt"/>
        <line num="100" count="85" type="stmt"/>
        <line num="103" count="85" type="stmt"/>
        <line num="106" count="85" type="stmt"/>
        <line num="109" count="85" type="stmt"/>
        <line num="112" count="85" type="stmt"/>
        <line num="115" count="85" type="stmt"/>
        <line num="118" count="85" type="stmt"/>
        <line num="121" count="85" type="stmt"/>
        <line num="122" count="85" type="stmt"/>
      </file>
      <file name="Card.ts" path="C:\Users\Administrator\Desktop\vue-iclient\src\common\_mixin\Card.ts">
        <metrics statements="19" coveredstatements="19" conditionals="23" coveredconditionals="18" methods="3" coveredmethods="3"/>
        <line num="1" count="17" type="cond" truecount="2" falsecount="1"/>
        <line num="2" count="119" type="cond" truecount="3" falsecount="1"/>
        <line num="3" count="119" type="cond" truecount="3" falsecount="1"/>
        <line num="4" count="119" type="cond" truecount="6" falsecount="1"/>
        <line num="5" count="119" type="cond" truecount="2" falsecount="1"/>
        <line num="7" count="17" type="stmt"/>
        <line num="8" count="17" type="stmt"/>
        <line num="9" count="17" type="stmt"/>
        <line num="10" count="133" type="cond" truecount="2" falsecount="0"/>
        <line num="12" count="17" type="stmt"/>
        <line num="16" count="102" type="stmt"/>
        <line num="20" count="17" type="stmt"/>
        <line num="23" count="17" type="stmt"/>
        <line num="26" count="17" type="stmt"/>
        <line num="29" count="17" type="stmt"/>
        <line num="32" count="17" type="stmt"/>
        <line num="35" count="17" type="stmt"/>
        <line num="40" count="17" type="stmt"/>
        <line num="41" count="17" type="stmt"/>
      </file>
      <file name="Theme.ts" path="C:\Users\Administrator\Desktop\vue-iclient\src\common\_mixin\Theme.ts">
        <metrics statements="110" coveredstatements="100" conditionals="57" coveredconditionals="45" methods="37" coveredmethods="32"/>
        <line num="1" count="96" type="cond" truecount="2" falsecount="1"/>
        <line num="2" count="480" type="cond" truecount="4" falsecount="0"/>
        <line num="3" count="480" type="cond" truecount="3" falsecount="1"/>
        <line num="4" count="480" type="cond" truecount="6" falsecount="1"/>
        <line num="5" count="480" type="cond" truecount="3" falsecount="0"/>
        <line num="8" count="96" type="stmt"/>
        <line num="9" count="96" type="stmt"/>
        <line num="10" count="96" type="stmt"/>
        <line num="11" count="96" type="stmt"/>
        <line num="12" count="96" type="stmt"/>
        <line num="13" count="96" type="stmt"/>
        <line num="15" count="964" type="cond" truecount="2" falsecount="0"/>
        <line num="16" count="964" type="stmt"/>
        <line num="17" count="964" type="stmt"/>
        <line num="18" count="964" type="stmt"/>
        <line num="19" count="964" type="stmt"/>
        <line num="20" count="964" type="stmt"/>
        <line num="21" count="964" type="stmt"/>
        <line num="22" count="964" type="stmt"/>
        <line num="23" count="964" type="stmt"/>
        <line num="24" count="96" type="stmt"/>
        <line num="26" count="66" type="stmt"/>
        <line num="31" count="119" type="stmt"/>
        <line num="36" count="0" type="stmt"/>
        <line num="41" count="232" type="stmt"/>
        <line num="46" count="11" type="stmt"/>
        <line num="51" count="112" type="stmt"/>
        <line num="56" count="260" type="stmt"/>
        <line num="61" count="266" type="stmt"/>
        <line num="66" count="28" type="stmt"/>
        <line num="71" count="0" type="stmt"/>
        <line num="76" count="74" type="stmt"/>
        <line num="79" count="22" type="stmt"/>
        <line num="82" count="5" type="stmt"/>
        <line num="83" count="12" type="stmt"/>
        <line num="89" count="41" type="stmt"/>
        <line num="90" count="56" type="stmt"/>
        <line num="92" count="96" type="stmt"/>
        <line num="94" count="0" type="stmt"/>
        <line num="95" count="96" type="stmt"/>
        <line num="97" count="964" type="stmt"/>
        <line num="98" count="964" type="stmt"/>
        <line num="99" count="96" type="stmt"/>
        <line num="101" count="964" type="stmt"/>
        <line num="102" count="96" type="stmt"/>
        <line num="104" count="944" type="stmt"/>
        <line num="105" count="96" type="stmt"/>
        <line num="107" count="7" type="stmt"/>
        <line num="108" count="7" type="cond" truecount="1" falsecount="0"/>
        <line num="109" count="6" type="stmt"/>
        <line num="112" count="7" type="stmt"/>
        <line num="113" count="96" type="stmt"/>
        <line num="115" count="964" type="stmt"/>
        <line num="116" count="964" type="stmt"/>
        <line num="117" count="96" type="stmt"/>
        <line num="118" count="7" type="stmt"/>
        <line num="119" count="7" type="stmt"/>
        <line num="120" count="0" type="cond" truecount="0" falsecount="2"/>
        <line num="121" count="0" type="cond" truecount="0" falsecount="2"/>
        <line num="124" count="0" type="stmt"/>
        <line num="127" count="96" type="stmt"/>
        <line num="128" count="964" type="stmt"/>
        <line num="129" count="964" type="stmt"/>
        <line num="130" count="964" type="stmt"/>
        <line num="131" count="964" type="stmt"/>
        <line num="132" count="2892" type="stmt"/>
        <line num="133" count="0" type="stmt"/>
        <line num="134" count="0" type="cond" truecount="0" falsecount="2"/>
        <line num="135" count="0" type="cond" truecount="0" falsecount="1"/>
        <line num="136" count="0" type="stmt"/>
        <line num="140" count="96" type="stmt"/>
        <line num="141" count="971" type="stmt"/>
        <line num="142" count="971" type="cond" truecount="2" falsecount="1"/>
        <line num="143" count="971" type="stmt"/>
        <line num="144" count="971" type="stmt"/>
        <line num="145" count="2913" type="cond" truecount="1" falsecount="0"/>
        <line num="146" count="2912" type="stmt"/>
        <line num="147" count="2912" type="cond" truecount="2" falsecount="0"/>
        <line num="148" count="2912" type="cond" truecount="2" falsecount="0"/>
        <line num="151" count="96" type="stmt"/>
        <line num="153" count="970" type="cond" truecount="2" falsecount="0"/>
        <line num="154" count="970" type="cond" truecount="2" falsecount="0"/>
        <line num="155" count="970" type="cond" truecount="2" falsecount="0"/>
        <line num="156" count="970" type="cond" truecount="2" falsecount="0"/>
        <line num="157" count="96" type="stmt"/>
        <line num="160" count="1935" type="stmt"/>
        <line num="161" count="96" type="stmt"/>
        <line num="163" count="6767" type="cond" truecount="2" falsecount="1"/>
        <line num="164" count="6767" type="cond" truecount="4" falsecount="0"/>
        <line num="165" count="1925" type="stmt"/>
        <line num="167" count="4842" type="stmt"/>
        <line num="168" count="4842" type="stmt"/>
        <line num="169" count="4842" type="stmt"/>
        <line num="170" count="4842" type="stmt"/>
        <line num="171" count="4842" type="stmt"/>
        <line num="172" count="96" type="stmt"/>
        <line num="174" count="2912" type="cond" truecount="3" falsecount="0"/>
        <line num="176" count="971" type="stmt"/>
        <line num="178" count="971" type="stmt"/>
        <line num="180" count="970" type="stmt"/>
        <line num="182" count="96" type="stmt"/>
        <line num="184" count="2" type="stmt"/>
        <line num="185" count="96" type="stmt"/>
        <line num="187" count="96" type="stmt"/>
        <line num="190" count="96" type="stmt"/>
        <line num="193" count="96" type="stmt"/>
        <line num="196" count="96" type="stmt"/>
        <line num="199" count="96" type="stmt"/>
        <line num="204" count="96" type="stmt"/>
        <line num="205" count="96" type="stmt"/>
      </file>
      <file name="ThirdService.ts" path="C:\Users\Administrator\Desktop\vue-iclient\src\common\_mixin\ThirdService.ts">
        <metrics statements="45" coveredstatements="33" conditionals="32" coveredconditionals="21" methods="9" coveredmethods="5"/>
        <line num="1" count="3" type="cond" truecount="2" falsecount="1"/>
        <line num="2" count="21" type="cond" truecount="4" falsecount="0"/>
        <line num="3" count="21" type="cond" truecount="3" falsecount="1"/>
        <line num="4" count="21" type="cond" truecount="6" falsecount="1"/>
        <line num="5" count="21" type="cond" truecount="3" falsecount="0"/>
        <line num="7" count="3" type="stmt"/>
        <line num="8" count="3" type="stmt"/>
        <line num="9" count="3" type="stmt"/>
        <line num="10" count="3" type="stmt"/>
        <line num="12" count="13" type="cond" truecount="2" falsecount="0"/>
        <line num="13" count="13" type="stmt"/>
        <line num="14" count="13" type="stmt"/>
        <line num="15" count="3" type="stmt"/>
        <line num="17" count="13" type="cond" truecount="0" falsecount="1"/>
        <line num="18" count="0" type="stmt"/>
        <line num="20" count="3" type="stmt"/>
        <line num="22" count="0" type="cond" truecount="0" falsecount="1"/>
        <line num="23" count="0" type="stmt"/>
        <line num="25" count="3" type="stmt"/>
        <line num="27" count="0" type="cond" truecount="0" falsecount="2"/>
        <line num="28" count="0" type="cond" truecount="0" falsecount="1"/>
        <line num="29" count="0" type="stmt"/>
        <line num="31" count="3" type="stmt"/>
        <line num="33" count="1" type="cond" truecount="1" falsecount="0"/>
        <line num="34" count="1" type="stmt"/>
        <line num="35" count="1" type="stmt"/>
        <line num="37" count="1" type="stmt"/>
        <line num="38" count="3" type="stmt"/>
        <line num="39" count="0" type="stmt"/>
        <line num="40" count="0" type="stmt"/>
        <line num="41" count="0" type="stmt"/>
        <line num="42" count="3" type="stmt"/>
        <line num="44" count="0" type="cond" truecount="0" falsecount="3"/>
        <line num="45" count="0" type="stmt"/>
        <line num="47" count="0" type="stmt"/>
        <line num="49" count="3" type="stmt"/>
        <line num="51" count="3" type="stmt"/>
        <line num="54" count="3" type="stmt"/>
        <line num="57" count="3" type="stmt"/>
        <line num="60" count="3" type="stmt"/>
        <line num="63" count="3" type="stmt"/>
        <line num="66" count="3" type="stmt"/>
        <line num="69" count="3" type="stmt"/>
        <line num="72" count="3" type="stmt"/>
        <line num="73" count="3" type="stmt"/>
      </file>
      <file name="Timer.ts" path="C:\Users\Administrator\Desktop\vue-iclient\src\common\_mixin\Timer.ts">
        <metrics statements="44" coveredstatements="32" conditionals="31" coveredconditionals="22" methods="13" coveredmethods="7"/>
        <line num="1" count="8" type="cond" truecount="2" falsecount="1"/>
        <line num="2" count="40" type="cond" truecount="4" falsecount="0"/>
        <line num="3" count="40" type="cond" truecount="3" falsecount="1"/>
        <line num="4" count="40" type="cond" truecount="6" falsecount="1"/>
        <line num="5" count="40" type="cond" truecount="3" falsecount="0"/>
        <line num="7" count="8" type="stmt"/>
        <line num="8" count="8" type="stmt"/>
        <line num="9" count="8" type="stmt"/>
        <line num="11" count="58" type="cond" truecount="2" falsecount="0"/>
        <line num="12" count="58" type="stmt"/>
        <line num="13" count="8" type="stmt"/>
        <line num="15" count="58" type="cond" truecount="1" falsecount="1"/>
        <line num="16" count="0" type="stmt"/>
        <line num="19" count="58" type="stmt"/>
        <line num="21" count="8" type="stmt"/>
        <line num="23" count="0" type="cond" truecount="0" falsecount="1"/>
        <line num="24" count="0" type="stmt"/>
        <line num="26" count="8" type="stmt"/>
        <line num="27" count="0" type="stmt"/>
        <line num="28" count="0" type="cond" truecount="0" falsecount="2"/>
        <line num="29" count="0" type="stmt"/>
        <line num="30" count="0" type="stmt"/>
        <line num="31" count="0" type="stmt"/>
        <line num="33" count="8" type="stmt"/>
        <line num="35" count="58" type="cond" truecount="0" falsecount="1"/>
        <line num="36" count="0" type="stmt"/>
        <line num="37" count="0" type="stmt"/>
        <line num="39" count="58" type="stmt"/>
        <line num="40" count="8" type="stmt"/>
        <line num="41" count="8" type="stmt"/>
        <line num="42" count="8" type="stmt"/>
        <line num="43" count="8" type="stmt"/>
        <line num="45" count="0" type="stmt"/>
        <line num="46" count="0" type="stmt"/>
        <line num="47" count="8" type="stmt"/>
        <line num="49" count="53" type="cond" truecount="1" falsecount="1"/>
        <line num="50" count="8" type="stmt"/>
        <line num="52" count="8" type="stmt"/>
        <line num="55" count="8" type="stmt"/>
        <line num="58" count="8" type="stmt"/>
        <line num="61" count="8" type="stmt"/>
        <line num="64" count="8" type="stmt"/>
        <line num="67" count="8" type="stmt"/>
        <line num="68" count="8" type="stmt"/>
      </file>
      <file name="VmUpdater.ts" path="C:\Users\Administrator\Desktop\vue-iclient\src\common\_mixin\VmUpdater.ts">
        <metrics statements="27" coveredstatements="24" conditionals="28" coveredconditionals="16" methods="7" coveredmethods="6"/>
        <line num="1" count="44" type="cond" truecount="2" falsecount="1"/>
        <line num="2" count="44" type="cond" truecount="1" falsecount="3"/>
        <line num="3" count="44" type="cond" truecount="3" falsecount="1"/>
        <line num="4" count="44" type="cond" truecount="3" falsecount="4"/>
        <line num="5" count="44" type="cond" truecount="1" falsecount="2"/>
        <line num="7" count="44" type="stmt"/>
        <line num="8" count="44" type="stmt"/>
        <line num="9" count="44" type="stmt"/>
        <line num="10" count="235" type="cond" truecount="2" falsecount="0"/>
        <line num="13" count="147" type="cond" truecount="1" falsecount="0"/>
        <line num="14" count="141" type="stmt"/>
        <line num="17" count="44" type="stmt"/>
        <line num="19" count="0" type="stmt"/>
        <line num="21" count="44" type="stmt"/>
        <line num="22" count="141" type="stmt"/>
        <line num="26" count="141" type="stmt"/>
        <line num="27" count="1684" type="stmt"/>
        <line num="28" count="84" type="cond" truecount="1" falsecount="0"/>
        <line num="29" count="56" type="cond" truecount="0" falsecount="1"/>
        <line num="30" count="0" type="stmt"/>
        <line num="31" count="0" type="stmt"/>
        <line num="33" count="56" type="stmt"/>
        <line num="35" count="56" type="cond" truecount="2" falsecount="0"/>
        <line num="39" count="44" type="stmt"/>
        <line num="41" count="44" type="stmt"/>
        <line num="44" count="44" type="stmt"/>
        <line num="45" count="44" type="stmt"/>
      </file>
    </package>
    <package name="src.common._types">
      <metrics statements="45" coveredstatements="36" conditionals="31" coveredconditionals="22" methods="11" coveredmethods="9"/>
      <file name="AddressMatchParameter.js" path="C:\Users\Administrator\Desktop\vue-iclient\src\common\_types\AddressMatchParameter.js">
        <metrics statements="3" coveredstatements="3" conditionals="2" coveredconditionals="2" methods="1" coveredmethods="1"/>
        <line num="5" count="3" type="stmt"/>
        <line num="6" count="3" type="cond" truecount="2" falsecount="0"/>
        <line num="7" count="3" type="stmt"/>
      </file>
      <file name="GeoJSONParamter.ts" path="C:\Users\Administrator\Desktop\vue-iclient\src\common\_types\GeoJSONParamter.ts">
        <metrics statements="5" coveredstatements="2" conditionals="3" coveredconditionals="0" methods="1" coveredmethods="0"/>
        <line num="2" count="1" type="cond" truecount="0" falsecount="1"/>
        <line num="3" count="0" type="stmt"/>
        <line num="4" count="0" type="cond" truecount="0" falsecount="2"/>
        <line num="5" count="0" type="stmt"/>
        <line num="8" count="1" type="stmt"/>
      </file>
      <file name="RestDataParameter.js" path="C:\Users\Administrator\Desktop\vue-iclient\src\common\_types\RestDataParameter.js">
        <metrics statements="1" coveredstatements="1" conditionals="0" coveredconditionals="0" methods="1" coveredmethods="1"/>
        <line num="6" count="8" type="stmt"/>
      </file>
      <file name="RestMapParameter.js" path="C:\Users\Administrator\Desktop\vue-iclient\src\common\_types\RestMapParameter.js">
        <metrics statements="1" coveredstatements="1" conditionals="0" coveredconditionals="0" methods="1" coveredmethods="1"/>
        <line num="6" count="7" type="stmt"/>
      </file>
      <file name="RestParameter.js" path="C:\Users\Administrator\Desktop\vue-iclient\src\common\_types\RestParameter.js">
        <metrics statements="6" coveredstatements="0" conditionals="6" coveredconditionals="0" methods="1" coveredmethods="0"/>
        <line num="5" count="0" type="stmt"/>
        <line num="6" count="0" type="stmt"/>
        <line num="7" count="0" type="cond" truecount="0" falsecount="2"/>
        <line num="8" count="0" type="cond" truecount="0" falsecount="2"/>
        <line num="9" count="0" type="cond" truecount="0" falsecount="2"/>
        <line num="10" count="0" type="stmt"/>
      </file>
      <file name="iPortalDataParameter.js" path="C:\Users\Administrator\Desktop\vue-iclient\src\common\_types\iPortalDataParameter.js">
        <metrics statements="6" coveredstatements="6" conditionals="8" coveredconditionals="8" methods="1" coveredmethods="1"/>
        <line num="5" count="9" type="stmt"/>
        <line num="6" count="9" type="stmt"/>
        <line num="7" count="9" type="cond" truecount="2" falsecount="0"/>
        <line num="8" count="9" type="cond" truecount="2" falsecount="0"/>
        <line num="9" count="9" type="cond" truecount="2" falsecount="0"/>
        <line num="10" count="9" type="cond" truecount="2" falsecount="0"/>
      </file>
      <file name="iServerBaseParameter.ts" path="C:\Users\Administrator\Desktop\vue-iclient\src\common\_types\iServerBaseParameter.ts">
        <metrics statements="7" coveredstatements="7" conditionals="4" coveredconditionals="4" methods="1" coveredmethods="1"/>
        <line num="2" count="3" type="stmt"/>
        <line num="3" count="15" type="stmt"/>
        <line num="4" count="15" type="stmt"/>
        <line num="5" count="15" type="cond" truecount="2" falsecount="0"/>
        <line num="6" count="15" type="cond" truecount="2" falsecount="0"/>
        <line num="7" count="15" type="stmt"/>
        <line num="10" count="3" type="stmt"/>
      </file>
      <file name="iServerDataParameter.ts" path="C:\Users\Administrator\Desktop\vue-iclient\src\common\_types\iServerDataParameter.ts">
        <metrics statements="8" coveredstatements="8" conditionals="4" coveredconditionals="4" methods="2" coveredmethods="2"/>
        <line num="1" count="3" type="stmt"/>
        <line num="2" count="3" type="stmt"/>
        <line num="3" count="3" type="stmt"/>
        <line num="5" count="8" type="cond" truecount="2" falsecount="0"/>
        <line num="6" count="8" type="stmt"/>
        <line num="7" count="8" type="cond" truecount="2" falsecount="0"/>
        <line num="8" count="3" type="stmt"/>
        <line num="10" count="3" type="stmt"/>
      </file>
      <file name="iServerMapParameter.ts" path="C:\Users\Administrator\Desktop\vue-iclient\src\common\_types\iServerMapParameter.ts">
        <metrics statements="8" coveredstatements="8" conditionals="4" coveredconditionals="4" methods="2" coveredmethods="2"/>
        <line num="1" count="3" type="stmt"/>
        <line num="2" count="3" type="stmt"/>
        <line num="3" count="3" type="stmt"/>
        <line num="5" count="7" type="cond" truecount="2" falsecount="0"/>
        <line num="6" count="7" type="stmt"/>
        <line num="7" count="7" type="cond" truecount="2" falsecount="0"/>
        <line num="8" count="3" type="stmt"/>
        <line num="10" count="3" type="stmt"/>
      </file>
    </package>
    <package name="src.common._types.event">
      <metrics statements="315" coveredstatements="126" conditionals="247" coveredconditionals="65" methods="48" coveredmethods="23"/>
      <file name="BaseTypes.js" path="C:\Users\Administrator\Desktop\vue-iclient\src\common\_types\event\BaseTypes.js">
        <metrics statements="7" coveredstatements="7" conditionals="2" coveredconditionals="2" methods="4" coveredmethods="4"/>
        <line num="5" count="58" type="stmt"/>
        <line num="8" count="1" type="stmt"/>
        <line num="9" count="1" type="stmt"/>
        <line num="12" count="1" type="stmt"/>
        <line num="15" count="1" type="stmt"/>
        <line num="20" count="1" type="stmt"/>
        <line num="21" count="1" type="cond" truecount="2" falsecount="0"/>
      </file>
      <file name="Event.js" path="C:\Users\Administrator\Desktop\vue-iclient\src\common\_types\event\Event.js">
        <metrics statements="77" coveredstatements="21" conditionals="77" coveredconditionals="12" methods="12" coveredmethods="2"/>
        <line num="7" count="57" type="stmt"/>
        <line num="91" count="0" type="cond" truecount="0" falsecount="2"/>
        <line num="100" count="0" type="cond" truecount="0" falsecount="2"/>
        <line num="109" count="0" type="cond" truecount="0" falsecount="2"/>
        <line num="118" count="0" type="cond" truecount="0" falsecount="4"/>
        <line num="127" count="0" type="cond" truecount="0" falsecount="4"/>
        <line num="135" count="227" type="cond" truecount="1" falsecount="1"/>
        <line num="136" count="0" type="cond" truecount="0" falsecount="2"/>
        <line num="137" count="0" type="stmt"/>
        <line num="139" count="0" type="stmt"/>
        <line num="143" count="227" type="cond" truecount="1" falsecount="1"/>
        <line num="144" count="0" type="stmt"/>
        <line num="146" count="227" type="stmt"/>
        <line num="155" count="0" type="stmt"/>
        <line num="156" count="0" type="cond" truecount="0" falsecount="3"/>
        <line num="157" count="0" type="stmt"/>
        <line num="159" count="0" type="stmt"/>
        <line num="170" count="57" type="stmt"/>
        <line num="171" count="57" type="cond" truecount="2" falsecount="0"/>
        <line num="173" count="57" type="cond" truecount="2" falsecount="3"/>
        <line num="174" count="0" type="stmt"/>
        <line num="177" count="57" type="cond" truecount="1" falsecount="1"/>
        <line num="178" count="57" type="stmt"/>
        <line num="181" count="57" type="cond" truecount="1" falsecount="1"/>
        <line num="182" count="57" type="stmt"/>
        <line num="183" count="57" type="cond" truecount="1" falsecount="1"/>
        <line num="184" count="0" type="stmt"/>
        <line num="186" count="57" type="stmt"/>
        <line num="189" count="57" type="stmt"/>
        <line num="191" count="57" type="cond" truecount="1" falsecount="1"/>
        <line num="192" count="57" type="stmt"/>
        <line num="195" count="57" type="stmt"/>
        <line num="202" count="57" type="cond" truecount="1" falsecount="1"/>
        <line num="203" count="57" type="cond" truecount="1" falsecount="1"/>
        <line num="205" count="0" type="stmt"/>
        <line num="207" count="57" type="stmt"/>
        <line num="209" count="0" type="cond" truecount="0" falsecount="2"/>
        <line num="210" count="0" type="stmt"/>
        <line num="222" count="0" type="stmt"/>
        <line num="223" count="0" type="stmt"/>
        <line num="225" count="0" type="stmt"/>
        <line num="234" count="0" type="cond" truecount="0" falsecount="2"/>
        <line num="235" count="0" type="stmt"/>
        <line num="236" count="0" type="stmt"/>
        <line num="237" count="0" type="stmt"/>
        <line num="238" count="0" type="stmt"/>
        <line num="253" count="0" type="cond" truecount="0" falsecount="2"/>
        <line num="255" count="0" type="stmt"/>
        <line num="256" count="0" type="stmt"/>
        <line num="258" count="0" type="cond" truecount="0" falsecount="2"/>
        <line num="259" count="0" type="cond" truecount="0" falsecount="4"/>
        <line num="260" count="0" type="stmt"/>
        <line num="265" count="0" type="stmt"/>
        <line num="266" count="0" type="stmt"/>
        <line num="267" count="0" type="cond" truecount="0" falsecount="2"/>
        <line num="269" count="0" type="stmt"/>
        <line num="270" count="0" type="cond" truecount="0" falsecount="2"/>
        <line num="271" count="0" type="stmt"/>
        <line num="273" count="0" type="cond" truecount="0" falsecount="5"/>
        <line num="274" count="0" type="stmt"/>
        <line num="275" count="0" type="cond" truecount="0" falsecount="2"/>
        <line num="276" count="0" type="stmt"/>
        <line num="278" count="0" type="stmt"/>
        <line num="279" count="0" type="stmt"/>
        <line num="281" count="0" type="stmt"/>
        <line num="286" count="0" type="cond" truecount="0" falsecount="2"/>
        <line num="287" count="0" type="cond" truecount="0" falsecount="2"/>
        <line num="288" count="0" type="stmt"/>
        <line num="289" count="0" type="cond" truecount="0" falsecount="4"/>
        <line num="290" count="0" type="stmt"/>
        <line num="293" count="0" type="stmt"/>
        <line num="302" count="0" type="cond" truecount="0" falsecount="4"/>
        <line num="303" count="0" type="stmt"/>
        <line num="304" count="0" type="stmt"/>
        <line num="305" count="0" type="stmt"/>
        <line num="307" count="0" type="stmt"/>
        <line num="315" count="57" type="stmt"/>
      </file>
      <file name="Events.js" path="C:\Users\Administrator\Desktop\vue-iclient\src\common\_types\event\Events.js">
        <metrics statements="133" coveredstatements="49" conditionals="95" coveredconditionals="26" methods="14" coveredmethods="5"/>
        <line num="32" count="451" type="stmt"/>
        <line num="43" count="451" type="stmt"/>
        <line num="45" count="451" type="stmt"/>
        <line num="47" count="451" type="stmt"/>
        <line num="49" count="451" type="stmt"/>
        <line num="51" count="451" type="stmt"/>
        <line num="53" count="451" type="stmt"/>
        <line num="55" count="451" type="stmt"/>
        <line num="56" count="451" type="stmt"/>
        <line num="58" count="451" type="stmt"/>
        <line num="60" count="451" type="stmt"/>
        <line num="62" count="451" type="stmt"/>
        <line num="64" count="451" type="cond" truecount="1" falsecount="1"/>
        <line num="65" count="0" type="stmt"/>
        <line num="66" count="0" type="stmt"/>
        <line num="70" count="451" type="cond" truecount="1" falsecount="1"/>
        <line num="71" count="0" type="stmt"/>
        <line num="74" count="451" type="stmt"/>
        <line num="82" count="0" type="stmt"/>
        <line num="83" count="0" type="cond" truecount="0" falsecount="2"/>
        <line num="84" count="0" type="stmt"/>
        <line num="87" count="0" type="stmt"/>
        <line num="88" count="0" type="cond" truecount="0" falsecount="2"/>
        <line num="89" count="0" type="stmt"/>
        <line num="90" count="0" type="cond" truecount="0" falsecount="2"/>
        <line num="91" count="0" type="stmt"/>
        <line num="96" count="0" type="stmt"/>
        <line num="98" count="0" type="stmt"/>
        <line num="99" count="0" type="stmt"/>
        <line num="100" count="0" type="stmt"/>
        <line num="101" count="0" type="stmt"/>
        <line num="102" count="0" type="stmt"/>
        <line num="111" count="0" type="cond" truecount="0" falsecount="2"/>
        <line num="112" count="0" type="stmt"/>
        <line num="113" count="0" type="stmt"/>
        <line num="123" count="0" type="cond" truecount="0" falsecount="2"/>
        <line num="124" count="0" type="stmt"/>
        <line num="128" count="0" type="stmt"/>
        <line num="133" count="0" type="stmt"/>
        <line num="137" count="0" type="stmt"/>
        <line num="138" count="0" type="stmt"/>
        <line num="139" count="0" type="stmt"/>
        <line num="143" count="0" type="stmt"/>
        <line num="146" count="0" type="stmt"/>
        <line num="149" count="0" type="stmt"/>
        <line num="153" count="206" type="stmt"/>
        <line num="154" count="633" type="cond" truecount="3" falsecount="1"/>
        <line num="155" count="633" type="stmt"/>
        <line num="161" count="633" type="cond" truecount="2" falsecount="2"/>
        <line num="162" count="0" type="stmt"/>
        <line num="164" count="633" type="cond" truecount="3" falsecount="1"/>
        <line num="165" count="633" type="cond" truecount="1" falsecount="1"/>
        <line num="166" count="633" type="stmt"/>
        <line num="168" count="633" type="stmt"/>
        <line num="169" count="633" type="cond" truecount="2" falsecount="0"/>
        <line num="170" count="632" type="stmt"/>
        <line num="171" count="632" type="stmt"/>
        <line num="172" count="632" type="stmt"/>
        <line num="174" count="633" type="stmt"/>
        <line num="175" count="633" type="cond" truecount="1" falsecount="1"/>
        <line num="176" count="0" type="stmt"/>
        <line num="177" count="0" type="cond" truecount="0" falsecount="4"/>
        <line num="178" count="0" type="stmt"/>
        <line num="181" count="633" type="stmt"/>
        <line num="187" count="0" type="stmt"/>
        <line num="191" count="0" type="stmt"/>
        <line num="192" count="0" type="cond" truecount="0" falsecount="4"/>
        <line num="193" count="0" type="stmt"/>
        <line num="199" count="0" type="cond" truecount="0" falsecount="2"/>
        <line num="200" count="0" type="stmt"/>
        <line num="202" count="0" type="stmt"/>
        <line num="203" count="0" type="cond" truecount="0" falsecount="2"/>
        <line num="204" count="0" type="stmt"/>
        <line num="205" count="0" type="cond" truecount="0" falsecount="4"/>
        <line num="206" count="0" type="stmt"/>
        <line num="207" count="0" type="stmt"/>
        <line num="219" count="1" type="cond" truecount="1" falsecount="1"/>
        <line num="220" count="1" type="stmt"/>
        <line num="225" count="413" type="stmt"/>
        <line num="228" count="413" type="cond" truecount="4" falsecount="0"/>
        <line num="229" count="185" type="stmt"/>
        <line num="233" count="228" type="cond" truecount="1" falsecount="1"/>
        <line num="234" count="0" type="stmt"/>
        <line num="236" count="228" type="stmt"/>
        <line num="237" count="228" type="stmt"/>
        <line num="238" count="228" type="cond" truecount="2" falsecount="0"/>
        <line num="239" count="183" type="stmt"/>
        <line num="245" count="228" type="stmt"/>
        <line num="247" count="228" type="stmt"/>
        <line num="248" count="228" type="stmt"/>
        <line num="250" count="228" type="stmt"/>
        <line num="252" count="227" type="cond" truecount="3" falsecount="1"/>
        <line num="254" count="0" type="stmt"/>
        <line num="258" count="227" type="cond" truecount="1" falsecount="1"/>
        <line num="259" count="227" type="stmt"/>
        <line num="261" count="227" type="stmt"/>
        <line num="265" count="0" type="stmt"/>
        <line num="266" count="0" type="stmt"/>
        <line num="267" count="0" type="cond" truecount="0" falsecount="4"/>
        <line num="269" count="0" type="stmt"/>
        <line num="272" count="0" type="stmt"/>
        <line num="273" count="0" type="cond" truecount="0" falsecount="4"/>
        <line num="274" count="0" type="stmt"/>
        <line num="275" count="0" type="stmt"/>
        <line num="276" count="0" type="stmt"/>
        <line num="278" count="0" type="stmt"/>
        <line num="279" count="0" type="stmt"/>
        <line num="280" count="0" type="stmt"/>
        <line num="281" count="0" type="stmt"/>
        <line num="283" count="0" type="stmt"/>
        <line num="284" count="0" type="stmt"/>
        <line num="286" count="0" type="cond" truecount="0" falsecount="2"/>
        <line num="287" count="0" type="stmt"/>
        <line num="289" count="0" type="stmt"/>
        <line num="297" count="0" type="stmt"/>
        <line num="298" count="0" type="stmt"/>
        <line num="299" count="0" type="stmt"/>
        <line num="300" count="0" type="cond" truecount="0" falsecount="7"/>
        <line num="302" count="0" type="stmt"/>
        <line num="311" count="0" type="cond" truecount="0" falsecount="2"/>
        <line num="312" count="0" type="stmt"/>
        <line num="313" count="0" type="cond" truecount="0" falsecount="2"/>
        <line num="314" count="0" type="stmt"/>
        <line num="315" count="0" type="stmt"/>
        <line num="318" count="0" type="cond" truecount="0" falsecount="2"/>
        <line num="319" count="0" type="stmt"/>
        <line num="320" count="0" type="stmt"/>
        <line num="326" count="0" type="cond" truecount="0" falsecount="2"/>
        <line num="327" count="0" type="stmt"/>
        <line num="333" count="0" type="cond" truecount="0" falsecount="2"/>
        <line num="334" count="0" type="stmt"/>
        <line num="337" count="0" type="stmt"/>
        <line num="344" count="57" type="stmt"/>
      </file>
      <file name="Pixel.js" path="C:\Users\Administrator\Desktop\vue-iclient\src\common\_types\event\Pixel.js">
        <metrics statements="22" coveredstatements="22" conditionals="18" coveredconditionals="18" methods="8" coveredmethods="8"/>
        <line num="27" count="10" type="cond" truecount="2" falsecount="0"/>
        <line num="33" count="10" type="cond" truecount="2" falsecount="0"/>
        <line num="40" count="10" type="stmt"/>
        <line num="41" count="10" type="stmt"/>
        <line num="49" count="10" type="stmt"/>
        <line num="72" count="2" type="stmt"/>
        <line num="84" count="3" type="stmt"/>
        <line num="99" count="3" type="stmt"/>
        <line num="100" count="3" type="cond" truecount="2" falsecount="0"/>
        <line num="101" count="2" type="cond" truecount="6" falsecount="0"/>
        <line num="104" count="3" type="stmt"/>
        <line num="119" count="1" type="stmt"/>
        <line num="138" count="3" type="cond" truecount="4" falsecount="0"/>
        <line num="139" count="1" type="stmt"/>
        <line num="141" count="2" type="stmt"/>
        <line num="157" count="2" type="stmt"/>
        <line num="158" count="2" type="cond" truecount="2" falsecount="0"/>
        <line num="159" count="1" type="stmt"/>
        <line num="161" count="2" type="stmt"/>
        <line num="173" count="1" type="stmt"/>
        <line num="174" count="1" type="stmt"/>
        <line num="175" count="1" type="stmt"/>
      </file>
      <file name="Util.js" path="C:\Users\Administrator\Desktop\vue-iclient\src\common\_types\event\Util.js">
        <metrics statements="76" coveredstatements="27" conditionals="55" coveredconditionals="7" methods="10" coveredmethods="4"/>
        <line num="5" count="57" type="stmt"/>
        <line num="13" count="57" type="stmt"/>
        <line num="14" count="451" type="cond" truecount="1" falsecount="1"/>
        <line num="15" count="451" type="cond" truecount="1" falsecount="1"/>
        <line num="16" count="0" type="stmt"/>
        <line num="17" count="0" type="stmt"/>
        <line num="18" count="0" type="cond" truecount="0" falsecount="2"/>
        <line num="19" count="0" type="stmt"/>
        <line num="22" count="0" type="cond" truecount="0" falsecount="2"/>
        <line num="24" count="0" type="cond" truecount="0" falsecount="5"/>
        <line num="25" count="0" type="stmt"/>
        <line num="28" count="451" type="stmt"/>
        <line num="35" count="57" type="stmt"/>
        <line num="36" count="0" type="cond" truecount="0" falsecount="2"/>
        <line num="38" count="0" type="cond" truecount="0" falsecount="2"/>
        <line num="39" count="0" type="stmt"/>
        <line num="40" count="0" type="stmt"/>
        <line num="41" count="0" type="cond" truecount="0" falsecount="2"/>
        <line num="42" count="0" type="stmt"/>
        <line num="51" count="57" type="stmt"/>
        <line num="52" count="0" type="cond" truecount="0" falsecount="2"/>
        <line num="53" count="0" type="stmt"/>
        <line num="54" count="0" type="cond" truecount="0" falsecount="2"/>
        <line num="55" count="0" type="cond" truecount="0" falsecount="4"/>
        <line num="56" count="0" type="stmt"/>
        <line num="57" count="0" type="cond" truecount="0" falsecount="2"/>
        <line num="58" count="0" type="stmt"/>
        <line num="61" count="0" type="stmt"/>
        <line num="62" count="0" type="cond" truecount="0" falsecount="4"/>
        <line num="63" count="0" type="cond" truecount="0" falsecount="2"/>
        <line num="64" count="0" type="stmt"/>
        <line num="67" count="0" type="stmt"/>
        <line num="76" count="57" type="stmt"/>
        <line num="77" count="0" type="stmt"/>
        <line num="79" count="0" type="stmt"/>
        <line num="80" count="0" type="stmt"/>
        <line num="81" count="0" type="cond" truecount="0" falsecount="2"/>
        <line num="82" count="0" type="stmt"/>
        <line num="84" count="0" type="cond" truecount="0" falsecount="2"/>
        <line num="85" count="0" type="stmt"/>
        <line num="87" count="0" type="stmt"/>
        <line num="89" count="0" type="stmt"/>
        <line num="97" count="57" type="stmt"/>
        <line num="98" count="0" type="cond" truecount="0" falsecount="2"/>
        <line num="106" count="57" type="stmt"/>
        <line num="107" count="0" type="stmt"/>
        <line num="116" count="57" type="stmt"/>
        <line num="117" count="0" type="stmt"/>
        <line num="118" count="0" type="cond" truecount="0" falsecount="2"/>
        <line num="119" count="0" type="stmt"/>
        <line num="122" count="0" type="stmt"/>
        <line num="131" count="57" type="stmt"/>
        <line num="132" count="633" type="cond" truecount="1" falsecount="1"/>
        <line num="133" count="0" type="stmt"/>
        <line num="136" count="633" type="cond" truecount="1" falsecount="1"/>
        <line num="137" count="633" type="stmt"/>
        <line num="139" count="0" type="stmt"/>
        <line num="140" count="0" type="cond" truecount="0" falsecount="2"/>
        <line num="141" count="0" type="stmt"/>
        <line num="144" count="0" type="stmt"/>
        <line num="149" count="57" type="stmt"/>
        <line num="150" count="57" type="stmt"/>
        <line num="152" count="57" type="stmt"/>
        <line num="153" count="57" type="stmt"/>
        <line num="154" count="57" type="cond" truecount="1" falsecount="1"/>
        <line num="155" count="0" type="stmt"/>
        <line num="157" count="57" type="cond" truecount="1" falsecount="1"/>
        <line num="158" count="57" type="stmt"/>
        <line num="160" count="0" type="stmt"/>
        <line num="162" count="0" type="stmt"/>
        <line num="165" count="57" type="stmt"/>
        <line num="167" count="57" type="stmt"/>
        <line num="168" count="57" type="cond" truecount="1" falsecount="1"/>
        <line num="169" count="0" type="stmt"/>
        <line num="171" count="57" type="stmt"/>
        <line num="172" count="57" type="stmt"/>
      </file>
    </package>
    <package name="src.common._utils">
      <metrics statements="1258" coveredstatements="993" conditionals="786" coveredconditionals="550" methods="305" coveredmethods="234"/>
      <file name="EchartsDataService.js" path="C:\Users\Administrator\Desktop\vue-iclient\src\common\_utils\EchartsDataService.js">
        <metrics statements="136" coveredstatements="122" conditionals="75" coveredconditionals="56" methods="30" coveredmethods="27"/>
        <line num="10" count="0" type="cond" truecount="0" falsecount="2"/>
        <line num="11" count="0" type="cond" truecount="0" falsecount="2"/>
        <line num="12" count="0" type="stmt"/>
        <line num="13" count="0" type="stmt"/>
        <line num="15" count="0" type="stmt"/>
        <line num="19" count="33" type="cond" truecount="2" falsecount="0"/>
        <line num="20" count="22" type="stmt"/>
        <line num="21" count="22" type="cond" truecount="2" falsecount="0"/>
        <line num="22" count="8" type="stmt"/>
        <line num="24" count="54" type="cond" truecount="1" falsecount="1"/>
        <line num="28" count="22" type="stmt"/>
        <line num="29" count="22" type="cond" truecount="3" falsecount="1"/>
        <line num="30" count="0" type="stmt"/>
        <line num="32" count="22" type="cond" truecount="3" falsecount="0"/>
        <line num="33" count="22" type="stmt"/>
        <line num="62" count="22" type="cond" truecount="2" falsecount="0"/>
        <line num="63" count="22" type="stmt"/>
        <line num="64" count="22" type="stmt"/>
        <line num="65" count="22" type="stmt"/>
        <line num="66" count="22" type="stmt"/>
        <line num="67" count="22" type="stmt"/>
        <line num="68" count="22" type="stmt"/>
        <line num="69" count="22" type="stmt"/>
        <line num="70" count="22" type="stmt"/>
        <line num="71" count="22" type="stmt"/>
        <line num="81" count="22" type="stmt"/>
        <line num="83" count="25" type="stmt"/>
        <line num="84" count="22" type="cond" truecount="2" falsecount="0"/>
        <line num="85" count="22" type="stmt"/>
        <line num="88" count="22" type="cond" truecount="2" falsecount="2"/>
        <line num="89" count="0" type="stmt"/>
        <line num="93" count="22" type="cond" truecount="1" falsecount="1"/>
        <line num="99" count="22" type="stmt"/>
        <line num="102" count="22" type="stmt"/>
        <line num="105" count="0" type="stmt"/>
        <line num="108" count="22" type="stmt"/>
        <line num="120" count="22" type="stmt"/>
        <line num="122" count="22" type="stmt"/>
        <line num="124" count="22" type="stmt"/>
        <line num="126" count="22" type="stmt"/>
        <line num="128" count="36" type="stmt"/>
        <line num="130" count="36" type="stmt"/>
        <line num="132" count="36" type="stmt"/>
        <line num="133" count="36" type="cond" truecount="1" falsecount="1"/>
        <line num="134" count="36" type="stmt"/>
        <line num="136" count="36" type="stmt"/>
        <line num="138" count="22" type="cond" truecount="3" falsecount="0"/>
        <line num="139" count="22" type="stmt"/>
        <line num="140" count="22" type="stmt"/>
        <line num="141" count="22" type="stmt"/>
        <line num="156" count="24" type="stmt"/>
        <line num="166" count="22" type="stmt"/>
        <line num="167" count="22" type="cond" truecount="1" falsecount="1"/>
        <line num="168" count="22" type="stmt"/>
        <line num="170" count="22" type="stmt"/>
        <line num="171" count="22" type="stmt"/>
        <line num="172" count="22" type="stmt"/>
        <line num="173" count="22" type="stmt"/>
        <line num="175" count="22" type="stmt"/>
        <line num="184" count="22" type="stmt"/>
        <line num="185" count="22" type="stmt"/>
        <line num="186" count="22" type="stmt"/>
        <line num="198" count="36" type="stmt"/>
        <line num="199" count="36" type="stmt"/>
        <line num="200" count="36" type="stmt"/>
        <line num="201" count="36" type="stmt"/>
        <line num="206" count="36" type="cond" truecount="2" falsecount="0"/>
        <line num="207" count="5" type="stmt"/>
        <line num="208" count="29" type="stmt"/>
        <line num="213" count="31" type="cond" truecount="2" falsecount="0"/>
        <line num="214" count="3" type="stmt"/>
        <line num="215" count="3" type="stmt"/>
        <line num="220" count="3" type="stmt"/>
        <line num="221" count="3" type="stmt"/>
        <line num="224" count="28" type="stmt"/>
        <line num="226" count="28" type="cond" truecount="2" falsecount="0"/>
        <line num="227" count="14" type="stmt"/>
        <line num="229" count="14" type="stmt"/>
        <line num="232" count="36" type="stmt"/>
        <line num="244" count="36" type="cond" truecount="1" falsecount="1"/>
        <line num="245" count="0" type="cond" truecount="0" falsecount="2"/>
        <line num="246" count="0" type="stmt"/>
        <line num="251" count="0" type="stmt"/>
        <line num="256" count="36" type="stmt"/>
        <line num="268" count="36" type="stmt"/>
        <line num="269" count="36" type="stmt"/>
        <line num="270" count="36" type="stmt"/>
        <line num="272" count="36" type="cond" truecount="4" falsecount="0"/>
        <line num="273" count="3" type="stmt"/>
        <line num="274" count="3" type="stmt"/>
        <line num="275" count="12" type="stmt"/>
        <line num="280" count="3" type="stmt"/>
        <line num="285" count="3" type="stmt"/>
        <line num="286" count="90" type="cond" truecount="2" falsecount="0"/>
        <line num="287" count="26" type="cond" truecount="2" falsecount="0"/>
        <line num="288" count="26" type="cond" truecount="1" falsecount="1"/>
        <line num="289" count="0" type="stmt"/>
        <line num="290" count="0" type="stmt"/>
        <line num="292" count="26" type="cond" truecount="2" falsecount="0"/>
        <line num="293" count="15" type="stmt"/>
        <line num="297" count="11" type="stmt"/>
        <line num="300" count="26" type="stmt"/>
        <line num="302" count="7" type="stmt"/>
        <line num="304" count="36" type="stmt"/>
        <line num="317" count="36" type="stmt"/>
        <line num="318" count="36" type="stmt"/>
        <line num="319" count="36" type="stmt"/>
        <line num="320" count="36" type="stmt"/>
        <line num="321" count="36" type="cond" truecount="2" falsecount="0"/>
        <line num="323" count="36" type="cond" truecount="2" falsecount="0"/>
        <line num="324" count="18" type="stmt"/>
        <line num="326" count="18" type="stmt"/>
        <line num="327" count="18" type="stmt"/>
        <line num="330" count="18" type="stmt"/>
        <line num="331" count="103" type="stmt"/>
        <line num="333" count="36" type="stmt"/>
        <line num="334" count="36" type="stmt"/>
        <line num="345" count="18" type="stmt"/>
        <line num="346" count="18" type="stmt"/>
        <line num="358" count="18" type="stmt"/>
        <line num="360" count="18" type="stmt"/>
        <line num="361" count="10" type="stmt"/>
        <line num="362" count="10" type="stmt"/>
        <line num="364" count="10" type="cond" truecount="2" falsecount="0"/>
        <line num="365" count="10" type="stmt"/>
        <line num="367" count="10" type="stmt"/>
        <line num="369" count="18" type="stmt"/>
        <line num="381" count="18" type="stmt"/>
        <line num="382" count="18" type="stmt"/>
        <line num="383" count="18" type="cond" truecount="2" falsecount="0"/>
        <line num="384" count="10" type="stmt"/>
        <line num="385" count="10" type="cond" truecount="1" falsecount="1"/>
        <line num="386" count="10" type="stmt"/>
        <line num="388" count="0" type="stmt"/>
        <line num="392" count="18" type="stmt"/>
        <line num="405" count="36" type="stmt"/>
      </file>
      <file name="RestService.js" path="C:\Users\Administrator\Desktop\vue-iclient\src\common\_utils\RestService.js">
        <metrics statements="53" coveredstatements="27" conditionals="48" coveredconditionals="21" methods="9" coveredmethods="5"/>
        <line num="9" count="31" type="stmt"/>
        <line num="10" count="31" type="stmt"/>
        <line num="11" count="31" type="cond" truecount="2" falsecount="0"/>
        <line num="15" count="0" type="stmt"/>
        <line num="23" count="31" type="cond" truecount="2" falsecount="0"/>
        <line num="24" count="1" type="stmt"/>
        <line num="27" count="30" type="cond" truecount="1" falsecount="1"/>
        <line num="28" count="30" type="stmt"/>
        <line num="29" count="30" type="stmt"/>
        <line num="32" count="0" type="stmt"/>
        <line num="33" count="0" type="stmt"/>
        <line num="35" count="0" type="stmt"/>
        <line num="38" count="0" type="cond" truecount="0" falsecount="2"/>
        <line num="40" count="0" type="stmt"/>
        <line num="44" count="0" type="cond" truecount="0" falsecount="2"/>
        <line num="45" count="0" type="stmt"/>
        <line num="49" count="0" type="stmt"/>
        <line num="50" count="0" type="stmt"/>
        <line num="57" count="30" type="stmt"/>
        <line num="61" count="30" type="stmt"/>
        <line num="62" count="30" type="cond" truecount="1" falsecount="1"/>
        <line num="63" count="30" type="cond" truecount="1" falsecount="1"/>
        <line num="69" count="0" type="stmt"/>
        <line num="71" count="30" type="stmt"/>
        <line num="72" count="30" type="stmt"/>
        <line num="74" count="30" type="cond" truecount="1" falsecount="1"/>
        <line num="75" count="0" type="stmt"/>
        <line num="77" count="30" type="stmt"/>
        <line num="78" count="30" type="stmt"/>
        <line num="79" count="30" type="stmt"/>
        <line num="83" count="30" type="stmt"/>
        <line num="84" count="30" type="stmt"/>
        <line num="86" count="30" type="cond" truecount="1" falsecount="3"/>
        <line num="89" count="0" type="stmt"/>
        <line num="94" count="0" type="stmt"/>
        <line num="95" count="0" type="stmt"/>
        <line num="97" count="30" type="cond" truecount="4" falsecount="1"/>
        <line num="98" count="30" type="stmt"/>
        <line num="99" count="210" type="cond" truecount="1" falsecount="1"/>
        <line num="104" count="210" type="stmt"/>
        <line num="106" count="0" type="stmt"/>
        <line num="109" count="0" type="stmt"/>
        <line num="112" count="30" type="stmt"/>
        <line num="114" count="0" type="stmt"/>
        <line num="115" count="0" type="cond" truecount="0" falsecount="5"/>
        <line num="116" count="0" type="stmt"/>
        <line num="118" count="0" type="cond" truecount="0" falsecount="4"/>
        <line num="119" count="0" type="cond" truecount="0" falsecount="2"/>
        <line num="120" count="0" type="stmt"/>
        <line num="122" count="0" type="stmt"/>
        <line num="126" count="0" type="stmt"/>
        <line num="127" count="0" type="stmt"/>
        <line num="129" count="30" type="stmt"/>
      </file>
      <file name="WebMapService.ts" path="C:\Users\Administrator\Desktop\vue-iclient\src\common\_utils\WebMapService.ts">
        <metrics statements="621" coveredstatements="539" conditionals="332" coveredconditionals="269" methods="156" coveredmethods="128"/>
        <line num="1" count="47" type="cond" truecount="2" falsecount="1"/>
        <line num="2" count="77" type="cond" truecount="1" falsecount="1"/>
        <line num="3" count="158" type="cond" truecount="2" falsecount="0"/>
        <line num="4" count="74" type="stmt"/>
        <line num="5" count="2" type="stmt"/>
        <line num="6" count="228" type="cond" truecount="2" falsecount="0"/>
        <line num="7" count="158" type="cond" truecount="2" falsecount="0"/>
        <line num="10" count="47" type="stmt"/>
        <line num="11" count="47" type="stmt"/>
        <line num="12" count="47" type="stmt"/>
        <line num="13" count="47" type="stmt"/>
        <line num="14" count="1504" type="cond" truecount="6" falsecount="0"/>
        <line num="15" count="47" type="stmt"/>
        <line num="21" count="47" type="stmt"/>
        <line num="27" count="47" type="stmt"/>
        <line num="33" count="47" type="stmt"/>
        <line num="34" count="210" type="cond" truecount="1" falsecount="0"/>
        <line num="35" count="210" type="cond" truecount="2" falsecount="0"/>
        <line num="36" count="210" type="stmt"/>
        <line num="40" count="210" type="cond" truecount="4" falsecount="0"/>
        <line num="41" count="105" type="stmt"/>
        <line num="43" count="105" type="cond" truecount="3" falsecount="0"/>
        <line num="44" count="103" type="stmt"/>
        <line num="46" count="210" type="cond" truecount="2" falsecount="0"/>
        <line num="47" count="210" type="stmt"/>
        <line num="48" count="210" type="stmt"/>
        <line num="49" count="210" type="cond" truecount="2" falsecount="0"/>
        <line num="50" count="210" type="cond" truecount="2" falsecount="0"/>
        <line num="51" count="210" type="stmt"/>
        <line num="52" count="210" type="stmt"/>
        <line num="53" count="210" type="stmt"/>
        <line num="54" count="47" type="stmt"/>
        <line num="56" count="4" type="cond" truecount="4" falsecount="0"/>
        <line num="57" count="2" type="stmt"/>
        <line num="58" count="2" type="stmt"/>
        <line num="60" count="2" type="cond" truecount="3" falsecount="0"/>
        <line num="61" count="2" type="stmt"/>
        <line num="62" count="2" type="stmt"/>
        <line num="64" count="47" type="stmt"/>
        <line num="66" count="2" type="stmt"/>
        <line num="67" count="47" type="stmt"/>
        <line num="69" count="2" type="stmt"/>
        <line num="70" count="47" type="stmt"/>
        <line num="72" count="2" type="stmt"/>
        <line num="73" count="47" type="stmt"/>
        <line num="75" count="238" type="stmt"/>
        <line num="76" count="238" type="cond" truecount="1" falsecount="0"/>
        <line num="77" count="179" type="stmt"/>
        <line num="79" count="238" type="stmt"/>
        <line num="80" count="238" type="stmt"/>
        <line num="81" count="47" type="stmt"/>
        <line num="82" count="105" type="stmt"/>
        <line num="83" count="105" type="cond" truecount="3" falsecount="0"/>
        <line num="84" count="30" type="stmt"/>
        <line num="85" count="30" type="stmt"/>
        <line num="88" count="75" type="stmt"/>
        <line num="89" count="445" type="cond" truecount="5" falsecount="0"/>
        <line num="91" count="75" type="stmt"/>
        <line num="92" count="72" type="stmt"/>
        <line num="96" count="70" type="stmt"/>
        <line num="99" count="70" type="cond" truecount="2" falsecount="1"/>
        <line num="100" count="0" type="cond" truecount="0" falsecount="3"/>
        <line num="101" count="0" type="stmt"/>
        <line num="102" count="0" type="stmt"/>
        <line num="104" count="70" type="stmt"/>
        <line num="108" count="70" type="stmt"/>
        <line num="111" count="2" type="stmt"/>
        <line num="112" count="148" type="stmt"/>
        <line num="115" count="74" type="stmt"/>
        <line num="118" count="47" type="stmt"/>
        <line num="119" count="75" type="stmt"/>
        <line num="120" count="75" type="stmt"/>
        <line num="121" count="75" type="stmt"/>
        <line num="123" count="73" type="stmt"/>
        <line num="126" count="73" type="cond" truecount="3" falsecount="0"/>
        <line num="127" count="1" type="stmt"/>
        <line num="128" count="1" type="stmt"/>
        <line num="130" count="72" type="stmt"/>
        <line num="131" count="72" type="cond" truecount="1" falsecount="0"/>
        <line num="132" count="72" type="cond" truecount="2" falsecount="0"/>
        <line num="133" count="71" type="stmt"/>
        <line num="135" count="1" type="cond" truecount="3" falsecount="0"/>
        <line num="136" count="1" type="stmt"/>
        <line num="138" count="72" type="cond" truecount="1" falsecount="0"/>
        <line num="139" count="1" type="stmt"/>
        <line num="142" count="72" type="stmt"/>
        <line num="145" count="1" type="stmt"/>
        <line num="148" count="47" type="stmt"/>
        <line num="151" count="97" type="cond" truecount="5" falsecount="0"/>
        <line num="154" count="84" type="stmt"/>
        <line num="155" count="84" type="stmt"/>
        <line num="157" count="2" type="stmt"/>
        <line num="158" count="2" type="stmt"/>
        <line num="160" count="2" type="stmt"/>
        <line num="161" count="2" type="stmt"/>
        <line num="163" count="8" type="stmt"/>
        <line num="164" count="8" type="stmt"/>
        <line num="166" count="1" type="stmt"/>
        <line num="167" count="1" type="stmt"/>
        <line num="169" count="97" type="stmt"/>
        <line num="170" count="47" type="stmt"/>
        <line num="171" count="3" type="stmt"/>
        <line num="172" count="3" type="stmt"/>
        <line num="173" count="3" type="stmt"/>
        <line num="174" count="3" type="stmt"/>
        <line num="175" count="3" type="stmt"/>
        <line num="181" count="3" type="stmt"/>
        <line num="184" count="3" type="cond" truecount="1" falsecount="1"/>
        <line num="185" count="3" type="stmt"/>
        <line num="189" count="3" type="cond" truecount="2" falsecount="0"/>
        <line num="190" count="3" type="stmt"/>
        <line num="193" count="47" type="stmt"/>
        <line num="195" count="0" type="stmt"/>
        <line num="196" count="0" type="stmt"/>
        <line num="198" count="0" type="stmt"/>
        <line num="201" count="0" type="stmt"/>
        <line num="204" count="0" type="stmt"/>
        <line num="207" count="47" type="stmt"/>
        <line num="208" count="5" type="stmt"/>
        <line num="209" count="5" type="stmt"/>
        <line num="210" count="5" type="stmt"/>
        <line num="211" count="5" type="stmt"/>
        <line num="212" count="5" type="stmt"/>
        <line num="213" count="5" type="stmt"/>
        <line num="215" count="5" type="stmt"/>
        <line num="216" count="5" type="stmt"/>
        <line num="217" count="5" type="stmt"/>
        <line num="218" count="5" type="stmt"/>
        <line num="219" count="5" type="stmt"/>
        <line num="220" count="5" type="stmt"/>
        <line num="226" count="5" type="stmt"/>
        <line num="229" count="5" type="cond" truecount="1" falsecount="1"/>
        <line num="230" count="5" type="stmt"/>
        <line num="236" count="5" type="stmt"/>
        <line num="237" count="5" type="stmt"/>
        <line num="238" count="5" type="cond" truecount="1" falsecount="0"/>
        <line num="239" count="5" type="stmt"/>
        <line num="240" count="5" type="cond" truecount="0" falsecount="1"/>
        <line num="241" count="0" type="stmt"/>
        <line num="243" count="5" type="stmt"/>
        <line num="244" count="10" type="stmt"/>
        <line num="246" count="5" type="cond" truecount="1" falsecount="0"/>
        <line num="247" count="5" type="stmt"/>
        <line num="248" count="5" type="cond" truecount="0" falsecount="1"/>
        <line num="249" count="0" type="stmt"/>
        <line num="251" count="5" type="stmt"/>
        <line num="252" count="7" type="stmt"/>
        <line num="254" count="5" type="cond" truecount="1" falsecount="0"/>
        <line num="255" count="2" type="stmt"/>
        <line num="259" count="5" type="stmt"/>
        <line num="260" count="5" type="stmt"/>
        <line num="261" count="37" type="cond" truecount="3" falsecount="0"/>
        <line num="263" count="3" type="cond" truecount="2" falsecount="2"/>
        <line num="265" count="0" type="stmt"/>
        <line num="268" count="3" type="stmt"/>
        <line num="272" count="3" type="cond" truecount="1" falsecount="1"/>
        <line num="275" count="3" type="cond" truecount="1" falsecount="1"/>
        <line num="276" count="3" type="stmt"/>
        <line num="277" count="52" type="stmt"/>
        <line num="278" count="52" type="stmt"/>
        <line num="279" count="52" type="stmt"/>
        <line num="280" count="52" type="cond" truecount="3" falsecount="2"/>
        <line num="284" count="0" type="stmt"/>
        <line num="286" count="52" type="stmt"/>
        <line num="287" count="52" type="cond" truecount="0" falsecount="1"/>
        <line num="288" count="0" type="stmt"/>
        <line num="290" count="52" type="stmt"/>
        <line num="291" count="52" type="cond" truecount="2" falsecount="0"/>
        <line num="292" count="29" type="stmt"/>
        <line num="295" count="23" type="cond" truecount="2" falsecount="0"/>
        <line num="296" count="1" type="stmt"/>
        <line num="299" count="22" type="stmt"/>
        <line num="303" count="3" type="stmt"/>
        <line num="304" count="29" type="stmt"/>
        <line num="306" count="3" type="stmt"/>
        <line num="307" count="3" type="stmt"/>
        <line num="308" count="3" type="cond" truecount="2" falsecount="0"/>
        <line num="309" count="2" type="stmt"/>
        <line num="312" count="1" type="stmt"/>
        <line num="315" count="2" type="stmt"/>
        <line num="318" count="4" type="stmt"/>
        <line num="319" count="13" type="stmt"/>
        <line num="321" count="4" type="cond" truecount="1" falsecount="0"/>
        <line num="322" count="2" type="stmt"/>
        <line num="323" count="2" type="cond" truecount="1" falsecount="1"/>
        <line num="324" count="2" type="cond" truecount="1" falsecount="1"/>
        <line num="327" count="0" type="cond" truecount="0" falsecount="2"/>
        <line num="329" count="2" type="cond" truecount="1" falsecount="0"/>
        <line num="330" count="2" type="stmt"/>
        <line num="331" count="2" type="stmt"/>
        <line num="332" count="2" type="stmt"/>
        <line num="339" count="2" type="stmt"/>
        <line num="340" count="2" type="cond" truecount="0" falsecount="1"/>
        <line num="341" count="0" type="stmt"/>
        <line num="343" count="2" type="stmt"/>
        <line num="344" count="2" type="stmt"/>
        <line num="346" count="2" type="cond" truecount="1" falsecount="0"/>
        <line num="347" count="2" type="stmt"/>
        <line num="350" count="4" type="stmt"/>
        <line num="353" count="1" type="stmt"/>
        <line num="356" count="47" type="stmt"/>
        <line num="358" count="84" type="stmt"/>
        <line num="359" count="84" type="cond" truecount="2" falsecount="0"/>
        <line num="360" count="84" type="cond" truecount="0" falsecount="1"/>
        <line num="361" count="0" type="stmt"/>
        <line num="362" count="0" type="stmt"/>
        <line num="365" count="84" type="cond" truecount="4" falsecount="0"/>
        <line num="366" count="84" type="cond" truecount="2" falsecount="0"/>
        <line num="367" count="83" type="stmt"/>
        <line num="370" count="1" type="stmt"/>
        <line num="372" count="47" type="stmt"/>
        <line num="373" count="2" type="stmt"/>
        <line num="376" count="2" type="stmt"/>
        <line num="377" count="2" type="stmt"/>
        <line num="378" count="2" type="cond" truecount="2" falsecount="0"/>
        <line num="379" count="6" type="stmt"/>
        <line num="384" count="4" type="stmt"/>
        <line num="386" count="1" type="stmt"/>
        <line num="389" count="47" type="stmt"/>
        <line num="390" count="2" type="stmt"/>
        <line num="391" count="2" type="stmt"/>
        <line num="392" count="2" type="stmt"/>
        <line num="393" count="1" type="cond" truecount="2" falsecount="0"/>
        <line num="394" count="1" type="cond" truecount="2" falsecount="0"/>
        <line num="395" count="1" type="stmt"/>
        <line num="396" count="1" type="cond" truecount="3" falsecount="0"/>
        <line num="397" count="1" type="stmt"/>
        <line num="398" count="1" type="stmt"/>
        <line num="399" count="1" type="stmt"/>
        <line num="400" count="1" type="cond" truecount="3" falsecount="0"/>
        <line num="401" count="1" type="stmt"/>
        <line num="404" count="1" type="stmt"/>
        <line num="405" count="1" type="stmt"/>
        <line num="407" count="0" type="stmt"/>
        <line num="411" count="1" type="stmt"/>
        <line num="414" count="47" type="stmt"/>
        <line num="415" count="1" type="stmt"/>
        <line num="416" count="1" type="stmt"/>
        <line num="417" count="1" type="stmt"/>
        <line num="418" count="1" type="stmt"/>
        <line num="419" count="1" type="stmt"/>
        <line num="420" count="1" type="stmt"/>
        <line num="426" count="1" type="stmt"/>
        <line num="430" count="1" type="cond" truecount="4" falsecount="1"/>
        <line num="431" count="1" type="stmt"/>
        <line num="434" count="0" type="stmt"/>
        <line num="436" count="1" type="stmt"/>
        <line num="441" count="1" type="stmt"/>
        <line num="444" count="0" type="stmt"/>
        <line num="447" count="47" type="stmt"/>
        <line num="449" count="3" type="stmt"/>
        <line num="450" count="3" type="stmt"/>
        <line num="451" count="3" type="stmt"/>
        <line num="453" count="3" type="stmt"/>
        <line num="458" count="2" type="cond" truecount="2" falsecount="0"/>
        <line num="461" count="1" type="cond" truecount="2" falsecount="0"/>
        <line num="465" count="2" type="stmt"/>
        <line num="466" count="47" type="stmt"/>
        <line num="467" count="1" type="stmt"/>
        <line num="468" count="1" type="stmt"/>
        <line num="470" count="1" type="stmt"/>
        <line num="471" count="1" type="stmt"/>
        <line num="472" count="1" type="stmt"/>
        <line num="473" count="1" type="stmt"/>
        <line num="476" count="1" type="stmt"/>
        <line num="478" count="0" type="stmt"/>
        <line num="480" count="47" type="stmt"/>
        <line num="482" count="3" type="stmt"/>
        <line num="486" count="3" type="cond" truecount="1" falsecount="0"/>
        <line num="487" count="1" type="stmt"/>
        <line num="489" count="3" type="stmt"/>
        <line num="492" count="3" type="cond" truecount="0" falsecount="1"/>
        <line num="493" count="0" type="stmt"/>
        <line num="495" count="3" type="cond" truecount="1" falsecount="1"/>
        <line num="496" count="3" type="cond" truecount="1" falsecount="1"/>
        <line num="497" count="3" type="cond" truecount="0" falsecount="1"/>
        <line num="498" count="0" type="stmt"/>
        <line num="502" count="3" type="stmt"/>
        <line num="503" count="3" type="stmt"/>
        <line num="504" count="47" type="stmt"/>
        <line num="505" count="8" type="stmt"/>
        <line num="506" count="8" type="stmt"/>
        <line num="507" count="8" type="stmt"/>
        <line num="508" count="7" type="stmt"/>
        <line num="510" count="1" type="stmt"/>
        <line num="513" count="47" type="stmt"/>
        <line num="515" count="8" type="stmt"/>
        <line num="517" count="8" type="stmt"/>
        <line num="518" count="8" type="cond" truecount="3" falsecount="0"/>
        <line num="519" count="8" type="stmt"/>
        <line num="520" count="8" type="stmt"/>
        <line num="522" count="8" type="stmt"/>
        <line num="523" count="8" type="stmt"/>
        <line num="524" count="8" type="stmt"/>
        <line num="529" count="7" type="stmt"/>
        <line num="532" count="7" type="cond" truecount="0" falsecount="1"/>
        <line num="533" count="0" type="stmt"/>
        <line num="534" count="0" type="stmt"/>
        <line num="536" count="7" type="cond" truecount="1" falsecount="0"/>
        <line num="537" count="7" type="stmt"/>
        <line num="538" count="7" type="stmt"/>
        <line num="539" count="7" type="cond" truecount="3" falsecount="0"/>
        <line num="540" count="7" type="stmt"/>
        <line num="541" count="57" type="stmt"/>
        <line num="542" count="57" type="cond" truecount="2" falsecount="0"/>
        <line num="543" count="25" type="stmt"/>
        <line num="545" count="32" type="cond" truecount="2" falsecount="0"/>
        <line num="546" count="19" type="stmt"/>
        <line num="549" count="13" type="stmt"/>
        <line num="554" count="7" type="stmt"/>
        <line num="555" count="7" type="stmt"/>
        <line num="556" count="7" type="stmt"/>
        <line num="559" count="1" type="stmt"/>
        <line num="561" count="47" type="stmt"/>
        <line num="563" count="96" type="stmt"/>
        <line num="564" count="96" type="cond" truecount="3" falsecount="0"/>
        <line num="565" count="1" type="stmt"/>
        <line num="568" count="95" type="cond" truecount="4" falsecount="0"/>
        <line num="569" count="95" type="cond" truecount="5" falsecount="0"/>
        <line num="574" count="95" type="cond" truecount="2" falsecount="0"/>
        <line num="575" count="79" type="stmt"/>
        <line num="577" count="16" type="cond" truecount="2" falsecount="0"/>
        <line num="578" count="6" type="stmt"/>
        <line num="580" count="10" type="cond" truecount="4" falsecount="0"/>
        <line num="581" count="1" type="stmt"/>
        <line num="583" count="9" type="cond" truecount="5" falsecount="0"/>
        <line num="584" count="1" type="stmt"/>
        <line num="586" count="8" type="cond" truecount="4" falsecount="0"/>
        <line num="587" count="7" type="stmt"/>
        <line num="589" count="1" type="cond" truecount="3" falsecount="0"/>
        <line num="590" count="1" type="stmt"/>
        <line num="592" count="95" type="stmt"/>
        <line num="593" count="47" type="stmt"/>
        <line num="595" count="2" type="stmt"/>
        <line num="596" count="2" type="cond" truecount="3" falsecount="0"/>
        <line num="597" count="2" type="stmt"/>
        <line num="598" count="2" type="stmt"/>
        <line num="599" count="2" type="cond" truecount="2" falsecount="0"/>
        <line num="602" count="2" type="stmt"/>
        <line num="603" count="47" type="stmt"/>
        <line num="605" count="6" type="stmt"/>
        <line num="606" count="6" type="stmt"/>
        <line num="607" count="6" type="stmt"/>
        <line num="608" count="6" type="stmt"/>
        <line num="609" count="6" type="stmt"/>
        <line num="610" count="6" type="cond" truecount="1" falsecount="0"/>
        <line num="612" count="6" type="cond" truecount="1" falsecount="0"/>
        <line num="613" count="6" type="stmt"/>
        <line num="614" count="6" type="stmt"/>
        <line num="617" count="6" type="stmt"/>
        <line num="618" count="6" type="stmt"/>
        <line num="620" count="6" type="stmt"/>
        <line num="621" count="47" type="stmt"/>
        <line num="622" count="83" type="stmt"/>
        <line num="625" count="83" type="stmt"/>
        <line num="626" count="83" type="cond" truecount="0" falsecount="1"/>
        <line num="627" count="0" type="stmt"/>
        <line num="629" count="83" type="stmt"/>
        <line num="630" count="83" type="stmt"/>
        <line num="631" count="83" type="stmt"/>
        <line num="632" count="83" type="stmt"/>
        <line num="637" count="82" type="stmt"/>
        <line num="639" count="423" type="cond" truecount="9" falsecount="0"/>
        <line num="640" count="82" type="cond" truecount="0" falsecount="1"/>
        <line num="641" count="0" type="stmt"/>
        <line num="642" count="82" type="cond" truecount="1" falsecount="0"/>
        <line num="643" count="81" type="cond" truecount="3" falsecount="0"/>
        <line num="644" count="88" type="cond" truecount="2" falsecount="0"/>
        <line num="645" count="37" type="stmt"/>
        <line num="646" count="74" type="cond" truecount="1" falsecount="0"/>
        <line num="648" count="43" type="cond" truecount="3" falsecount="0"/>
        <line num="649" count="84" type="cond" truecount="2" falsecount="0"/>
        <line num="651" count="1" type="stmt"/>
        <line num="652" count="1" type="stmt"/>
        <line num="653" count="1" type="stmt"/>
        <line num="654" count="2" type="stmt"/>
        <line num="657" count="74" type="cond" truecount="3" falsecount="0"/>
        <line num="660" count="1" type="cond" truecount="1" falsecount="0"/>
        <line num="661" count="1" type="stmt"/>
        <line num="662" count="1" type="stmt"/>
        <line num="664" count="82" type="stmt"/>
        <line num="668" count="7" type="stmt"/>
        <line num="671" count="47" type="stmt"/>
        <line num="672" count="1" type="stmt"/>
        <line num="674" count="1" type="stmt"/>
        <line num="675" count="1" type="stmt"/>
        <line num="676" count="1" type="stmt"/>
        <line num="678" count="1" type="cond" truecount="3" falsecount="1"/>
        <line num="679" count="1" type="stmt"/>
        <line num="680" count="1" type="stmt"/>
        <line num="681" count="1" type="stmt"/>
        <line num="682" count="1" type="stmt"/>
        <line num="683" count="1" type="cond" truecount="0" falsecount="1"/>
        <line num="684" count="0" type="stmt"/>
        <line num="686" count="1" type="stmt"/>
        <line num="687" count="1" type="cond" truecount="1" falsecount="1"/>
        <line num="688" count="1" type="stmt"/>
        <line num="689" count="1" type="cond" truecount="2" falsecount="0"/>
        <line num="691" count="1" type="stmt"/>
        <line num="693" count="1" type="stmt"/>
        <line num="697" count="0" type="stmt"/>
        <line num="701" count="0" type="stmt"/>
        <line num="706" count="0" type="stmt"/>
        <line num="710" count="0" type="stmt"/>
        <line num="713" count="47" type="stmt"/>
        <line num="715" count="1" type="stmt"/>
        <line num="718" count="1" type="cond" truecount="1" falsecount="0"/>
        <line num="719" count="1" type="stmt"/>
        <line num="721" count="1" type="stmt"/>
        <line num="724" count="1" type="cond" truecount="2" falsecount="0"/>
        <line num="725" count="1" type="stmt"/>
        <line num="728" count="0" type="stmt"/>
        <line num="731" count="0" type="stmt"/>
        <line num="733" count="47" type="stmt"/>
        <line num="734" count="1" type="stmt"/>
[...]
        <line num="443" count="2" type="stmt"/>
        <line num="454" count="52" type="stmt"/>
        <line num="458" count="52" type="cond" truecount="2" falsecount="0"/>
        <line num="460" count="46" type="stmt"/>
        <line num="463" count="6" type="cond" truecount="3" falsecount="0"/>
        <line num="464" count="6" type="stmt"/>
        <line num="468" count="6" type="stmt"/>
        <line num="483" count="2" type="stmt"/>
        <line num="486" count="5" type="stmt"/>
        <line num="490" count="5" type="cond" truecount="5" falsecount="0"/>
        <line num="492" count="1" type="stmt"/>
        <line num="493" count="1" type="stmt"/>
        <line num="494" count="1" type="stmt"/>
        <line num="496" count="1" type="stmt"/>
        <line num="497" count="1" type="stmt"/>
        <line num="498" count="1" type="stmt"/>
        <line num="500" count="1" type="stmt"/>
        <line num="501" count="1" type="stmt"/>
        <line num="502" count="1" type="stmt"/>
        <line num="504" count="1" type="stmt"/>
        <line num="505" count="1" type="stmt"/>
        <line num="506" count="1" type="stmt"/>
        <line num="508" count="1" type="stmt"/>
        <line num="509" count="1" type="stmt"/>
        <line num="510" count="1" type="stmt"/>
        <line num="512" count="5" type="stmt"/>
        <line num="513" count="2" type="stmt"/>
        <line num="516" count="5" type="stmt"/>
        <line num="521" count="5" type="cond" truecount="5" falsecount="0"/>
        <line num="523" count="1" type="stmt"/>
        <line num="524" count="1" type="stmt"/>
        <line num="525" count="1" type="stmt"/>
        <line num="526" count="1" type="stmt"/>
        <line num="528" count="1" type="stmt"/>
        <line num="529" count="1" type="stmt"/>
        <line num="530" count="1" type="stmt"/>
        <line num="531" count="1" type="stmt"/>
        <line num="533" count="1" type="stmt"/>
        <line num="534" count="1" type="stmt"/>
        <line num="535" count="1" type="stmt"/>
        <line num="536" count="1" type="stmt"/>
        <line num="538" count="1" type="stmt"/>
        <line num="539" count="1" type="stmt"/>
        <line num="540" count="1" type="stmt"/>
        <line num="541" count="1" type="stmt"/>
        <line num="543" count="1" type="stmt"/>
        <line num="544" count="1" type="stmt"/>
        <line num="545" count="1" type="stmt"/>
        <line num="546" count="1" type="stmt"/>
        <line num="548" count="5" type="stmt"/>
        <line num="549" count="2" type="stmt"/>
        <line num="551" count="7" type="stmt"/>
        <line num="552" count="7" type="stmt"/>
        <line num="553" count="7" type="stmt"/>
        <line num="554" count="7" type="cond" truecount="2" falsecount="0"/>
        <line num="555" count="7" type="stmt"/>
        <line num="556" count="7" type="cond" truecount="1" falsecount="0"/>
        <line num="557" count="5" type="stmt"/>
        <line num="558" count="5" type="cond" truecount="1" falsecount="0"/>
        <line num="559" count="5" type="stmt"/>
        <line num="562" count="7" type="cond" truecount="1" falsecount="0"/>
        <line num="563" count="5" type="stmt"/>
        <line num="564" count="5" type="cond" truecount="1" falsecount="0"/>
        <line num="565" count="5" type="stmt"/>
        <line num="566" count="5" type="stmt"/>
        <line num="569" count="7" type="stmt"/>
        <line num="570" count="7" type="stmt"/>
        <line num="571" count="7" type="stmt"/>
        <line num="580" count="7" type="stmt"/>
        <line num="581" count="2" type="stmt"/>
        <line num="583" count="4" type="cond" truecount="2" falsecount="1"/>
        <line num="585" count="2" type="stmt"/>
        <line num="587" count="2" type="stmt"/>
        <line num="589" count="0" type="stmt"/>
        <line num="591" count="2" type="stmt"/>
        <line num="593" count="2" type="stmt"/>
        <line num="595" count="2" type="cond" truecount="2" falsecount="0"/>
        <line num="596" count="1" type="stmt"/>
        <line num="599" count="1" type="cond" truecount="1" falsecount="1"/>
        <line num="601" count="2" type="stmt"/>
        <line num="602" count="2" type="stmt"/>
        <line num="603" count="2" type="stmt"/>
        <line num="604" count="2" type="stmt"/>
        <line num="606" count="1" type="stmt"/>
        <line num="607" count="1" type="stmt"/>
        <line num="608" count="1" type="stmt"/>
        <line num="610" count="1" type="stmt"/>
        <line num="611" count="1" type="stmt"/>
        <line num="612" count="1" type="stmt"/>
        <line num="613" count="1" type="stmt"/>
        <line num="614" count="1" type="stmt"/>
        <line num="615" count="1" type="stmt"/>
        <line num="616" count="2" type="stmt"/>
        <line num="618" count="1" type="stmt"/>
        <line num="619" count="1" type="stmt"/>
        <line num="620" count="1" type="stmt"/>
        <line num="622" count="1" type="stmt"/>
        <line num="623" count="1" type="stmt"/>
        <line num="624" count="1" type="stmt"/>
        <line num="625" count="1" type="stmt"/>
        <line num="626" count="1" type="stmt"/>
        <line num="627" count="1" type="stmt"/>
        <line num="628" count="1" type="stmt"/>
        <line num="629" count="2" type="stmt"/>
        <line num="631" count="2" type="stmt"/>
        <line num="632" count="2" type="cond" truecount="1" falsecount="0"/>
        <line num="633" count="1" type="stmt"/>
        <line num="635" count="1" type="stmt"/>
        <line num="636" count="1" type="stmt"/>
        <line num="637" count="2" type="stmt"/>
        <line num="638" count="2" type="stmt"/>
        <line num="640" count="2" type="cond" truecount="2" falsecount="0"/>
        <line num="642" count="1" type="stmt"/>
        <line num="643" count="1" type="stmt"/>
        <line num="644" count="1" type="stmt"/>
        <line num="645" count="1" type="stmt"/>
        <line num="646" count="1" type="stmt"/>
        <line num="649" count="1" type="stmt"/>
        <line num="652" count="1" type="stmt"/>
        <line num="654" count="1" type="stmt"/>
        <line num="656" count="1" type="stmt"/>
        <line num="657" count="1" type="stmt"/>
        <line num="661" count="1" type="stmt"/>
        <line num="662" count="1" type="cond" truecount="1" falsecount="1"/>
        <line num="663" count="1" type="stmt"/>
        <line num="664" count="1" type="stmt"/>
        <line num="665" count="1" type="cond" truecount="1" falsecount="1"/>
        <line num="666" count="0" type="stmt"/>
        <line num="668" count="1" type="cond" truecount="0" falsecount="1"/>
        <line num="669" count="0" type="stmt"/>
        <line num="671" count="1" type="stmt"/>
        <line num="674" count="1" type="stmt"/>
        <line num="677" count="1" type="stmt"/>
        <line num="679" count="1" type="stmt"/>
        <line num="681" count="2" type="stmt"/>
        <line num="682" count="58" type="cond" truecount="2" falsecount="0"/>
        <line num="683" count="58" type="cond" truecount="4" falsecount="0"/>
        <line num="684" count="53" type="stmt"/>
        <line num="686" count="5" type="stmt"/>
        <line num="687" count="5" type="stmt"/>
        <line num="688" count="5" type="stmt"/>
        <line num="689" count="5" type="stmt"/>
        <line num="690" count="5" type="stmt"/>
        <line num="694" count="2" type="stmt"/>
        <line num="696" count="60" type="stmt"/>
        <line num="697" count="60" type="cond" truecount="1" falsecount="0"/>
        <line num="698" count="58" type="cond" truecount="1" falsecount="0"/>
        <line num="699" count="58" type="cond" truecount="1" falsecount="1"/>
        <line num="700" count="58" type="cond" truecount="2" falsecount="0"/>
        <line num="702" count="58" type="cond" truecount="1" falsecount="0"/>
        <line num="703" count="58" type="cond" truecount="1" falsecount="1"/>
        <line num="704" count="58" type="cond" truecount="2" falsecount="0"/>
        <line num="705" count="58" type="stmt"/>
        <line num="708" count="2" type="stmt"/>
        <line num="710" count="22" type="stmt"/>
        <line num="711" count="22" type="stmt"/>
        <line num="712" count="2" type="stmt"/>
        <line num="714" count="1" type="stmt"/>
        <line num="715" count="2" type="stmt"/>
        <line num="717" count="2" type="stmt"/>
      </file>
    </package>
    <package name="src.mapboxgl.web-map.layer.unique-theme">
      <metrics statements="29" coveredstatements="28" conditionals="11" coveredconditionals="9" methods="7" coveredmethods="7"/>
      <file name="UniqueThemeLayer.vue" path="C:\Users\Administrator\Desktop\vue-iclient\src\mapboxgl\web-map\layer\unique-theme\UniqueThemeLayer.vue">
        <metrics statements="5" coveredstatements="5" conditionals="0" coveredconditionals="0" methods="0" coveredmethods="0"/>
        <line num="2" count="1" type="stmt"/>
        <line num="3" count="1" type="stmt"/>
        <line num="4" count="1" type="stmt"/>
        <line num="5" count="1" type="stmt"/>
        <line num="56" count="1" type="stmt"/>
      </file>
      <file name="UniqueThemeLayerViewModel.js" path="C:\Users\Administrator\Desktop\vue-iclient\src\mapboxgl\web-map\layer\unique-theme\UniqueThemeLayerViewModel.js">
        <metrics statements="24" coveredstatements="23" conditionals="11" coveredconditionals="9" methods="7" coveredmethods="7"/>
        <line num="6" count="2" type="stmt"/>
        <line num="7" count="2" type="stmt"/>
        <line num="8" count="2" type="cond" truecount="2" falsecount="0"/>
        <line num="9" count="2" type="cond" truecount="2" falsecount="0"/>
        <line num="10" count="2" type="stmt"/>
        <line num="11" count="2" type="stmt"/>
        <line num="12" count="2" type="cond" truecount="1" falsecount="1"/>
        <line num="16" count="2" type="stmt"/>
        <line num="17" count="2" type="stmt"/>
        <line num="18" count="2" type="stmt"/>
        <line num="22" count="4" type="stmt"/>
        <line num="23" count="4" type="stmt"/>
        <line num="24" count="4" type="stmt"/>
        <line num="28" count="2" type="stmt"/>
        <line num="29" count="2" type="stmt"/>
        <line num="30" count="2" type="stmt"/>
        <line num="34" count="1" type="stmt"/>
        <line num="35" count="1" type="stmt"/>
        <line num="39" count="1" type="stmt"/>
        <line num="40" count="1" type="stmt"/>
        <line num="44" count="4" type="stmt"/>
        <line num="45" count="4" type="stmt"/>
        <line num="46" count="4" type="cond" truecount="4" falsecount="1"/>
        <line num="47" count="0" type="stmt"/>
      </file>
    </package>
    <package name="src.mapboxgl.web-map.layer.vector-tile">
      <metrics statements="14" coveredstatements="14" conditionals="2" coveredconditionals="1" methods="4" coveredmethods="4"/>
      <file name="VectorTileLayer.vue" path="C:\Users\Administrator\Desktop\vue-iclient\src\mapboxgl\web-map\layer\vector-tile\VectorTileLayer.vue">
        <metrics statements="4" coveredstatements="4" conditionals="0" coveredconditionals="0" methods="0" coveredmethods="0"/>
        <line num="2" count="2" type="stmt"/>
        <line num="3" count="2" type="stmt"/>
        <line num="4" count="2" type="stmt"/>
        <line num="26" count="2" type="stmt"/>
      </file>
      <file name="VectorTileLayerViewModel.js" path="C:\Users\Administrator\Desktop\vue-iclient\src\mapboxgl\web-map\layer\vector-tile\VectorTileLayerViewModel.js">
        <metrics statements="10" coveredstatements="10" conditionals="2" coveredconditionals="1" methods="4" coveredmethods="4"/>
        <line num="6" count="2" type="stmt"/>
        <line num="7" count="2" type="stmt"/>
        <line num="8" count="2" type="stmt"/>
        <line num="12" count="2" type="stmt"/>
        <line num="13" count="2" type="stmt"/>
        <line num="14" count="2" type="stmt"/>
        <line num="18" count="1" type="stmt"/>
        <line num="19" count="1" type="stmt"/>
        <line num="23" count="3" type="cond" truecount="1" falsecount="1"/>
        <line num="24" count="3" type="stmt"/>
      </file>
    </package>
    <package name="src.mapboxgl.web-scene">
      <metrics statements="130" coveredstatements="73" conditionals="66" coveredconditionals="26" methods="19" coveredmethods="10"/>
      <file name="WebScene.vue" path="C:\Users\Administrator\Desktop\vue-iclient\src\mapboxgl\web-scene\WebScene.vue">
        <metrics statements="14" coveredstatements="14" conditionals="0" coveredconditionals="0" methods="1" coveredmethods="1"/>
        <line num="12" count="1" type="stmt"/>
        <line num="13" count="1" type="stmt"/>
        <line num="14" count="1" type="stmt"/>
        <line num="19" count="1" type="stmt"/>
        <line num="23" count="1" type="stmt"/>
        <line num="25" count="1" type="stmt"/>
        <line num="27" count="1" type="stmt"/>
        <line num="40" count="1" type="stmt"/>
        <line num="45" count="1" type="stmt"/>
        <line num="50" count="1" type="stmt"/>
        <line num="55" count="1" type="stmt"/>
        <line num="60" count="1" type="stmt"/>
        <line num="65" count="1" type="stmt"/>
        <line num="95" count="1" type="stmt"/>
      </file>
      <file name="WebSceneViewModel.ts" path="C:\Users\Administrator\Desktop\vue-iclient\src\mapboxgl\web-scene\WebSceneViewModel.ts">
        <metrics statements="116" coveredstatements="59" conditionals="66" coveredconditionals="26" methods="18" coveredmethods="9"/>
        <line num="1" count="2" type="stmt"/>
        <line num="2" count="2" type="stmt"/>
        <line num="3" count="2" type="stmt"/>
        <line num="4" count="2" type="stmt"/>
        <line num="5" count="4" type="cond" truecount="1" falsecount="0"/>
        <line num="6" count="4" type="cond" truecount="2" falsecount="0"/>
        <line num="7" count="4" type="cond" truecount="0" falsecount="1"/>
        <line num="8" count="0" type="stmt"/>
        <line num="10" count="4" type="cond" truecount="0" falsecount="1"/>
        <line num="11" count="0" type="stmt"/>
        <line num="13" count="4" type="stmt"/>
        <line num="14" count="4" type="stmt"/>
        <line num="15" count="4" type="stmt"/>
        <line num="16" count="4" type="cond" truecount="2" falsecount="0"/>
        <line num="23" count="4" type="cond" truecount="2" falsecount="0"/>
        <line num="24" count="4" type="cond" truecount="2" falsecount="0"/>
        <line num="25" count="4" type="stmt"/>
        <line num="26" count="2" type="stmt"/>
        <line num="28" count="4" type="cond" truecount="1" falsecount="0"/>
        <line num="29" count="1" type="stmt"/>
        <line num="31" count="3" type="cond" truecount="2" falsecount="0"/>
        <line num="32" count="1" type="stmt"/>
        <line num="33" count="1" type="stmt"/>
        <line num="36" count="2" type="stmt"/>
        <line num="38" count="2" type="stmt"/>
        <line num="39" count="0" type="stmt"/>
        <line num="40" count="0" type="cond" truecount="0" falsecount="1"/>
        <line num="41" count="0" type="stmt"/>
        <line num="42" count="0" type="cond" truecount="0" falsecount="2"/>
        <line num="43" count="0" type="cond" truecount="0" falsecount="2"/>
        <line num="44" count="0" type="cond" truecount="0" falsecount="2"/>
        <line num="47" count="0" type="stmt"/>
        <line num="48" count="0" type="cond" truecount="0" falsecount="2"/>
        <line num="49" count="0" type="stmt"/>
        <line num="53" count="2" type="stmt"/>
        <line num="55" count="0" type="cond" truecount="0" falsecount="1"/>
        <line num="56" count="0" type="stmt"/>
        <line num="57" count="0" type="cond" truecount="0" falsecount="3"/>
        <line num="58" count="0" type="stmt"/>
        <line num="59" count="0" type="stmt"/>
        <line num="69" count="2" type="stmt"/>
        <line num="71" count="0" type="cond" truecount="0" falsecount="1"/>
        <line num="72" count="0" type="stmt"/>
        <line num="73" count="0" type="stmt"/>
        <line num="74" count="0" type="stmt"/>
        <line num="75" count="0" type="stmt"/>
        <line num="76" count="0" type="stmt"/>
        <line num="77" count="0" type="stmt"/>
        <line num="78" count="0" type="stmt"/>
        <line num="79" count="2" type="stmt"/>
        <line num="80" count="2" type="stmt"/>
        <line num="81" count="2" type="stmt"/>
        <line num="83" count="2" type="stmt"/>
        <line num="86" count="2" type="stmt"/>
        <line num="88" count="2" type="stmt"/>
        <line num="89" count="2" type="stmt"/>
        <line num="91" count="2" type="stmt"/>
        <line num="93" count="2" type="stmt"/>
        <line num="94" count="2" type="stmt"/>
        <line num="95" count="2" type="cond" truecount="1" falsecount="0"/>
        <line num="96" count="2" type="stmt"/>
        <line num="97" count="2" type="cond" truecount="2" falsecount="0"/>
        <line num="98" count="1" type="stmt"/>
        <line num="101" count="1" type="stmt"/>
        <line num="102" count="1" type="stmt"/>
        <line num="103" count="1" type="cond" truecount="1" falsecount="0"/>
        <line num="104" count="1" type="stmt"/>
        <line num="105" count="1" type="stmt"/>
        <line num="110" count="2" type="cond" truecount="2" falsecount="0"/>
        <line num="111" count="2" type="stmt"/>
        <line num="112" count="3" type="stmt"/>
        <line num="113" count="3" type="cond" truecount="2" falsecount="0"/>
        <line num="114" count="3" type="stmt"/>
        <line num="115" count="3" type="stmt"/>
        <line num="116" count="3" type="stmt"/>
        <line num="117" count="3" type="stmt"/>
        <line num="118" count="3" type="stmt"/>
        <line num="119" count="3" type="stmt"/>
        <line num="120" count="0" type="stmt"/>
        <line num="121" count="0" type="stmt"/>
        <line num="131" count="0" type="stmt"/>
        <line num="132" count="0" type="stmt"/>
        <line num="133" count="0" type="stmt"/>
        <line num="134" count="0" type="stmt"/>
        <line num="135" count="0" type="stmt"/>
        <line num="136" count="0" type="cond" truecount="0" falsecount="3"/>
        <line num="138" count="0" type="stmt"/>
        <line num="139" count="0" type="stmt"/>
        <line num="140" count="0" type="stmt"/>
        <line num="141" count="0" type="stmt"/>
        <line num="142" count="0" type="stmt"/>
        <line num="143" count="0" type="stmt"/>
        <line num="146" count="0" type="stmt"/>
        <line num="147" count="0" type="stmt"/>
        <line num="148" count="0" type="stmt"/>
        <line num="151" count="0" type="cond" truecount="0" falsecount="3"/>
        <line num="152" count="0" type="stmt"/>
        <line num="153" count="0" type="stmt"/>
        <line num="156" count="0" type="stmt"/>
        <line num="158" count="2" type="stmt"/>
        <line num="160" count="3" type="stmt"/>
        <line num="172" count="2" type="stmt"/>
        <line num="174" count="0" type="stmt"/>
        <line num="175" count="0" type="stmt"/>
        <line num="176" count="0" type="cond" truecount="0" falsecount="2"/>
        <line num="177" count="0" type="cond" truecount="0" falsecount="3"/>
        <line num="178" count="0" type="cond" truecount="0" falsecount="2"/>
        <line num="179" count="0" type="cond" truecount="0" falsecount="2"/>
        <line num="182" count="0" type="stmt"/>
        <line num="183" count="0" type="stmt"/>
        <line num="185" count="0" type="stmt"/>
        <line num="187" count="0" type="stmt"/>
        <line num="189" count="0" type="stmt"/>
        <line num="190" count="0" type="stmt"/>
        <line num="191" count="2" type="stmt"/>
        <line num="193" count="2" type="stmt"/>
      </file>
    </package>
  </project>
</coverage>
