TN:
SF:src\init.js
FN:6,init
FN:20,initTheme
FN:26,initI18n
FN:32,(anonymous_3)
FNF:4
FNH:0
FNDA:0,init
FNDA:0,initTheme
FNDA:0,initI18n
FNDA:0,(anonymous_3)
DA:7,0
DA:9,0
DA:10,0
DA:11,0
DA:13,0
DA:14,0
DA:16,0
DA:17,0
DA:18,0
DA:21,0
DA:22,0
DA:23,0
DA:27,0
DA:28,0
DA:29,0
DA:33,0
DA:34,0
DA:35,0
DA:36,0
LF:19
LH:0
BRDA:6,0,0,0
BRDA:7,1,0,0
BRDA:7,1,1,0
BRDA:10,2,0,0
BRDA:10,2,1,0
BRDA:10,3,0,0
BRDA:10,3,1,0
BRDA:13,4,0,0
BRDA:13,4,1,0
BRDA:13,5,0,0
BRDA:13,5,1,0
BRDA:16,6,0,0
BRDA:16,6,1,0
BRDA:16,6,2,0
BRDA:16,6,3,0
BRDA:17,7,0,0
BRDA:17,7,1,0
BRDA:17,7,2,0
BRDA:17,7,3,0
BRDA:17,7,4,0
BRDA:20,8,0,0
BRDA:21,9,0,0
BRDA:21,9,1,0
BRDA:26,10,0,0
BRDA:27,11,0,0
BRDA:27,11,1,0
BRDA:27,12,0,0
BRDA:27,12,1,0
BRDA:27,13,0,0
BRDA:27,13,1,0
BRDA:27,13,2,0
BRDA:29,14,0,0
BRDA:29,14,1,0
BRDA:29,14,2,0
BRDA:29,14,3,0
BRDA:33,15,0,0
BRDA:33,15,1,0
BRDA:34,16,0,0
BRDA:34,16,1,0
BRDA:34,17,0,0
BRDA:34,17,1,0
BRDA:34,17,2,0
BRF:42
BRH:0
end_of_record
TN:
SF:src\common\_lang\en.js
FNF:0
FNH:0
LF:0
LH:0
BRF:0
BRH:0
end_of_record
TN:
SF:src\common\_lang\zh.js
FNF:0
FNH:0
LF:0
LH:0
BRF:0
BRH:0
end_of_record
TN:
SF:src\common\_mixin\AntdRender.ts
FN:1,(anonymous_0)
FN:11,(anonymous_1)
FN:12,BaseRender
FN:50,getPrefixCls
FN:57,renderEmptyComponent
FN:61,getComponentInstance
FN:65,renderChildren
FN:76,render
FN:32,get
FN:35,get
FN:38,get
FN:41,get
FN:44,get
FN:47,get
FNF:14
FNH:14
FNDA:935,(anonymous_0)
FNDA:85,(anonymous_1)
FNDA:563,BaseRender
FNDA:1753,getPrefixCls
FNDA:243,renderEmptyComponent
FNDA:1535,getComponentInstance
FNDA:1530,renderChildren
FNDA:1244,render
FNDA:321,get
FNDA:821,get
FNDA:395,get
FNDA:1172,get
FNDA:514,get
FNDA:299,get
DA:1,85
DA:2,935
DA:3,935
DA:4,935
DA:5,935
DA:7,85
DA:8,85
DA:9,85
DA:10,85
DA:11,85
DA:13,563
DA:14,563
DA:15,563
DA:26,563
DA:30,563
DA:31,85
DA:33,321
DA:36,821
DA:39,395
DA:42,1172
DA:45,514
DA:48,299
DA:49,85
DA:51,1753
DA:52,1753
DA:53,21
DA:55,1732
DA:56,85
DA:58,243
DA:59,243
DA:60,85
DA:62,1535
DA:63,1535
DA:64,85
DA:66,1530
DA:67,1530
DA:68,634
DA:69,151
DA:74,1530
DA:75,85
DA:77,1244
DA:78,1244
DA:86,85
DA:88,85
DA:91,85
DA:94,85
DA:97,85
DA:100,85
DA:103,85
DA:106,85
DA:109,85
DA:112,85
DA:115,85
DA:118,85
DA:121,85
DA:122,85
LF:56
LH:56
BRDA:1,0,0,85
BRDA:1,0,1,0
BRDA:1,0,2,85
BRDA:2,1,0,85
BRDA:2,1,1,850
BRDA:2,2,0,0
BRDA:2,2,1,850
BRDA:3,3,0,0
BRDA:3,3,1,935
BRDA:3,4,0,935
BRDA:3,4,1,935
BRDA:4,5,0,935
BRDA:4,6,0,935
BRDA:4,6,1,850
BRDA:4,7,0,85
BRDA:4,7,1,850
BRDA:4,8,0,850
BRDA:4,8,1,0
BRDA:5,9,0,935
BRDA:5,9,1,850
BRDA:5,9,2,0
BRDA:13,10,0,563
BRDA:13,10,1,563
BRDA:20,11,0,563
BRDA:20,11,1,0
BRDA:27,12,0,563
BRDA:27,12,1,0
BRDA:51,13,0,1753
BRDA:51,13,1,0
BRDA:52,14,0,21
BRDA:55,15,0,1731
BRDA:55,15,1,1
BRDA:58,16,0,243
BRDA:58,16,1,243
BRDA:66,17,0,1530
BRDA:66,17,1,1047
BRDA:68,18,0,151
BRF:37
BRH:29
end_of_record
TN:
SF:src\common\_mixin\Card.ts
FN:1,(anonymous_0)
FN:10,(anonymous_1)
FN:15,validator
FNF:3
FNH:3
FNDA:119,(anonymous_0)
FNDA:116,(anonymous_1)
FNDA:102,validator
DA:1,17
DA:2,119
DA:3,119
DA:4,119
DA:5,119
DA:7,17
DA:8,17
DA:9,17
DA:10,133
DA:12,17
DA:16,102
DA:20,17
DA:23,17
DA:26,17
DA:29,17
DA:32,17
DA:35,17
DA:40,17
DA:41,17
LF:19
LH:19
BRDA:1,0,0,17
BRDA:1,0,1,0
BRDA:1,0,2,17
BRDA:2,1,0,17
BRDA:2,1,1,102
BRDA:2,2,0,0
BRDA:2,2,1,102
BRDA:3,3,0,0
BRDA:3,3,1,119
BRDA:3,4,0,119
BRDA:3,4,1,119
BRDA:4,5,0,119
BRDA:4,6,0,119
BRDA:4,6,1,102
BRDA:4,7,0,17
BRDA:4,7,1,102
BRDA:4,8,0,102
BRDA:4,8,1,0
BRDA:5,9,0,119
BRDA:5,9,1,102
BRDA:5,9,2,0
BRDA:10,10,0,99
BRDA:10,10,1,99
BRF:23
BRH:18
end_of_record
TN:
SF:src\common\_mixin\Theme.ts
FN:1,(anonymous_0)
FN:13,(anonymous_1)
FN:14,Theme
FN:93,themeStyleChanged
FN:96,created
FN:100,mounted
FN:103,beforeDestroy
FN:106,changeThemeCallback
FN:114,initThemeData
FN:118,initNeedTheme
FN:119,(anonymous_10)
FN:128,registerPropListener
FN:131,(anonymous_12)
FN:132,(anonymous_13)
FN:141,setDataRelatedProps
FN:144,(anonymous_15)
FN:152,setDataRelatedWithBackgound
FN:158,getSelfProps
FN:162,getRealColor
FN:173,getDataNameOfProp
FN:183,render
FN:25,get
FN:30,get
FN:35,get
FN:40,get
FN:45,get
FN:50,get
FN:55,get
FN:60,get
FN:65,get
FN:70,get
FN:75,get
FN:78,get
FN:81,get
FN:82,(anonymous_34)
FN:88,get
FN:89,(anonymous_36)
FNF:37
FNH:32
FNDA:480,(anonymous_0)
FNDA:96,(anonymous_1)
FNDA:964,Theme
FNDA:0,themeStyleChanged
FNDA:964,created
FNDA:964,mounted
FNDA:944,beforeDestroy
FNDA:7,changeThemeCallback
FNDA:964,initThemeData
FNDA:7,initNeedTheme
FNDA:0,(anonymous_10)
FNDA:964,registerPropListener
FNDA:2892,(anonymous_12)
FNDA:0,(anonymous_13)
FNDA:971,setDataRelatedProps
FNDA:2913,(anonymous_15)
FNDA:970,setDataRelatedWithBackgound
FNDA:1935,getSelfProps
FNDA:6767,getRealColor
FNDA:2912,getDataNameOfProp
FNDA:2,render
FNDA:66,get
FNDA:119,get
FNDA:0,get
FNDA:232,get
FNDA:11,get
FNDA:112,get
FNDA:260,get
FNDA:266,get
FNDA:28,get
FNDA:0,get
FNDA:74,get
FNDA:22,get
FNDA:5,get
FNDA:12,(anonymous_34)
FNDA:41,get
FNDA:56,(anonymous_36)
DA:1,96
DA:2,480
DA:3,480
DA:4,480
DA:5,480
DA:8,96
DA:9,96
DA:10,96
DA:11,96
DA:12,96
DA:13,96
DA:15,964
DA:16,964
DA:17,964
DA:18,964
DA:19,964
DA:20,964
DA:21,964
DA:22,964
DA:23,964
DA:24,96
DA:26,66
DA:31,119
DA:36,0
DA:41,232
DA:46,11
DA:51,112
DA:56,260
DA:61,266
DA:66,28
DA:71,0
DA:76,74
DA:79,22
DA:82,5
DA:83,12
DA:89,41
DA:90,56
DA:92,96
DA:94,0
DA:95,96
DA:97,964
DA:98,964
DA:99,96
DA:101,964
DA:102,96
DA:104,944
DA:105,96
DA:107,7
DA:108,7
DA:109,6
DA:112,7
DA:113,96
DA:115,964
DA:116,964
DA:117,96
DA:118,7
DA:119,7
DA:120,0
DA:121,0
DA:124,0
DA:127,96
DA:128,964
DA:129,964
DA:130,964
DA:131,964
DA:132,2892
DA:133,0
DA:134,0
DA:135,0
DA:136,0
DA:140,96
DA:141,971
DA:142,971
DA:143,971
DA:144,971
DA:145,2913
DA:146,2912
DA:147,2912
DA:148,2912
DA:151,96
DA:153,970
DA:154,970
DA:155,970
DA:156,970
DA:157,96
DA:160,1935
DA:161,96
DA:163,6767
DA:164,6767
DA:165,1925
DA:167,4842
DA:168,4842
DA:169,4842
DA:170,4842
DA:171,4842
DA:172,96
DA:174,2912
DA:176,971
DA:178,971
DA:180,970
DA:182,96
DA:184,2
DA:185,96
DA:187,96
DA:190,96
DA:193,96
DA:196,96
DA:199,96
DA:204,96
DA:205,96
LF:110
LH:100
BRDA:1,0,0,96
BRDA:1,0,1,0
BRDA:1,0,2,96
BRDA:2,1,0,96
BRDA:2,1,1,384
BRDA:2,2,0,96
BRDA:2,2,1,288
BRDA:3,3,0,0
BRDA:3,3,1,480
BRDA:3,4,0,480
BRDA:3,4,1,480
BRDA:4,5,0,480
BRDA:4,6,0,480
BRDA:4,6,1,384
BRDA:4,7,0,96
BRDA:4,7,1,384
BRDA:4,8,0,384
BRDA:4,8,1,0
BRDA:5,9,0,480
BRDA:5,9,1,384
BRDA:5,9,2,96
BRDA:15,10,0,964
BRDA:15,10,1,964
BRDA:108,11,0,6
BRDA:120,12,0,0
BRDA:120,12,1,0
BRDA:121,13,0,0
BRDA:121,13,1,0
BRDA:134,14,0,0
BRDA:134,14,1,0
BRDA:135,15,0,0
BRDA:142,16,0,971
BRDA:142,16,1,964
BRDA:142,16,2,0
BRDA:145,17,0,2912
BRDA:147,18,0,20
BRDA:147,18,1,2892
BRDA:148,19,0,2912
BRDA:148,19,1,2895
BRDA:153,20,0,970
BRDA:153,20,1,968
BRDA:154,21,0,970
BRDA:154,21,1,968
BRDA:155,22,0,970
BRDA:155,22,1,968
BRDA:156,23,0,970
BRDA:156,23,1,968
BRDA:163,24,0,6767
BRDA:163,24,1,6723
BRDA:163,24,2,0
BRDA:164,25,0,1925
BRDA:164,26,0,6767
BRDA:164,26,1,5811
BRDA:164,26,2,5807
BRDA:174,27,0,971
BRDA:174,27,1,971
BRDA:174,27,2,970
BRF:57
BRH:45
end_of_record
TN:
SF:src\common\_mixin\ThirdService.ts
FN:1,(anonymous_0)
FN:10,(anonymous_1)
FN:11,ThirdService
FN:16,onUrlChange
FN:21,onFieldChange
FN:26,onProxyChange
FN:32,getData
FN:39,fetchData
FN:43,setValue
FNF:9
FNH:5
FNDA:21,(anonymous_0)
FNDA:3,(anonymous_1)
FNDA:13,ThirdService
FNDA:13,onUrlChange
FNDA:0,onFieldChange
FNDA:0,onProxyChange
FNDA:1,getData
FNDA:0,fetchData
FNDA:0,setValue
DA:1,3
DA:2,21
DA:3,21
DA:4,21
DA:5,21
DA:7,3
DA:8,3
DA:9,3
DA:10,3
DA:12,13
DA:13,13
DA:14,13
DA:15,3
DA:17,13
DA:18,0
DA:20,3
DA:22,0
DA:23,0
DA:25,3
DA:27,0
DA:28,0
DA:29,0
DA:31,3
DA:33,1
DA:34,1
DA:35,1
DA:37,1
DA:38,3
DA:39,0
DA:40,0
DA:41,0
DA:42,3
DA:44,0
DA:45,0
DA:47,0
DA:49,3
DA:51,3
DA:54,3
DA:57,3
DA:60,3
DA:63,3
DA:66,3
DA:69,3
DA:72,3
DA:73,3
LF:45
LH:33
BRDA:1,0,0,3
BRDA:1,0,1,0
BRDA:1,0,2,3
BRDA:2,1,0,3
BRDA:2,1,1,18
BRDA:2,2,0,9
BRDA:2,2,1,9
BRDA:3,3,0,0
BRDA:3,3,1,21
BRDA:3,4,0,21
BRDA:3,4,1,21
BRDA:4,5,0,21
BRDA:4,6,0,21
BRDA:4,6,1,18
BRDA:4,7,0,3
BRDA:4,7,1,18
BRDA:4,8,0,18
BRDA:4,8,1,0
BRDA:5,9,0,21
BRDA:5,9,1,18
BRDA:5,9,2,9
BRDA:12,10,0,13
BRDA:12,10,1,13
BRDA:17,11,0,0
BRDA:22,12,0,0
BRDA:27,13,0,0
BRDA:27,13,1,0
BRDA:28,14,0,0
BRDA:33,15,0,1
BRDA:44,16,0,0
BRDA:44,17,0,0
BRDA:44,17,1,0
BRF:32
BRH:21
end_of_record
TN:
SF:src\common\_mixin\Timer.ts
FN:1,(anonymous_0)
FN:9,(anonymous_1)
FN:10,Timer
FN:14,onStartTimingChange
FN:22,onFrequencyChange
FN:27,_start
FN:30,(anonymous_6)
FN:34,_close
FN:41,startTimer
FN:42,timing
FN:43,closeTimer
FN:44,resetTimer
FN:48,beforeDestroy
FNF:13
FNH:7
FNDA:40,(anonymous_0)
FNDA:8,(anonymous_1)
FNDA:58,Timer
FNDA:58,onStartTimingChange
FNDA:0,onFrequencyChange
FNDA:0,_start
FNDA:0,(anonymous_6)
FNDA:58,_close
FNDA:0,startTimer
FNDA:0,timing
FNDA:58,closeTimer
FNDA:0,resetTimer
FNDA:53,beforeDestroy
DA:1,8
DA:2,40
DA:3,40
DA:4,40
DA:5,40
DA:7,8
DA:8,8
DA:9,8
DA:11,58
DA:12,58
DA:13,8
DA:15,58
DA:16,0
DA:19,58
DA:21,8
DA:23,0
DA:24,0
DA:26,8
DA:27,0
DA:28,0
DA:29,0
DA:30,0
DA:31,0
DA:33,8
DA:35,58
DA:36,0
DA:37,0
DA:39,58
DA:40,8
DA:41,8
DA:42,8
DA:43,8
DA:45,0
DA:46,0
DA:47,8
DA:49,53
DA:50,8
DA:52,8
DA:55,8
DA:58,8
DA:61,8
DA:64,8
DA:67,8
DA:68,8
LF:44
LH:32
BRDA:1,0,0,8
BRDA:1,0,1,0
BRDA:1,0,2,8
BRDA:2,1,0,8
BRDA:2,1,1,32
BRDA:2,2,0,16
BRDA:2,2,1,16
BRDA:3,3,0,0
BRDA:3,3,1,40
BRDA:3,4,0,40
BRDA:3,4,1,40
BRDA:4,5,0,40
BRDA:4,6,0,40
BRDA:4,6,1,32
BRDA:4,7,0,8
BRDA:4,7,1,32
BRDA:4,8,0,32
BRDA:4,8,1,0
BRDA:5,9,0,40
BRDA:5,9,1,32
BRDA:5,9,2,16
BRDA:11,10,0,58
BRDA:11,10,1,58
BRDA:15,11,0,0
BRDA:15,11,1,58
BRDA:23,12,0,0
BRDA:28,13,0,0
BRDA:28,13,1,0
BRDA:35,14,0,0
BRDA:49,15,0,53
BRDA:49,15,1,0
BRF:31
BRH:22
end_of_record
TN:
SF:src\common\_mixin\VmUpdater.ts
FN:1,(anonymous_0)
FN:10,(anonymous_1)
FN:11,mounted
FN:18,setViewModel
FN:22,watchViewModelOptions
FN:26,(anonymous_6)
FN:27,(anonymous_7)
FNF:7
FNH:6
FNDA:44,(anonymous_0)
FNDA:191,(anonymous_1)
FNDA:147,mounted
FNDA:0,setViewModel
FNDA:141,watchViewModelOptions
FNDA:1684,(anonymous_6)
FNDA:84,(anonymous_7)
DA:1,44
DA:2,44
DA:3,44
DA:4,44
DA:5,44
DA:7,44
DA:8,44
DA:9,44
DA:10,235
DA:13,147
DA:14,141
DA:17,44
DA:19,0
DA:21,44
DA:22,141
DA:26,141
DA:27,1684
DA:28,84
DA:29,56
DA:30,0
DA:31,0
DA:33,56
DA:35,56
DA:39,44
DA:41,44
DA:44,44
DA:45,44
LF:27
LH:24
BRDA:1,0,0,44
BRDA:1,0,1,0
BRDA:1,0,2,44
BRDA:2,1,0,44
BRDA:2,1,1,0
BRDA:2,2,0,0
BRDA:2,2,1,0
BRDA:3,3,0,0
BRDA:3,3,1,44
BRDA:3,4,0,44
BRDA:3,4,1,44
BRDA:4,5,0,44
BRDA:4,6,0,44
BRDA:4,6,1,0
BRDA:4,7,0,44
BRDA:4,7,1,0
BRDA:4,8,0,0
BRDA:4,8,1,0
BRDA:5,9,0,44
BRDA:5,9,1,0
BRDA:5,9,2,0
BRDA:10,10,0,147
BRDA:10,10,1,147
BRDA:13,11,0,141
BRDA:28,12,0,56
BRDA:29,13,0,0
BRDA:35,14,0,56
BRDA:35,14,1,56
BRF:28
BRH:16
end_of_record
TN:
SF:src\common\_types\AddressMatchParameter.js
FN:4,(anonymous_0)
FNF:1
FNH:1
FNDA:3,(anonymous_0)
DA:5,3
DA:6,3
DA:7,3
LF:3
LH:3
BRDA:6,0,0,3
BRDA:6,0,1,3
BRF:2
BRH:2
end_of_record
TN:
SF:src\common\_types\GeoJSONParamter.ts
FN:2,GeoJSONParameter
FNF:1
FNH:0
FNDA:0,GeoJSONParameter
DA:2,1
DA:3,0
DA:4,0
DA:5,0
DA:8,1
LF:5
LH:2
BRDA:2,0,0,0
BRDA:4,1,0,0
BRDA:4,1,1,0
BRF:3
BRH:0
end_of_record
TN:
SF:src\common\_types\RestDataParameter.js
FN:5,(anonymous_0)
FNF:1
FNH:1
FNDA:8,(anonymous_0)
DA:6,8
LF:1
LH:1
BRF:0
BRH:0
end_of_record
TN:
SF:src\common\_types\RestMapParameter.js
FN:5,(anonymous_0)
FNF:1
FNH:1
FNDA:7,(anonymous_0)
DA:6,7
LF:1
LH:1
BRF:0
BRH:0
end_of_record
TN:
SF:src\common\_types\RestParameter.js
FN:4,(anonymous_0)
FNF:1
FNH:0
FNDA:0,(anonymous_0)
DA:5,0
DA:6,0
DA:7,0
DA:8,0
DA:9,0
DA:10,0
LF:6
LH:0
BRDA:7,0,0,0
BRDA:7,0,1,0
BRDA:8,1,0,0
BRDA:8,1,1,0
BRDA:9,2,0,0
BRDA:9,2,1,0
BRF:6
BRH:0
end_of_record
TN:
SF:src\common\_types\iPortalDataParameter.js
FN:4,(anonymous_0)
FNF:1
FNH:1
FNDA:9,(anonymous_0)
DA:5,9
DA:6,9
DA:7,9
DA:8,9
DA:9,9
DA:10,9
LF:6
LH:6
BRDA:7,0,0,9
BRDA:7,0,1,6
BRDA:8,1,0,9
BRDA:8,1,1,9
BRDA:9,2,0,9
BRDA:9,2,1,9
BRDA:10,3,0,9
BRDA:10,3,1,9
BRF:8
BRH:8
end_of_record
TN:
SF:src\common\_types\iServerBaseParameter.ts
FN:2,iServerBaseParameter
FNF:1
FNH:1
FNDA:15,iServerBaseParameter
DA:2,3
DA:3,15
DA:4,15
DA:5,15
DA:6,15
DA:7,15
DA:10,3
LF:7
LH:7
BRDA:5,0,0,15
BRDA:5,0,1,6
BRDA:6,1,0,15
BRDA:6,1,1,6
BRF:4
BRH:4
end_of_record
TN:
SF:src\common\_types\iServerDataParameter.ts
FN:3,(anonymous_0)
FN:4,iServerDataParameter
FNF:2
FNH:2
FNDA:3,(anonymous_0)
FNDA:8,iServerDataParameter
DA:1,3
DA:2,3
DA:3,3
DA:5,8
DA:6,8
DA:7,8
DA:8,3
DA:10,3
LF:8
LH:8
BRDA:5,0,0,8
BRDA:5,0,1,8
BRDA:7,1,0,8
BRDA:7,1,1,8
BRF:4
BRH:4
end_of_record
TN:
SF:src\common\_types\iServerMapParameter.ts
FN:3,(anonymous_0)
FN:4,iServerMapParameter
FNF:2
FNH:2
FNDA:3,(anonymous_0)
FNDA:7,iServerMapParameter
DA:1,3
DA:2,3
DA:3,3
DA:5,7
DA:6,7
DA:7,7
DA:8,3
DA:10,3
LF:8
LH:8
BRDA:5,0,0,7
BRDA:5,0,1,7
BRDA:7,1,0,7
BRDA:7,1,1,7
BRF:4
BRH:4
end_of_record
TN:
SF:src\common\_types\event\BaseTypes.js
FN:6,(anonymous_0)
FN:9,(anonymous_1)
FN:19,(anonymous_2)
FN:20,(anonymous_3)
FNF:4
FNH:4
FNDA:1,(anonymous_0)
FNDA:1,(anonymous_1)
FNDA:1,(anonymous_2)
FNDA:1,(anonymous_3)
DA:5,58
DA:8,1
DA:9,1
DA:12,1
DA:15,1
DA:20,1
DA:21,1
LF:7
LH:7
BRDA:21,0,0,1
BRDA:21,0,1,1
BRF:2
BRH:2
end_of_record
TN:
SF:src\common\_types\event\Event.js
FN:90,(anonymous_0)
FN:99,(anonymous_1)
FN:108,(anonymous_2)
FN:117,(anonymous_3)
FN:126,(anonymous_4)
FN:134,(anonymous_5)
FN:154,(anonymous_6)
FN:169,(anonymous_7)
FN:221,(anonymous_8)
FN:233,(anonymous_9)
FN:252,(anonymous_10)
FN:300,(anonymous_11)
FNF:12
FNH:2
FNDA:0,(anonymous_0)
FNDA:0,(anonymous_1)
FNDA:0,(anonymous_2)
FNDA:0,(anonymous_3)
FNDA:0,(anonymous_4)
FNDA:227,(anonymous_5)
FNDA:0,(anonymous_6)
FNDA:57,(anonymous_7)
FNDA:0,(anonymous_8)
FNDA:0,(anonymous_9)
FNDA:0,(anonymous_10)
FNDA:0,(anonymous_11)
DA:7,57
DA:91,0
DA:100,0
DA:109,0
DA:118,0
DA:127,0
DA:135,227
DA:136,0
DA:137,0
DA:139,0
DA:143,227
DA:144,0
DA:146,227
DA:155,0
DA:156,0
DA:157,0
DA:159,0
DA:170,57
DA:171,57
DA:173,57
DA:174,0
DA:177,57
DA:178,57
DA:181,57
DA:182,57
DA:183,57
DA:184,0
DA:186,57
DA:189,57
DA:191,57
DA:192,57
DA:195,57
DA:202,57
DA:203,57
DA:205,0
DA:207,57
DA:209,0
DA:210,0
DA:222,0
DA:223,0
DA:225,0
DA:234,0
DA:235,0
DA:236,0
DA:237,0
DA:238,0
DA:253,0
DA:255,0
DA:256,0
DA:258,0
DA:259,0
DA:260,0
DA:265,0
DA:266,0
DA:267,0
DA:269,0
DA:270,0
DA:271,0
DA:273,0
DA:274,0
DA:275,0
DA:276,0
DA:278,0
DA:279,0
DA:281,0
DA:286,0
DA:287,0
DA:288,0
DA:289,0
DA:290,0
DA:293,0
DA:302,0
DA:303,0
DA:304,0
DA:305,0
DA:307,0
DA:315,57
LF:77
LH:21
BRDA:91,0,0,0
BRDA:91,0,1,0
BRDA:100,1,0,0
BRDA:100,1,1,0
BRDA:109,2,0,0
BRDA:109,2,1,0
BRDA:118,3,0,0
BRDA:118,3,1,0
BRDA:118,3,2,0
BRDA:118,3,3,0
BRDA:127,4,0,0
BRDA:127,4,1,0
BRDA:127,4,2,0
BRDA:127,4,3,0
BRDA:135,5,0,0
BRDA:135,5,1,227
BRDA:136,6,0,0
BRDA:136,6,1,0
BRDA:143,7,0,0
BRDA:143,7,1,227
BRDA:156,8,0,0
BRDA:156,8,1,0
BRDA:156,8,2,0
BRDA:171,9,0,57
BRDA:171,9,1,57
BRDA:173,10,0,0
BRDA:173,10,1,57
BRDA:173,11,0,57
BRDA:173,11,1,0
BRDA:173,11,2,0
BRDA:177,12,0,57
BRDA:177,12,1,0
BRDA:181,13,0,57
BRDA:181,13,1,0
BRDA:183,14,0,0
BRDA:183,14,1,57
BRDA:191,15,0,57
BRDA:191,15,1,0
BRDA:202,16,0,57
BRDA:202,16,1,0
BRDA:203,17,0,0
BRDA:203,17,1,57
BRDA:209,18,0,0
BRDA:209,18,1,0
BRDA:234,19,0,0
BRDA:234,19,1,0
BRDA:253,20,0,0
BRDA:253,20,1,0
BRDA:258,21,0,0
BRDA:258,21,1,0
BRDA:259,22,0,0
BRDA:259,22,1,0
BRDA:259,23,0,0
BRDA:259,23,1,0
BRDA:267,24,0,0
BRDA:267,24,1,0
BRDA:270,25,0,0
BRDA:270,25,1,0
BRDA:273,26,0,0
BRDA:273,26,1,0
BRDA:273,27,0,0
BRDA:273,27,1,0
BRDA:273,27,2,0
BRDA:275,28,0,0
BRDA:275,28,1,0
BRDA:286,29,0,0
BRDA:286,29,1,0
BRDA:287,30,0,0
BRDA:287,30,1,0
BRDA:289,31,0,0
BRDA:289,31,1,0
BRDA:289,32,0,0
BRDA:289,32,1,0
BRDA:302,33,0,0
BRDA:302,33,1,0
BRDA:302,34,0,0
BRDA:302,34,1,0
BRF:77
BRH:12
end_of_record
TN:
SF:src\common\_types\event\Events.js
FN:19,(anonymous_0)
FN:81,(anonymous_1)
FN:110,(anonymous_2)
FN:122,(anonymous_3)
FN:152,(anonymous_4)
FN:160,(anonymous_5)
FN:186,(anonymous_6)
FN:190,(anonymous_7)
FN:198,(anonymous_8)
FN:218,(anonymous_9)
FN:224,(anonymous_10)
FN:264,(anonymous_11)
FN:296,(anonymous_12)
FN:310,(anonymous_13)
FNF:14
FNH:5
FNDA:451,(anonymous_0)
FNDA:0,(anonymous_1)
FNDA:0,(anonymous_2)
FNDA:0,(anonymous_3)
FNDA:206,(anonymous_4)
FNDA:633,(anonymous_5)
FNDA:0,(anonymous_6)
FNDA:0,(anonymous_7)
FNDA:0,(anonymous_8)
FNDA:1,(anonymous_9)
FNDA:413,(anonymous_10)
FNDA:0,(anonymous_11)
FNDA:0,(anonymous_12)
FNDA:0,(anonymous_13)
DA:32,451
DA:43,451
DA:45,451
DA:47,451
DA:49,451
DA:51,451
DA:53,451
DA:55,451
DA:56,451
DA:58,451
DA:60,451
DA:62,451
DA:64,451
DA:65,0
DA:66,0
DA:70,451
DA:71,0
DA:74,451
DA:82,0
DA:83,0
DA:84,0
DA:87,0
DA:88,0
DA:89,0
DA:90,0
DA:91,0
DA:96,0
DA:98,0
DA:99,0
DA:100,0
DA:101,0
DA:102,0
DA:111,0
DA:112,0
DA:113,0
DA:123,0
DA:124,0
DA:128,0
DA:133,0
DA:137,0
DA:138,0
DA:139,0
DA:143,0
DA:146,0
DA:149,0
DA:153,206
DA:154,633
DA:155,633
DA:161,633
DA:162,0
DA:164,633
DA:165,633
DA:166,633
DA:168,633
DA:169,633
DA:170,632
DA:171,632
DA:172,632
DA:174,633
DA:175,633
DA:176,0
DA:177,0
DA:178,0
DA:181,633
DA:187,0
DA:191,0
DA:192,0
DA:193,0
DA:199,0
DA:200,0
DA:202,0
DA:203,0
DA:204,0
DA:205,0
DA:206,0
DA:207,0
DA:219,1
DA:220,1
DA:225,413
DA:228,413
DA:229,185
DA:233,228
DA:234,0
DA:236,228
DA:237,228
DA:238,228
DA:239,183
DA:245,228
DA:247,228
DA:248,228
DA:250,228
DA:252,227
DA:254,0
DA:258,227
DA:259,227
DA:261,227
DA:265,0
DA:266,0
DA:267,0
DA:269,0
DA:272,0
DA:273,0
DA:274,0
DA:275,0
DA:276,0
DA:278,0
DA:279,0
DA:280,0
DA:281,0
DA:283,0
DA:284,0
DA:286,0
DA:287,0
DA:289,0
DA:297,0
DA:298,0
DA:299,0
DA:300,0
DA:302,0
DA:311,0
DA:312,0
DA:313,0
DA:314,0
DA:315,0
DA:318,0
DA:319,0
DA:320,0
DA:326,0
DA:327,0
DA:333,0
DA:334,0
DA:337,0
DA:344,57
LF:133
LH:49
BRDA:64,0,0,0
BRDA:64,0,1,451
BRDA:70,1,0,0
BRDA:70,1,1,451
BRDA:83,2,0,0
BRDA:83,2,1,0
BRDA:88,3,0,0
BRDA:88,3,1,0
BRDA:90,4,0,0
BRDA:90,4,1,0
BRDA:111,5,0,0
BRDA:111,5,1,0
BRDA:123,6,0,0
BRDA:123,6,1,0
BRDA:154,7,0,633
BRDA:154,7,1,0
BRDA:154,8,0,633
BRDA:154,8,1,633
BRDA:161,9,0,0
BRDA:161,9,1,633
BRDA:161,10,0,633
BRDA:161,10,1,0
BRDA:164,11,0,633
BRDA:164,11,1,0
BRDA:164,12,0,633
BRDA:164,12,1,633
BRDA:165,13,0,633
BRDA:165,13,1,0
BRDA:169,14,0,632
BRDA:169,14,1,1
BRDA:175,15,0,0
BRDA:175,15,1,633
BRDA:177,16,0,0
BRDA:177,16,1,0
BRDA:177,17,0,0
BRDA:177,17,1,0
BRDA:192,18,0,0
BRDA:192,18,1,0
BRDA:192,19,0,0
BRDA:192,19,1,0
BRDA:199,20,0,0
BRDA:199,20,1,0
BRDA:203,21,0,0
BRDA:203,21,1,0
BRDA:205,22,0,0
BRDA:205,22,1,0
BRDA:205,23,0,0
BRDA:205,23,1,0
BRDA:219,24,0,1
BRDA:219,24,1,0
BRDA:228,25,0,185
BRDA:228,25,1,228
BRDA:228,26,0,413
BRDA:228,26,1,228
BRDA:233,27,0,0
BRDA:233,27,1,228
BRDA:238,28,0,183
BRDA:238,28,1,45
BRDA:252,29,0,0
BRDA:252,29,1,227
BRDA:252,30,0,227
BRDA:252,30,1,3
BRDA:258,31,0,227
BRDA:258,31,1,0
BRDA:267,32,0,0
BRDA:267,32,1,0
BRDA:267,33,0,0
BRDA:267,33,1,0
BRDA:273,34,0,0
BRDA:273,34,1,0
BRDA:273,35,0,0
BRDA:273,35,1,0
BRDA:286,36,0,0
BRDA:286,36,1,0
BRDA:300,37,0,0
BRDA:300,37,1,0
BRDA:300,38,0,0
BRDA:300,38,1,0
BRDA:300,39,0,0
BRDA:300,39,1,0
BRDA:300,39,2,0
BRDA:311,40,0,0
BRDA:311,40,1,0
BRDA:313,41,0,0
BRDA:313,41,1,0
BRDA:318,42,0,0
BRDA:318,42,1,0
BRDA:326,43,0,0
BRDA:326,43,1,0
BRDA:328,44,0,0
BRDA:328,44,1,0
BRDA:329,45,0,0
BRDA:329,45,1,0
BRDA:333,46,0,0
BRDA:333,46,1,0
BRF:95
BRH:26
end_of_record
TN:
SF:src\common\_types\event\Pixel.js
FN:22,(anonymous_0)
FN:71,(anonymous_1)
FN:83,(anonymous_2)
FN:98,(anonymous_3)
FN:118,(anonymous_4)
FN:137,(anonymous_5)
FN:156,(anonymous_6)
FN:172,(anonymous_7)
FNF:8
FNH:8
FNDA:10,(anonymous_0)
FNDA:2,(anonymous_1)
FNDA:3,(anonymous_2)
FNDA:3,(anonymous_3)
FNDA:1,(anonymous_4)
FNDA:3,(anonymous_5)
FNDA:2,(anonymous_6)
FNDA:1,(anonymous_7)
DA:27,10
DA:33,10
DA:40,10
DA:41,10
DA:49,10
DA:72,2
DA:84,3
DA:99,3
DA:100,3
DA:101,2
DA:104,3
DA:119,1
DA:138,3
DA:139,1
DA:141,2
DA:157,2
DA:158,2
DA:159,1
DA:161,2
DA:173,1
DA:174,1
DA:175,1
LF:22
LH:22
BRDA:27,0,0,9
BRDA:27,0,1,1
BRDA:33,1,0,9
BRDA:33,1,1,1
BRDA:100,2,0,2
BRDA:100,2,1,1
BRDA:101,3,0,2
BRDA:101,3,1,1
BRDA:101,3,2,1
BRDA:101,3,3,1
BRDA:101,3,4,1
BRDA:101,3,5,1
BRDA:138,4,0,1
BRDA:138,4,1,2
BRDA:138,5,0,3
BRDA:138,5,1,2
BRDA:158,6,0,1
BRDA:158,6,1,1
BRF:18
BRH:18
end_of_record
TN:
SF:src\common\_types\event\Util.js
FN:13,(anonymous_0)
FN:35,(anonymous_1)
FN:51,(anonymous_2)
FN:76,(anonymous_3)
FN:97,(anonymous_4)
FN:106,(anonymous_5)
FN:116,(anonymous_6)
FN:131,(anonymous_7)
FN:149,(anonymous_8)
FN:167,(anonymous_9)
FNF:10
FNH:4
FNDA:451,(anonymous_0)
FNDA:0,(anonymous_1)
FNDA:0,(anonymous_2)
FNDA:0,(anonymous_3)
FNDA:0,(anonymous_4)
FNDA:0,(anonymous_5)
FNDA:0,(anonymous_6)
FNDA:633,(anonymous_7)
FNDA:57,(anonymous_8)
FNDA:57,(anonymous_9)
DA:5,57
DA:13,57
DA:14,451
DA:15,451
DA:16,0
DA:17,0
DA:18,0
DA:19,0
DA:22,0
DA:24,0
DA:25,0
DA:28,451
DA:35,57
DA:36,0
DA:38,0
DA:39,0
DA:40,0
DA:41,0
DA:42,0
DA:51,57
DA:52,0
DA:53,0
DA:54,0
DA:55,0
DA:56,0
DA:57,0
DA:58,0
DA:61,0
DA:62,0
DA:63,0
DA:64,0
DA:67,0
DA:76,57
DA:77,0
DA:79,0
DA:80,0
DA:81,0
DA:82,0
DA:84,0
DA:85,0
DA:87,0
DA:89,0
DA:97,57
DA:98,0
DA:106,57
DA:107,0
DA:116,57
DA:117,0
DA:118,0
DA:119,0
DA:122,0
DA:131,57
DA:132,633
DA:133,0
DA:136,633
DA:137,633
DA:139,0
DA:140,0
DA:141,0
DA:144,0
DA:149,57
DA:150,57
DA:152,57
DA:153,57
DA:154,57
DA:155,0
DA:157,57
DA:158,57
DA:160,0
DA:162,0
DA:165,57
DA:167,57
DA:168,57
DA:169,0
DA:171,57
DA:172,57
LF:76
LH:27
BRDA:14,0,0,451
BRDA:14,0,1,0
BRDA:15,1,0,0
BRDA:15,1,1,451
BRDA:18,2,0,0
BRDA:18,2,1,0
BRDA:22,3,0,0
BRDA:22,3,1,0
BRDA:24,4,0,0
BRDA:24,4,1,0
BRDA:24,5,0,0
BRDA:24,5,1,0
BRDA:24,5,2,0
BRDA:36,6,0,0
BRDA:36,6,1,0
BRDA:38,7,0,0
BRDA:38,7,1,0
BRDA:41,8,0,0
BRDA:41,8,1,0
BRDA:52,9,0,0
BRDA:52,9,1,0
BRDA:54,10,0,0
BRDA:54,10,1,0
BRDA:55,11,0,0
BRDA:55,11,1,0
BRDA:55,12,0,0
BRDA:55,12,1,0
BRDA:57,13,0,0
BRDA:57,13,1,0
BRDA:62,14,0,0
BRDA:62,14,1,0
BRDA:62,15,0,0
BRDA:62,15,1,0
BRDA:63,16,0,0
BRDA:63,16,1,0
BRDA:81,17,0,0
BRDA:81,17,1,0
BRDA:84,18,0,0
BRDA:84,18,1,0
BRDA:98,19,0,0
BRDA:98,19,1,0
BRDA:118,20,0,0
BRDA:118,20,1,0
BRDA:132,21,0,0
BRDA:132,21,1,633
BRDA:136,22,0,633
BRDA:136,22,1,0
BRDA:140,23,0,0
BRDA:140,23,1,0
BRDA:154,24,0,0
BRDA:154,24,1,57
BRDA:157,25,0,57
BRDA:157,25,1,0
BRDA:168,26,0,0
BRDA:168,26,1,57
BRF:55
BRH:7
end_of_record
TN:
SF:src\common\_utils\EchartsDataService.js
FN:9,tranformSingleToMulti
FN:12,(anonymous_1)
FN:18,sortData
FN:19,(anonymous_3)
FN:24,(anonymous_4)
FN:60,(anonymous_5)
FN:79,(anonymous_6)
FN:81,(anonymous_7)
FN:83,(anonymous_8)
FN:86,(anonymous_9)
FN:104,(anonymous_10)
FN:118,(anonymous_11)
FN:126,(anonymous_12)
FN:155,(anonymous_13)
FN:165,(anonymous_14)
FN:183,(anonymous_15)
FN:197,(anonymous_16)
FN:207,(anonymous_17)
FN:243,(anonymous_18)
FN:267,(anonymous_19)
FN:274,(anonymous_20)
FN:286,(anonymous_21)
FN:315,(anonymous_22)
FN:331,(anonymous_23)
FN:344,(anonymous_24)
FN:357,(anonymous_25)
FN:362,(anonymous_26)
FN:380,(anonymous_27)
FN:384,(anonymous_28)
FN:403,(anonymous_29)
FNF:30
FNH:27
FNDA:0,tranformSingleToMulti
FNDA:0,(anonymous_1)
FNDA:22,sortData
FNDA:33,(anonymous_3)
FNDA:54,(anonymous_4)
FNDA:22,(anonymous_5)
FNDA:22,(anonymous_6)
FNDA:22,(anonymous_7)
FNDA:25,(anonymous_8)
FNDA:22,(anonymous_9)
FNDA:0,(anonymous_10)
FNDA:22,(anonymous_11)
FNDA:36,(anonymous_12)
FNDA:24,(anonymous_13)
FNDA:22,(anonymous_14)
FNDA:22,(anonymous_15)
FNDA:36,(anonymous_16)
FNDA:29,(anonymous_17)
FNDA:36,(anonymous_18)
FNDA:36,(anonymous_19)
FNDA:12,(anonymous_20)
FNDA:90,(anonymous_21)
FNDA:36,(anonymous_22)
FNDA:103,(anonymous_23)
FNDA:18,(anonymous_24)
FNDA:18,(anonymous_25)
FNDA:10,(anonymous_26)
FNDA:18,(anonymous_27)
FNDA:10,(anonymous_28)
FNDA:36,(anonymous_29)
DA:10,0
DA:11,0
DA:12,0
DA:13,0
DA:15,0
DA:19,33
DA:20,22
DA:21,22
DA:22,8
DA:24,54
DA:28,22
DA:29,22
DA:30,0
DA:32,22
DA:33,22
DA:62,22
DA:63,22
DA:64,22
DA:65,22
DA:66,22
DA:67,22
DA:68,22
DA:69,22
DA:70,22
DA:71,22
DA:81,22
DA:83,25
DA:84,22
DA:85,22
DA:88,22
DA:89,0
DA:93,22
DA:99,22
DA:102,22
DA:105,0
DA:108,22
DA:120,22
DA:122,22
DA:124,22
DA:126,22
DA:128,36
DA:130,36
DA:132,36
DA:133,36
DA:134,36
DA:136,36
DA:138,22
DA:139,22
DA:140,22
DA:141,22
DA:156,24
DA:166,22
DA:167,22
DA:168,22
DA:170,22
DA:171,22
DA:172,22
DA:173,22
DA:175,22
DA:184,22
DA:185,22
DA:186,22
DA:198,36
DA:199,36
DA:200,36
DA:201,36
DA:206,36
DA:207,5
DA:208,29
DA:213,31
DA:214,3
DA:215,3
DA:220,3
DA:221,3
DA:224,28
DA:226,28
DA:227,14
DA:229,14
DA:232,36
DA:244,36
DA:245,0
DA:246,0
DA:251,0
DA:256,36
DA:268,36
DA:269,36
DA:270,36
DA:272,36
DA:273,3
DA:274,3
DA:275,12
DA:280,3
DA:285,3
DA:286,90
DA:287,26
DA:288,26
DA:289,0
DA:290,0
DA:292,26
DA:293,15
DA:297,11
DA:300,26
DA:302,7
DA:304,36
DA:317,36
DA:318,36
DA:319,36
DA:320,36
DA:321,36
DA:323,36
DA:324,18
DA:326,18
DA:327,18
DA:330,18
DA:331,103
DA:333,36
DA:334,36
DA:345,18
DA:346,18
DA:358,18
DA:360,18
DA:361,10
DA:362,10
DA:364,10
DA:365,10
DA:367,10
DA:369,18
DA:381,18
DA:382,18
DA:383,18
DA:384,10
DA:385,10
DA:386,10
DA:388,0
DA:392,18
DA:405,36
LF:136
LH:122
BRDA:10,0,0,0
BRDA:10,0,1,0
BRDA:11,1,0,0
BRDA:11,1,1,0
BRDA:19,2,0,33
BRDA:19,2,1,15
BRDA:21,3,0,8
BRDA:21,3,1,14
BRDA:24,4,0,0
BRDA:24,4,1,54
BRDA:25,5,0,0
BRDA:25,5,1,8
BRDA:29,6,0,0
BRDA:29,6,1,22
BRDA:29,7,0,22
BRDA:29,7,1,12
BRDA:32,8,0,22
BRDA:32,8,1,8
BRDA:32,8,2,2
BRDA:62,9,0,22
BRDA:62,9,1,22
BRDA:79,10,0,11
BRDA:84,11,0,18
BRDA:84,11,1,4
BRDA:88,12,0,0
BRDA:88,12,1,22
BRDA:88,13,0,22
BRDA:88,13,1,0
BRDA:93,14,0,22
BRDA:93,14,1,0
BRDA:94,15,0,22
BRDA:94,15,1,12
BRDA:94,15,2,12
BRDA:94,15,3,12
BRDA:118,16,0,0
BRDA:118,17,0,0
BRDA:133,18,0,36
BRDA:133,18,1,0
BRDA:138,19,0,22
BRDA:138,19,1,7
BRDA:138,19,2,15
BRDA:167,20,0,22
BRDA:167,20,1,0
BRDA:206,21,0,5
BRDA:206,21,1,31
BRDA:213,22,0,3
BRDA:213,22,1,28
BRDA:226,23,0,14
BRDA:226,23,1,14
BRDA:244,24,0,0
BRDA:244,24,1,36
BRDA:245,25,0,0
BRDA:245,25,1,0
BRDA:272,26,0,3
BRDA:272,26,1,33
BRDA:272,27,0,36
BRDA:272,27,1,3
BRDA:286,28,0,26
BRDA:286,28,1,7
BRDA:287,29,0,26
BRDA:287,29,1,26
BRDA:288,30,0,0
BRDA:288,30,1,26
BRDA:292,31,0,15
BRDA:292,31,1,11
BRDA:321,32,0,8
BRDA:321,32,1,28
BRDA:323,33,0,18
BRDA:323,33,1,18
BRDA:364,34,0,10
BRDA:364,34,1,10
BRDA:383,35,0,10
BRDA:383,35,1,8
BRDA:385,36,0,10
BRDA:385,36,1,0
BRF:75
BRH:56
end_of_record
TN:
SF:src\common\_utils\RestService.js
FN:8,(anonymous_0)
FN:14,(anonymous_1)
FN:22,(anonymous_2)
FN:34,(anonymous_3)
FN:37,(anonymous_4)
FN:48,(anonymous_5)
FN:56,(anonymous_6)
FN:82,(anonymous_7)
FN:98,(anonymous_8)
FNF:9
FNH:5
FNDA:31,(anonymous_0)
FNDA:0,(anonymous_1)
FNDA:31,(anonymous_2)
FNDA:0,(anonymous_3)
FNDA:0,(anonymous_4)
FNDA:0,(anonymous_5)
FNDA:30,(anonymous_6)
FNDA:30,(anonymous_7)
FNDA:210,(anonymous_8)
DA:9,31
DA:10,31
DA:11,31
DA:15,0
DA:23,31
DA:24,1
DA:27,30
DA:28,30
DA:29,30
DA:32,0
DA:33,0
DA:35,0
DA:38,0
DA:40,0
DA:44,0
DA:45,0
DA:49,0
DA:50,0
DA:57,30
DA:61,30
DA:62,30
DA:63,30
DA:69,0
DA:71,30
DA:72,30
DA:74,30
DA:75,0
DA:77,30
DA:78,30
DA:79,30
DA:83,30
DA:84,30
DA:86,30
DA:89,0
DA:94,0
DA:95,0
DA:97,30
DA:98,30
DA:99,210
DA:104,210
DA:106,0
DA:109,0
DA:112,30
DA:114,0
DA:115,0
DA:116,0
DA:118,0
DA:119,0
DA:120,0
DA:122,0
DA:126,0
DA:127,0
DA:129,30
LF:53
LH:27
BRDA:11,0,0,31
BRDA:11,0,1,30
BRDA:23,1,0,1
BRDA:23,1,1,30
BRDA:27,2,0,30
BRDA:27,2,1,0
BRDA:38,3,0,0
BRDA:38,3,1,0
BRDA:44,4,0,0
BRDA:44,4,1,0
BRDA:62,5,0,30
BRDA:62,5,1,0
BRDA:63,6,0,0
BRDA:63,6,1,30
BRDA:64,7,0,30
BRDA:64,7,1,30
BRDA:64,7,2,30
BRDA:64,7,3,30
BRDA:74,8,0,0
BRDA:74,8,1,30
BRDA:82,9,0,0
BRDA:86,10,0,0
BRDA:86,10,1,0
BRDA:86,10,2,30
BRDA:86,10,3,0
BRDA:97,11,0,0
BRDA:97,11,1,30
BRDA:97,12,0,30
BRDA:97,12,1,10
BRDA:97,12,2,10
BRDA:99,13,0,210
BRDA:99,13,1,0
BRDA:100,14,0,210
BRDA:100,14,1,210
BRDA:100,14,2,210
BRDA:107,15,0,0
BRDA:107,15,1,0
BRDA:115,16,0,0
BRDA:115,16,1,0
BRDA:115,17,0,0
BRDA:115,17,1,0
BRDA:115,17,2,0
BRDA:118,18,0,0
BRDA:118,18,1,0
BRDA:118,19,0,0
BRDA:118,19,1,0
BRDA:119,20,0,0
BRDA:119,20,1,0
BRF:48
BRH:21
end_of_record
TN:
SF:src\common\_utils\WebMapService.ts
FN:14,_getRequireWildcardCache
FN:1,(anonymous_3)
FN:2,adopt
FN:2,(anonymous_5)
FN:3,(anonymous_6)
FN:4,fulfilled
FN:5,rejected
FN:6,step
FN:33,(anonymous_10)
FN:34,WebMapService
FN:55,setMapId
FN:65,setServerUrl
FN:68,setWithCredentials
FN:71,setProxy
FN:74,handleServerUrl
FN:82,getMapInfo
FN:84,(anonymous_18)
FN:89,(anonymous_19)
FN:89,_callee
FN:95,(anonymous_22)
FN:98,(anonymous_23)
FN:110,(anonymous_24)
FN:119,getiPortalServiceProxy
FN:120,(anonymous_26)
FN:122,(anonymous_27)
FN:125,(anonymous_28)
FN:144,(anonymous_29)
FN:149,getLayerFeatures
FN:171,getWmsInfo
FN:172,(anonymous_32)
FN:180,(anonymous_33)
FN:183,(anonymous_34)
FN:194,getMapBoxStyle
FN:195,(anonymous_36)
FN:197,(anonymous_37)
FN:200,(anonymous_38)
FN:203,(anonymous_39)
FN:208,getWmtsInfo
FN:209,(anonymous_41)
FN:225,(anonymous_42)
FN:228,(anonymous_43)
FN:243,(anonymous_44)
FN:251,(anonymous_45)
FN:303,(anonymous_46)
FN:318,(anonymous_47)
FN:343,(anonymous_48)
FN:352,(anonymous_49)
FN:357,_getFeaturesFromHosted
FN:361,(anonymous_51)
FN:373,_getFeaturesFromRestData
FN:377,(anonymous_53)
FN:378,(anonymous_54)
FN:385,(anonymous_55)
FN:390,_getFeaturesFromRestMap
FN:391,(anonymous_57)
FN:392,(anonymous_58)
FN:404,(anonymous_59)
FN:406,(anonymous_60)
FN:410,(anonymous_61)
FN:415,_getFeaturesFromUserData
FN:417,(anonymous_63)
FN:425,(anonymous_64)
FN:428,(anonymous_65)
FN:443,(anonymous_66)
FN:448,_queryFeatureBySQL
FN:457,processCompleted
FN:460,processFailed
FN:467,_getFeatures
FN:470,(anonymous_71)
FN:477,(anonymous_72)
FN:481,_getQueryFeaturesParam
FN:505,_getFeaturesFromDataflow
FN:506,(anonymous_75)
FN:507,(anonymous_76)
FN:509,(anonymous_77)
FN:514,_getDataflowInfo
FN:528,(anonymous_79)
FN:531,(anonymous_80)
FN:540,(anonymous_81)
FN:558,(anonymous_82)
FN:562,getDatasourceType
FN:594,getFeatureProperties
FN:597,(anonymous_85)
FN:604,parseGeoJsonData2Feature
FN:622,_getDataFromIportal
FN:629,(anonymous_88)
FN:636,(anonymous_89)
FN:639,(anonymous_90)
FN:639,_callee2
FN:667,(anonymous_93)
FN:672,_getDataFromHosted
FN:675,(anonymous_95)
FN:677,(anonymous_96)
FN:681,(anonymous_97)
FN:688,(anonymous_98)
FN:692,(anonymous_99)
FN:695,(anonymous_100)
FN:709,(anonymous_101)
FN:714,_isMvt
FN:715,(anonymous_103)
FN:720,(anonymous_104)
FN:723,(anonymous_105)
FN:727,(anonymous_106)
FN:734,_getServiceInfoFromLayer
FN:737,(anonymous_108)
FN:746,(anonymous_109)
FN:759,(anonymous_110)
FN:762,(anonymous_111)
FN:769,(anonymous_112)
FN:772,(anonymous_113)
FN:783,_getDatasetsInfo
FN:784,(anonymous_115)
FN:793,(anonymous_116)
FN:796,(anonymous_117)
FN:807,_getDatasources
FN:815,(anonymous_119)
FN:818,(anonymous_120)
FN:826,_getDataService
FN:834,(anonymous_122)
FN:837,(anonymous_123)
FN:843,_checkUploadToRelationship
FN:851,(anonymous_125)
FN:854,(anonymous_126)
FN:858,_handleMapUrl
FN:874,handleProxy
FN:885,handleWithCredentials
FN:894,isIportalResourceUrl
FN:898,handleParentRes
FN:904,_formatGeoJSON
FN:906,(anonymous_133)
FN:911,_excelData2Feature
FN:952,_excelData2FeatureByDivision
FN:955,(anonymous_136)
FN:967,(anonymous_137)
FN:970,(anonymous_138)
FN:975,_combineFeature
FN:985,(anonymous_140)
FN:986,(anonymous_141)
FN:987,(anonymous_142)
FN:994,(anonymous_143)
FN:1008,_isMatchAdministrativeName
FN:1023,_getTileLayerInfo
FN:1032,(anonymous_146)
FN:1035,(anonymous_147)
FN:1038,(anonymous_148)
FN:1043,(anonymous_149)
FN:1046,(anonymous_150)
FN:1053,(anonymous_151)
FN:1058,_getFeatureBySQL
FN:1085,processCompleted
FN:1088,processFailed
FN:1097,getEpsgCodeInfo
FN:1098,_callee3
FN:1102,(anonymous_158)
FN:1105,(anonymous_159)
FN:1108,(anonymous_160)
FNF:156
FNH:128
FNDA:141,_getRequireWildcardCache
FNDA:158,(anonymous_3)
FNDA:77,adopt
FNDA:0,(anonymous_5)
FNDA:158,(anonymous_6)
FNDA:74,fulfilled
FNDA:2,rejected
FNDA:228,step
FNDA:47,(anonymous_10)
FNDA:210,WebMapService
FNDA:4,setMapId
FNDA:2,setServerUrl
FNDA:2,setWithCredentials
FNDA:2,setProxy
FNDA:238,handleServerUrl
FNDA:105,getMapInfo
FNDA:30,(anonymous_18)
FNDA:75,(anonymous_19)
FNDA:224,_callee
FNDA:70,(anonymous_22)
FNDA:70,(anonymous_23)
FNDA:2,(anonymous_24)
FNDA:75,getiPortalServiceProxy
FNDA:75,(anonymous_26)
FNDA:73,(anonymous_27)
FNDA:73,(anonymous_28)
FNDA:1,(anonymous_29)
FNDA:97,getLayerFeatures
FNDA:3,getWmsInfo
FNDA:3,(anonymous_32)
FNDA:3,(anonymous_33)
FNDA:3,(anonymous_34)
FNDA:0,getMapBoxStyle
FNDA:0,(anonymous_36)
FNDA:0,(anonymous_37)
FNDA:0,(anonymous_38)
FNDA:0,(anonymous_39)
FNDA:5,getWmtsInfo
FNDA:5,(anonymous_41)
FNDA:5,(anonymous_42)
FNDA:5,(anonymous_43)
FNDA:10,(anonymous_44)
FNDA:7,(anonymous_45)
FNDA:29,(anonymous_46)
FNDA:13,(anonymous_47)
FNDA:2,(anonymous_48)
FNDA:1,(anonymous_49)
FNDA:84,_getFeaturesFromHosted
FNDA:0,(anonymous_51)
FNDA:2,_getFeaturesFromRestData
FNDA:2,(anonymous_53)
FNDA:6,(anonymous_54)
FNDA:1,(anonymous_55)
FNDA:2,_getFeaturesFromRestMap
FNDA:2,(anonymous_57)
FNDA:1,(anonymous_58)
FNDA:1,(anonymous_59)
FNDA:0,(anonymous_60)
FNDA:1,(anonymous_61)
FNDA:1,_getFeaturesFromUserData
FNDA:1,(anonymous_63)
FNDA:1,(anonymous_64)
FNDA:1,(anonymous_65)
FNDA:0,(anonymous_66)
FNDA:3,_queryFeatureBySQL
FNDA:2,processCompleted
FNDA:1,processFailed
FNDA:1,_getFeatures
FNDA:1,(anonymous_71)
FNDA:0,(anonymous_72)
FNDA:3,_getQueryFeaturesParam
FNDA:8,_getFeaturesFromDataflow
FNDA:8,(anonymous_75)
FNDA:7,(anonymous_76)
FNDA:1,(anonymous_77)
FNDA:8,_getDataflowInfo
FNDA:7,(anonymous_79)
FNDA:7,(anonymous_80)
FNDA:57,(anonymous_81)
FNDA:1,(anonymous_82)
FNDA:96,getDatasourceType
FNDA:2,getFeatureProperties
FNDA:2,(anonymous_85)
FNDA:6,parseGeoJsonData2Feature
FNDA:83,_getDataFromIportal
FNDA:83,(anonymous_88)
FNDA:82,(anonymous_89)
FNDA:82,(anonymous_90)
FNDA:171,_callee2
FNDA:7,(anonymous_93)
FNDA:1,_getDataFromHosted
FNDA:1,(anonymous_95)
FNDA:1,(anonymous_96)
FNDA:1,(anonymous_97)
FNDA:1,(anonymous_98)
FNDA:1,(anonymous_99)
FNDA:0,(anonymous_100)
FNDA:0,(anonymous_101)
FNDA:1,_isMvt
FNDA:1,(anonymous_103)
FNDA:1,(anonymous_104)
FNDA:1,(anonymous_105)
FNDA:0,(anonymous_106)
FNDA:1,_getServiceInfoFromLayer
FNDA:1,(anonymous_108)
FNDA:0,(anonymous_109)
FNDA:0,(anonymous_110)
FNDA:0,(anonymous_111)
FNDA:0,(anonymous_112)
FNDA:0,(anonymous_113)
FNDA:1,_getDatasetsInfo
FNDA:1,(anonymous_115)
FNDA:1,(anonymous_116)
FNDA:1,(anonymous_117)
FNDA:1,_getDatasources
FNDA:1,(anonymous_119)
FNDA:1,(anonymous_120)
FNDA:1,_getDataService
FNDA:1,(anonymous_122)
FNDA:1,(anonymous_123)
FNDA:1,_checkUploadToRelationship
FNDA:1,(anonymous_125)
FNDA:1,(anonymous_126)
FNDA:75,_handleMapUrl
FNDA:198,handleProxy
FNDA:232,handleWithCredentials
FNDA:108,isIportalResourceUrl
FNDA:107,handleParentRes
FNDA:39,_formatGeoJSON
FNDA:227,(anonymous_133)
FNDA:42,_excelData2Feature
FNDA:1,_excelData2FeatureByDivision
FNDA:1,(anonymous_136)
FNDA:0,(anonymous_137)
FNDA:0,(anonymous_138)
FNDA:1,_combineFeature
FNDA:12,(anonymous_140)
FNDA:2,(anonymous_141)
FNDA:2,(anonymous_142)
FNDA:12,(anonymous_143)
FNDA:2,_isMatchAdministrativeName
FNDA:0,_getTileLayerInfo
FNDA:0,(anonymous_146)
FNDA:0,(anonymous_147)
FNDA:0,(anonymous_148)
FNDA:0,(anonymous_149)
FNDA:0,(anonymous_150)
FNDA:0,(anonymous_151)
FNDA:2,_getFeatureBySQL
FNDA:6,processCompleted
FNDA:1,processFailed
FNDA:1,getEpsgCodeInfo
FNDA:4,_callee3
FNDA:1,(anonymous_158)
FNDA:1,(anonymous_159)
FNDA:0,(anonymous_160)
DA:1,47
DA:2,77
DA:3,158
DA:4,74
DA:5,2
DA:6,228
DA:7,158
DA:10,47
DA:11,47
DA:12,47
DA:13,47
DA:14,1504
DA:15,47
DA:21,47
DA:27,47
DA:33,47
DA:34,210
DA:35,210
DA:36,210
DA:40,210
DA:41,105
DA:43,105
DA:44,103
DA:46,210
DA:47,210
DA:48,210
DA:49,210
DA:50,210
DA:51,210
DA:52,210
DA:53,210
DA:54,47
DA:56,4
DA:57,2
DA:58,2
DA:60,2
DA:61,2
DA:62,2
DA:64,47
DA:66,2
DA:67,47
DA:69,2
DA:70,47
DA:72,2
DA:73,47
DA:75,238
DA:76,238
DA:77,179
DA:79,238
DA:80,238
DA:81,47
DA:82,105
DA:83,105
DA:84,30
DA:85,30
DA:88,75
DA:89,445
DA:91,75
DA:92,72
DA:96,70
DA:99,70
DA:100,0
DA:101,0
DA:102,0
DA:104,70
DA:108,70
DA:111,2
DA:112,148
DA:115,74
DA:118,47
DA:119,75
DA:120,75
DA:121,75
DA:123,73
DA:126,73
DA:127,1
DA:128,1
DA:130,72
DA:131,72
DA:132,72
DA:133,71
DA:135,1
DA:136,1
DA:138,72
DA:139,1
DA:142,72
DA:145,1
DA:148,47
DA:151,97
DA:154,84
DA:155,84
DA:157,2
DA:158,2
DA:160,2
DA:161,2
DA:163,8
DA:164,8
DA:166,1
DA:167,1
DA:169,97
DA:170,47
DA:171,3
DA:172,3
DA:173,3
DA:174,3
DA:175,3
DA:181,3
DA:184,3
DA:185,3
DA:189,3
DA:190,3
DA:193,47
DA:195,0
DA:196,0
DA:198,0
DA:201,0
DA:204,0
DA:207,47
DA:208,5
DA:209,5
DA:210,5
DA:211,5
DA:212,5
DA:213,5
DA:215,5
DA:216,5
DA:217,5
DA:218,5
DA:219,5
DA:220,5
DA:226,5
DA:229,5
DA:230,5
DA:236,5
DA:237,5
DA:238,5
DA:239,5
DA:240,5
DA:241,0
DA:243,5
DA:244,10
DA:246,5
DA:247,5
DA:248,5
DA:249,0
DA:251,5
DA:252,7
DA:254,5
DA:255,2
DA:259,5
DA:260,5
DA:261,37
DA:263,3
DA:265,0
DA:268,3
DA:272,3
DA:275,3
DA:276,3
DA:277,52
DA:278,52
DA:279,52
DA:280,52
DA:284,0
DA:286,52
DA:287,52
DA:288,0
DA:290,52
DA:291,52
DA:292,29
DA:295,23
DA:296,1
DA:299,22
DA:303,3
DA:304,29
DA:306,3
DA:307,3
DA:308,3
DA:309,2
DA:312,1
DA:315,2
DA:318,4
DA:319,13
DA:321,4
DA:322,2
DA:323,2
DA:324,2
DA:327,0
DA:329,2
DA:330,2
DA:331,2
DA:332,2
DA:339,2
DA:340,2
DA:341,0
DA:343,2
DA:344,2
DA:346,2
DA:347,2
DA:350,4
DA:353,1
DA:356,47
DA:358,84
DA:359,84
DA:360,84
DA:361,0
DA:362,0
DA:365,84
DA:366,84
DA:367,83
DA:370,1
DA:372,47
DA:373,2
DA:376,2
DA:377,2
DA:378,2
DA:379,6
DA:384,4
DA:386,1
DA:389,47
DA:390,2
DA:391,2
DA:392,2
DA:393,1
DA:394,1
DA:395,1
DA:396,1
DA:397,1
DA:398,1
DA:399,1
DA:400,1
DA:401,1
DA:404,1
DA:405,1
DA:407,0
DA:411,1
DA:414,47
DA:415,1
DA:416,1
DA:417,1
DA:418,1
DA:419,1
DA:420,1
DA:426,1
DA:430,1
DA:431,1
DA:434,0
DA:436,1
DA:441,1
DA:444,0
DA:447,47
DA:449,3
DA:450,3
DA:451,3
DA:453,3
DA:458,2
DA:461,1
DA:465,2
DA:466,47
DA:467,1
DA:468,1
DA:470,1
DA:471,1
DA:472,1
DA:473,1
DA:476,1
DA:478,0
DA:480,47
DA:482,3
DA:486,3
DA:487,1
DA:489,3
DA:492,3
DA:493,0
DA:495,3
DA:496,3
DA:497,3
DA:498,0
DA:502,3
DA:503,3
DA:504,47
DA:505,8
DA:506,8
DA:507,8
DA:508,7
DA:510,1
DA:513,47
DA:515,8
DA:517,8
DA:518,8
DA:519,8
DA:520,8
DA:522,8
DA:523,8
DA:524,8
DA:529,7
DA:532,7
DA:533,0
DA:534,0
DA:536,7
DA:537,7
DA:538,7
DA:539,7
DA:540,7
DA:541,57
DA:542,57
DA:543,25
DA:545,32
DA:546,19
DA:549,13
DA:554,7
DA:555,7
DA:556,7
DA:559,1
DA:561,47
DA:563,96
DA:564,96
DA:565,1
DA:568,95
DA:569,95
DA:574,95
DA:575,79
DA:577,16
DA:578,6
DA:580,10
DA:581,1
DA:583,9
DA:584,1
DA:586,8
DA:587,7
DA:589,1
DA:590,1
DA:592,95
DA:593,47
DA:595,2
DA:596,2
DA:597,2
DA:598,2
DA:599,2
DA:602,2
DA:603,47
DA:605,6
DA:606,6
DA:607,6
DA:608,6
DA:609,6
DA:610,6
DA:612,6
DA:613,6
DA:614,6
DA:617,6
DA:618,6
DA:620,6
DA:621,47
DA:622,83
DA:625,83
DA:626,83
DA:627,0
DA:629,83
DA:630,83
DA:631,83
DA:632,83
DA:637,82
DA:639,423
DA:640,82
DA:641,0
DA:642,82
DA:643,81
DA:644,88
DA:645,37
DA:646,74
DA:648,43
DA:649,84
DA:651,1
DA:652,1
DA:653,1
DA:654,2
DA:657,74
DA:660,1
DA:661,1
DA:662,1
DA:664,82
DA:668,7
DA:671,47
DA:672,1
DA:674,1
DA:675,1
DA:676,1
DA:678,1
DA:679,1
DA:680,1
DA:681,1
DA:682,1
DA:683,1
DA:684,0
DA:686,1
DA:687,1
DA:688,1
DA:689,1
DA:691,1
DA:693,1
DA:697,0
DA:701,0
DA:706,0
DA:710,0
DA:713,47
DA:715,1
DA:718,1
DA:719,1
DA:721,1
DA:724,1
DA:725,1
DA:728,0
DA:731,0
DA:733,47
DA:734,1
DA:735,1
DA:736,1
DA:737,1
DA:738,1
DA:739,0
DA:743,1
DA:744,0
DA:746,0
DA:747,0
DA:750,1
DA:751,1
DA:753,1
DA:757,0
DA:759,0
DA:760,0
DA:761,0
DA:762,0
DA:763,0
DA:768,0
DA:770,0
DA:773,0
DA:778,1
DA:780,1
DA:782,47
DA:783,1
DA:784,1
DA:786,1
DA:787,1
DA:788,1
DA:789,1
DA:794,1
DA:797,1
DA:806,47
DA:808,1
DA:809,1
DA:810,1
DA:811,1
DA:816,1
DA:819,1
DA:820,0
DA:822,1
DA:823,1
DA:825,47
DA:827,1
DA:828,1
DA:829,1
DA:830,1
DA:835,1
DA:838,1
DA:839,1
DA:840,1
DA:842,47
DA:844,1
DA:845,1
DA:846,1
DA:847,1
DA:852,1
DA:855,1
DA:857,47
DA:859,75
DA:860,75
DA:861,0
DA:863,75
DA:864,75
DA:866,0
DA:867,0
DA:868,0
DA:871,75
DA:872,75
DA:873,47
DA:875,198
DA:876,190
DA:878,8
DA:879,8
DA:880,8
DA:881,8
DA:883,8
DA:884,47
DA:885,232
DA:886,232
DA:887,6
DA:889,226
DA:890,1
DA:892,225
DA:893,47
DA:895,108
DA:897,47
DA:898,107
DA:899,107
DA:900,9
DA:902,98
DA:903,47
DA:905,39
DA:906,39
DA:907,227
DA:909,39
DA:910,47
DA:911,42
DA:912,42
DA:914,36
DA:915,36
DA:916,36
DA:917,23
DA:918,276
DA:919,46
DA:921,276
DA:922,46
DA:927,36
DA:928,36
DA:929,48
DA:930,48
DA:931,48
DA:933,48
DA:934,48
DA:935,618
DA:936,618
DA:938,48
DA:940,48
DA:948,48
DA:950,36
DA:951,47
DA:952,1
DA:953,1
DA:954,1
DA:955,1
DA:956,1
DA:959,0
DA:960,0
DA:961,0
DA:962,0
DA:968,0
DA:971,0
DA:972,0
DA:974,47
DA:975,1
DA:976,1
DA:980,1
DA:981,0
DA:983,1
DA:984,1
DA:985,12
DA:986,1
DA:987,2
DA:988,2
DA:991,2
DA:992,1
DA:993,1
DA:994,1
DA:995,12
DA:997,1
DA:998,0
DA:1000,1
DA:1003,1
DA:1005,47
DA:1009,2
DA:1010,2
DA:1012,2
DA:1013,2
DA:1016,2
DA:1017,0
DA:1019,2
DA:1021,0
DA:1022,47
DA:1023,0
DA:1024,0
DA:1025,0
DA:1026,0
DA:1027,0
DA:1028,0
DA:1033,0
DA:1036,0
DA:1037,0
DA:1038,0
DA:1039,0
DA:1044,0
DA:1047,0
DA:1048,0
DA:1050,0
DA:1053,0
DA:1054,0
DA:1057,47
DA:1060,2
DA:1064,2
DA:1072,2
DA:1073,2
DA:1074,1
DA:1077,1
DA:1080,2
DA:1081,2
DA:1086,6
DA:1089,1
DA:1093,2
DA:1094,2
DA:1095,2
DA:1096,47
DA:1098,7
DA:1099,1
DA:1100,1
DA:1101,1
DA:1103,1
DA:1106,1
DA:1109,0
DA:1110,0
DA:1112,1
DA:1114,47
DA:1116,47
LF:621
LH:539
BRDA:14,0,0,235
BRDA:14,1,0,470
BRDA:14,1,1,517
BRDA:14,2,0,282
BRDA:14,2,1,282
BRDA:14,2,2,235
BRDA:1,3,0,47
BRDA:1,3,1,0
BRDA:1,3,2,47
BRDA:2,4,0,77
BRDA:2,4,1,0
BRDA:3,5,0,158
BRDA:3,5,1,158
BRDA:6,6,0,151
BRDA:6,6,1,77
BRDA:7,7,0,158
BRDA:7,7,1,158
BRDA:34,8,0,1
BRDA:35,9,0,210
BRDA:35,9,1,210
BRDA:40,10,0,105
BRDA:40,10,1,105
BRDA:40,11,0,210
BRDA:40,11,1,177
BRDA:43,12,0,103
BRDA:43,13,0,105
BRDA:43,13,1,105
BRDA:46,14,0,210
BRDA:46,14,1,16
BRDA:49,15,0,210
BRDA:49,15,1,210
BRDA:50,16,0,210
BRDA:50,16,1,210
BRDA:56,17,0,2
BRDA:56,17,1,2
BRDA:56,18,0,4
BRDA:56,18,1,4
BRDA:60,19,0,2
BRDA:60,20,0,2
BRDA:60,20,1,2
BRDA:76,21,0,179
BRDA:83,22,0,30
BRDA:83,23,0,105
BRDA:83,23,1,30
BRDA:89,24,0,75
BRDA:89,24,1,72
BRDA:89,24,2,2
BRDA:89,24,3,74
BRDA:89,24,4,74
BRDA:99,25,0,0
BRDA:99,26,0,70
BRDA:99,26,1,70
BRDA:100,27,0,0
BRDA:100,27,1,0
BRDA:100,27,2,0
BRDA:126,28,0,1
BRDA:126,29,0,73
BRDA:126,29,1,73
BRDA:131,30,0,72
BRDA:132,31,0,71
BRDA:132,31,1,1
BRDA:135,32,0,1
BRDA:135,33,0,1
BRDA:135,33,1,1
BRDA:138,34,0,1
BRDA:151,35,0,84
BRDA:151,35,1,2
BRDA:151,35,2,2
BRDA:151,35,3,8
BRDA:151,35,4,1
BRDA:184,36,0,3
BRDA:184,36,1,0
BRDA:189,37,0,3
BRDA:189,37,1,1
BRDA:229,38,0,5
BRDA:229,38,1,0
BRDA:238,39,0,5
BRDA:240,40,0,0
BRDA:246,41,0,5
BRDA:248,42,0,0
BRDA:254,43,0,2
BRDA:261,44,0,3
BRDA:261,45,0,37
BRDA:261,45,1,37
BRDA:263,46,0,0
BRDA:263,46,1,3
BRDA:263,47,0,3
BRDA:263,47,1,0
BRDA:272,48,0,0
BRDA:272,48,1,3
BRDA:275,49,0,0
BRDA:275,49,1,3
BRDA:280,50,0,0
BRDA:280,51,0,52
BRDA:280,51,1,0
BRDA:280,51,2,52
BRDA:280,51,3,52
BRDA:287,52,0,0
BRDA:291,53,0,29
BRDA:291,53,1,23
BRDA:295,54,0,1
BRDA:295,54,1,22
BRDA:308,55,0,2
BRDA:308,55,1,1
BRDA:321,56,0,2
BRDA:323,57,0,2
BRDA:323,57,1,0
BRDA:324,58,0,2
BRDA:324,58,1,0
BRDA:327,59,0,0
BRDA:327,59,1,0
BRDA:329,60,0,2
BRDA:340,61,0,0
BRDA:346,62,0,2
BRDA:359,63,0,78
BRDA:359,63,1,6
BRDA:360,64,0,0
BRDA:365,65,0,84
BRDA:365,65,1,79
BRDA:365,65,2,78
BRDA:365,65,3,51
BRDA:366,66,0,83
BRDA:366,66,1,1
BRDA:378,67,0,2
BRDA:378,67,1,2
BRDA:393,68,0,1
BRDA:393,68,1,1
BRDA:394,69,0,1
BRDA:394,69,1,1
BRDA:396,70,0,1
BRDA:396,71,0,1
BRDA:396,71,1,1
BRDA:400,72,0,1
BRDA:400,73,0,1
BRDA:400,73,1,1
BRDA:430,74,0,1
BRDA:430,74,1,0
BRDA:430,75,0,1
BRDA:430,75,1,1
BRDA:430,75,2,1
BRDA:458,76,0,2
BRDA:458,76,1,2
BRDA:461,77,0,1
BRDA:461,77,1,1
BRDA:486,78,0,1
BRDA:492,79,0,0
BRDA:495,80,0,3
BRDA:495,80,1,0
BRDA:496,81,0,3
BRDA:496,81,1,0
BRDA:497,82,0,0
BRDA:518,83,0,8
BRDA:518,84,0,8
BRDA:518,84,1,8
BRDA:532,85,0,0
BRDA:536,86,0,7
BRDA:539,87,0,7
BRDA:539,88,0,7
BRDA:539,88,1,7
BRDA:542,89,0,25
BRDA:542,89,1,32
BRDA:545,90,0,19
BRDA:545,90,1,13
BRDA:564,91,0,1
BRDA:564,92,0,96
BRDA:564,92,1,80
BRDA:568,93,0,95
BRDA:568,93,1,79
BRDA:568,93,2,21
BRDA:568,93,3,16
BRDA:569,94,0,95
BRDA:569,94,1,95
BRDA:569,94,2,93
BRDA:569,94,3,90
BRDA:569,94,4,89
BRDA:574,95,0,79
BRDA:574,95,1,16
BRDA:577,96,0,6
BRDA:577,96,1,10
BRDA:580,97,0,1
BRDA:580,97,1,9
BRDA:580,98,0,10
BRDA:580,98,1,5
BRDA:583,99,0,1
BRDA:583,99,1,8
BRDA:583,100,0,9
BRDA:583,100,1,4
BRDA:583,100,2,1
BRDA:586,101,0,7
BRDA:586,101,1,1
BRDA:586,102,0,8
BRDA:586,102,1,5
BRDA:589,103,0,1
BRDA:589,104,0,1
BRDA:589,104,1,1
BRDA:596,105,0,2
BRDA:596,106,0,2
BRDA:596,106,1,2
BRDA:599,107,0,2
BRDA:599,107,1,2
BRDA:610,108,0,6
BRDA:612,109,0,6
BRDA:626,110,0,0
BRDA:639,111,0,82
BRDA:639,111,1,44
BRDA:639,111,2,1
BRDA:639,111,3,42
BRDA:639,111,4,37
BRDA:639,111,5,1
BRDA:639,111,6,75
BRDA:639,111,7,76
BRDA:639,111,8,82
BRDA:640,112,0,0
BRDA:642,113,0,1
BRDA:643,114,0,82
BRDA:643,114,1,82
BRDA:643,115,0,44
BRDA:644,116,0,81
BRDA:644,116,1,66
BRDA:646,117,0,1
BRDA:648,118,0,44
BRDA:648,118,1,44
BRDA:648,119,0,42
BRDA:649,120,0,43
BRDA:649,120,1,43
BRDA:657,121,0,42
BRDA:657,121,1,42
BRDA:657,121,2,25
BRDA:660,122,0,1
BRDA:678,123,0,1
BRDA:678,123,1,0
BRDA:678,124,0,1
BRDA:678,124,1,1
BRDA:683,125,0,0
BRDA:687,126,0,1
BRDA:687,126,1,0
BRDA:689,127,0,1
BRDA:689,127,1,1
BRDA:718,128,0,1
BRDA:724,129,0,1
BRDA:724,129,1,1
BRDA:735,130,0,1
BRDA:735,130,1,0
BRDA:738,131,0,0
BRDA:743,132,0,0
BRDA:743,132,1,1
BRDA:743,133,0,1
BRDA:743,133,1,1
BRDA:743,133,2,0
BRDA:750,134,0,1
BRDA:750,135,0,1
BRDA:750,135,1,1
BRDA:750,135,2,1
BRDA:751,136,0,1
BRDA:751,136,1,0
BRDA:751,137,0,1
BRDA:751,137,1,1
BRDA:762,138,0,0
BRDA:762,138,1,0
BRDA:778,139,0,1
BRDA:819,140,0,0
BRDA:860,141,0,0
BRDA:860,142,0,75
BRDA:860,142,1,75
BRDA:861,143,0,0
BRDA:861,143,1,0
BRDA:861,144,0,0
BRDA:861,144,1,0
BRDA:864,145,0,0
BRDA:864,146,0,75
BRDA:864,146,1,0
BRDA:867,147,0,0
BRDA:871,148,0,75
BRDA:871,148,1,0
BRDA:875,149,0,190
BRDA:878,150,0,8
BRDA:878,150,1,7
BRDA:880,151,0,8
BRDA:885,152,0,0
BRDA:886,153,0,6
BRDA:886,154,0,232
BRDA:886,154,1,8
BRDA:886,154,2,6
BRDA:886,154,3,6
BRDA:889,155,0,1
BRDA:889,156,0,226
BRDA:889,156,1,226
BRDA:889,156,2,76
BRDA:895,157,0,108
BRDA:895,157,1,9
BRDA:895,157,2,0
BRDA:898,158,0,107
BRDA:898,159,0,107
BRDA:899,160,0,9
BRDA:911,161,0,0
BRDA:916,162,0,23
BRDA:916,163,0,36
BRDA:916,163,1,13
BRDA:918,164,0,46
BRDA:921,165,0,46
BRDA:953,166,0,1
BRDA:953,166,1,0
BRDA:954,167,0,1
BRDA:954,168,0,1
BRDA:954,168,1,1
BRDA:959,169,0,0
BRDA:959,169,1,0
BRDA:980,170,0,0
BRDA:991,171,0,1
BRDA:997,172,0,0
BRDA:1009,173,0,2
BRDA:1009,174,0,2
BRDA:1009,174,1,2
BRDA:1009,174,2,2
BRDA:1012,175,0,2
BRDA:1016,176,0,0
BRDA:1037,177,0,0
BRDA:1072,178,0,2
BRDA:1073,179,0,1
BRDA:1073,179,1,1
BRDA:1073,180,0,2
BRDA:1073,180,1,1
BRDA:1086,181,0,6
BRDA:1086,181,1,6
BRDA:1089,182,0,1
BRDA:1089,182,1,1
BRDA:1098,183,0,1
BRDA:1098,183,1,1
BRDA:1098,183,2,0
BRDA:1098,183,3,1
BRDA:1099,184,0,0
BRDA:1099,184,1,1
BRF:332
BRH:269
end_of_record
TN:
SF:src\common\_utils\epsg-define.js
FN:13,(anonymous_0)
FN:20,(anonymous_1)
FN:23,(anonymous_2)
FN:30,registerProjection
FN:34,getProjection
FN:38,toEpsgCode
FNF:6
FNH:5
FNDA:1,(anonymous_0)
FNDA:307,(anonymous_1)
FNDA:0,(anonymous_2)
FNDA:1,registerProjection
FNDA:307,getProjection
FNDA:139,toEpsgCode
DA:4,91
DA:14,1
DA:15,0
DA:16,1
DA:17,1
DA:21,307
DA:24,0
DA:31,1
DA:35,307
DA:39,139
DA:40,0
DA:41,139
DA:42,126
DA:44,13
DA:45,13
DA:46,13
DA:47,13
DA:52,0
LF:18
LH:14
BRDA:14,0,0,0
BRDA:14,0,1,1
BRDA:14,1,0,1
BRDA:14,1,1,0
BRDA:16,2,0,1
BRDA:16,2,1,0
BRDA:16,3,0,1
BRDA:16,3,1,1
BRDA:39,4,0,0
BRDA:39,4,1,139
BRDA:41,5,0,126
BRDA:41,5,1,13
BRDA:46,6,0,13
BRDA:46,6,1,0
BRDA:46,7,0,13
BRDA:46,7,1,13
BRF:16
BRH:11
end_of_record
TN:
SF:src\common\_utils\get-features.js
FN:5,getFeatures
FN:8,(anonymous_1)
FN:74,(anonymous_2)
FN:77,(anonymous_3)
FNF:4
FNH:3
FNDA:42,getFeatures
FNDA:42,(anonymous_1)
FNDA:40,(anonymous_2)
FNDA:0,(anonymous_3)
DA:7,42
DA:8,42
DA:24,42
DA:25,42
DA:26,42
DA:31,42
DA:33,2
DA:38,2
DA:39,0
DA:41,2
DA:42,2
DA:43,2
DA:44,0
DA:45,0
DA:51,2
DA:56,2
DA:57,40
DA:58,10
DA:59,10
DA:60,10
DA:61,30
DA:62,0
DA:65,0
DA:66,30
DA:67,30
DA:68,30
DA:72,42
DA:73,42
DA:75,40
DA:78,0
DA:81,42
DA:84,42
LF:32
LH:26
BRDA:25,0,0,42
BRDA:25,0,1,0
BRDA:25,1,0,42
BRDA:25,1,1,42
BRDA:25,1,2,30
BRDA:25,1,3,42
BRDA:31,2,0,2
BRDA:31,2,1,40
BRDA:38,3,0,0
BRDA:38,3,1,2
BRDA:41,4,0,2
BRDA:41,4,1,0
BRDA:43,5,0,0
BRDA:43,5,1,2
BRDA:57,6,0,10
BRDA:57,6,1,30
BRDA:61,7,0,0
BRDA:61,7,1,30
BRDA:66,8,0,30
BRDA:66,8,1,0
BRDA:66,9,0,30
BRDA:66,9,1,30
BRDA:72,10,0,42
BRDA:72,10,1,0
BRF:24
BRH:17
end_of_record
TN:
SF:src\common\_utils\global-event.js
FNF:0
FNH:0
LF:0
LH:0
BRF:0
BRH:0
end_of_record
TN:
SF:src\common\_utils\iPortalDataService.js
FN:18,(anonymous_0)
FN:32,(anonymous_1)
FN:35,(anonymous_2)
FN:43,(anonymous_3)
FN:51,(anonymous_4)
FN:70,(anonymous_5)
FN:82,(anonymous_6)
FN:85,(anonymous_7)
FN:97,(anonymous_8)
FN:115,(anonymous_9)
FN:123,(anonymous_10)
FN:131,(anonymous_11)
FN:134,(anonymous_12)
FN:141,(anonymous_13)
FN:144,(anonymous_14)
FN:158,(anonymous_15)
FN:174,(anonymous_16)
FN:177,(anonymous_17)
FN:190,(anonymous_18)
FN:193,(anonymous_19)
FN:207,(anonymous_20)
FN:214,(anonymous_21)
FN:223,(anonymous_22)
FN:231,(anonymous_23)
FN:234,(anonymous_24)
FN:268,(anonymous_25)
FN:276,(anonymous_26)
FN:281,(anonymous_27)
FN:287,(anonymous_28)
FN:336,(anonymous_29)
FN:340,(anonymous_30)
FN:354,(anonymous_31)
FNF:32
FNH:12
FNDA:16,(anonymous_0)
FNDA:16,(anonymous_1)
FNDA:15,(anonymous_2)
FNDA:0,(anonymous_3)
FNDA:0,(anonymous_4)
FNDA:16,(anonymous_5)
FNDA:16,(anonymous_6)
FNDA:16,(anonymous_7)
FNDA:0,(anonymous_8)
FNDA:0,(anonymous_9)
FNDA:0,(anonymous_10)
FNDA:0,(anonymous_11)
FNDA:0,(anonymous_12)
FNDA:0,(anonymous_13)
FNDA:0,(anonymous_14)
FNDA:0,(anonymous_15)
FNDA:0,(anonymous_16)
FNDA:0,(anonymous_17)
FNDA:0,(anonymous_18)
FNDA:0,(anonymous_19)
FNDA:0,(anonymous_20)
FNDA:0,(anonymous_21)
FNDA:16,(anonymous_22)
FNDA:15,(anonymous_23)
FNDA:15,(anonymous_24)
FNDA:1,(anonymous_25)
FNDA:0,(anonymous_26)
FNDA:0,(anonymous_27)
FNDA:15,(anonymous_28)
FNDA:0,(anonymous_29)
FNDA:0,(anonymous_30)
FNDA:15,(anonymous_31)
DA:19,16
DA:20,16
DA:21,16
DA:22,16
DA:23,16
DA:24,16
DA:25,16
DA:26,16
DA:27,0
DA:29,16
DA:33,16
DA:34,16
DA:41,15
DA:49,0
DA:57,0
DA:71,16
DA:72,0
DA:74,16
DA:75,16
DA:76,0
DA:77,0
DA:79,16
DA:83,16
DA:86,16
DA:88,0
DA:91,0
DA:94,16
DA:95,0
DA:96,0
DA:98,0
DA:101,0
DA:103,0
DA:104,0
DA:105,0
DA:107,0
DA:109,0
DA:112,16
DA:116,0
DA:117,0
DA:124,0
DA:125,0
DA:128,0
DA:132,0
DA:135,0
DA:136,0
DA:138,0
DA:142,0
DA:145,0
DA:147,0
DA:159,0
DA:160,0
DA:167,0
DA:171,0
DA:175,0
DA:178,0
DA:179,0
DA:180,0
DA:181,0
DA:182,0
DA:185,0
DA:187,0
DA:191,0
DA:194,0
DA:196,0
DA:205,0
DA:208,0
DA:209,0
DA:215,0
DA:216,0
DA:224,16
DA:225,16
DA:226,16
DA:228,16
DA:232,15
DA:235,15
DA:237,0
DA:240,0
DA:242,15
DA:244,15
DA:245,15
DA:246,0
DA:248,0
DA:249,0
DA:251,0
DA:252,0
DA:253,15
DA:254,15
DA:255,0
DA:256,0
DA:257,0
DA:259,15
DA:260,15
DA:264,15
DA:265,15
DA:269,1
DA:270,1
DA:277,0
DA:278,0
DA:279,0
DA:281,0
DA:282,0
DA:284,0
DA:288,15
DA:290,15
DA:291,15
DA:292,15
DA:293,180
DA:294,30
DA:296,180
DA:297,30
DA:302,15
DA:304,15
DA:305,15
DA:306,0
DA:308,15
DA:309,15
DA:311,15
DA:312,15
DA:314,15
DA:315,15
DA:316,180
DA:317,180
DA:319,15
DA:323,15
DA:324,15
DA:325,15
DA:331,15
DA:333,15
DA:337,0
DA:338,0
DA:339,0
DA:340,0
DA:341,0
DA:342,0
DA:344,0
DA:347,0
DA:348,0
DA:350,0
DA:355,15
DA:356,15
DA:357,15
DA:358,15
DA:359,15
DA:361,15
LF:144
LH:68
BRDA:18,0,0,0
BRDA:21,1,0,16
BRDA:21,1,1,16
BRDA:26,2,0,0
BRDA:26,2,1,16
BRDA:70,3,0,6
BRDA:71,4,0,0
BRDA:71,4,1,16
BRDA:75,5,0,0
BRDA:75,5,1,16
BRDA:86,6,0,0
BRDA:86,6,1,16
BRDA:94,7,0,0
BRDA:94,7,1,16
BRDA:94,8,0,16
BRDA:94,8,1,11
BRDA:98,9,0,0
BRDA:98,9,1,0
BRDA:98,9,2,0
BRDA:101,10,0,0
BRDA:101,10,1,0
BRDA:101,11,0,0
BRDA:101,11,1,0
BRDA:104,12,0,0
BRDA:104,12,1,0
BRDA:124,13,0,0
BRDA:124,13,1,0
BRDA:135,14,0,0
BRDA:135,14,1,0
BRDA:178,15,0,0
BRDA:178,15,1,0
BRDA:181,16,0,0
BRDA:181,16,1,0
BRDA:235,17,0,0
BRDA:235,17,1,15
BRDA:242,18,0,15
BRDA:242,18,1,0
BRDA:245,19,0,0
BRDA:245,19,1,15
BRDA:245,20,0,15
BRDA:245,20,1,15
BRDA:248,21,0,0
BRDA:248,21,1,0
BRDA:251,22,0,0
BRDA:251,22,1,0
BRDA:253,23,0,15
BRDA:253,23,1,0
BRDA:253,24,0,15
BRDA:253,24,1,15
BRDA:255,25,0,0
BRDA:255,25,1,0
BRDA:264,26,0,15
BRDA:264,26,1,15
BRDA:278,27,0,0
BRDA:278,27,1,0
BRDA:278,28,0,0
BRDA:278,28,1,0
BRDA:293,29,0,30
BRDA:293,29,1,150
BRDA:296,30,0,30
BRDA:296,30,1,150
BRDA:305,31,0,0
BRDA:305,31,1,15
BRDA:305,32,0,15
BRDA:305,32,1,15
BRDA:305,32,2,0
BRDA:311,33,0,15
BRDA:311,33,1,15
BRDA:312,34,0,15
BRDA:312,34,1,15
BRDA:323,35,0,15
BRDA:323,35,1,0
BRDA:323,36,0,15
BRDA:323,36,1,15
BRDA:337,37,0,0
BRDA:337,37,1,0
BRDA:339,38,0,0
BRDA:339,38,1,0
BRDA:341,39,0,0
BRDA:341,39,1,0
BRDA:342,40,0,0
BRDA:342,40,1,0
BRDA:347,41,0,0
BRDA:347,41,1,0
BRDA:356,42,0,15
BRDA:356,42,1,0
BRDA:356,43,0,15
BRDA:356,43,1,15
BRF:88
BRH:37
end_of_record
TN:
SF:src\common\_utils\iServerRestService.js
FN:10,_getValueOfEpsgCode
FN:24,_transformCoordinates
FN:26,(anonymous_2)
FN:37,vertifyEpsgCode
FN:61,transformFeatures
FN:63,(anonymous_5)
FN:74,getServerEpsgCode
FN:79,(anonymous_7)
FN:82,(anonymous_8)
FN:90,(anonymous_9)
FN:96,checkAndRectifyFeatures
FN:126,(anonymous_11)
FN:133,(anonymous_12)
FN:148,(anonymous_13)
FN:166,(anonymous_14)
FN:174,(anonymous_15)
FN:197,(anonymous_16)
FN:204,(anonymous_17)
FN:213,(anonymous_18)
FN:232,(anonymous_19)
FN:241,(anonymous_20)
FN:260,(anonymous_21)
FN:269,(anonymous_22)
FN:330,(anonymous_23)
FN:335,(anonymous_24)
FN:338,(anonymous_25)
FN:342,(anonymous_26)
FN:348,(anonymous_27)
FN:361,(anonymous_28)
FN:369,(anonymous_29)
FN:378,(anonymous_30)
FN:381,(anonymous_31)
FN:394,(anonymous_32)
FN:409,(anonymous_33)
FN:411,(anonymous_34)
FN:418,(anonymous_35)
FNF:36
FNH:29
FNDA:25,_getValueOfEpsgCode
FNDA:45,_transformCoordinates
FNDA:20,(anonymous_2)
FNDA:25,vertifyEpsgCode
FNDA:25,transformFeatures
FNDA:25,(anonymous_5)
FNDA:10,getServerEpsgCode
FNDA:7,(anonymous_7)
FNDA:7,(anonymous_8)
FNDA:3,(anonymous_9)
FNDA:10,checkAndRectifyFeatures
FNDA:28,(anonymous_11)
FNDA:2,(anonymous_12)
FNDA:2,(anonymous_13)
FNDA:4,(anonymous_14)
FNDA:0,(anonymous_15)
FNDA:3,(anonymous_16)
FNDA:3,(anonymous_17)
FNDA:3,(anonymous_18)
FNDA:0,(anonymous_19)
FNDA:3,(anonymous_20)
FNDA:0,(anonymous_21)
FNDA:25,(anonymous_22)
FNDA:3,(anonymous_23)
FNDA:3,(anonymous_24)
FNDA:3,(anonymous_25)
FNDA:0,(anonymous_26)
FNDA:4,(anonymous_27)
FNDA:0,(anonymous_28)
FNDA:0,(anonymous_29)
FNDA:3,(anonymous_30)
FNDA:4,(anonymous_31)
FNDA:2,(anonymous_32)
FNDA:3,(anonymous_33)
FNDA:22,(anonymous_34)
FNDA:0,(anonymous_35)
DA:11,25
DA:12,25
DA:13,25
DA:14,0
DA:16,25
DA:18,25
DA:25,45
DA:26,12
DA:27,20
DA:28,20
DA:31,33
DA:32,33
DA:34,12
DA:38,25
DA:39,25
DA:40,25
DA:41,4
DA:43,4
DA:44,4
DA:46,4
DA:50,0
DA:54,25
DA:55,25
DA:56,0
DA:58,25
DA:62,25
DA:63,25
DA:64,25
DA:65,25
DA:66,25
DA:68,25
DA:70,25
DA:75,10
DA:76,0
DA:78,10
DA:80,7
DA:83,7
DA:84,7
DA:85,4
DA:86,4
DA:88,7
DA:91,3
DA:97,10
DA:98,10
DA:99,10
DA:100,10
DA:102,10
DA:103,10
DA:104,6
DA:106,10
DA:107,10
DA:108,10
DA:109,10
DA:111,10
DA:113,10
DA:127,28
DA:128,28
DA:129,28
DA:130,28
DA:134,2
DA:135,0
DA:137,2
DA:149,2
DA:151,2
DA:152,2
DA:167,4
DA:168,4
DA:169,4
DA:170,4
DA:171,4
DA:175,0
DA:176,0
DA:181,0
DA:198,3
DA:199,3
DA:200,3
DA:201,3
DA:202,3
DA:203,3
DA:204,3
DA:205,3
DA:206,3
DA:209,0
DA:215,3
DA:227,3
DA:233,0
DA:234,0
DA:238,3
DA:243,3
DA:255,3
DA:261,0
DA:262,0
DA:266,3
DA:273,25
DA:275,4
DA:276,4
DA:277,4
DA:278,4
DA:279,4
DA:280,4
DA:287,0
DA:290,0
DA:292,21
DA:294,21
DA:295,21
DA:296,21
DA:297,21
DA:298,21
DA:300,0
DA:303,0
DA:306,0
DA:309,0
DA:312,25
DA:314,10
DA:327,25
DA:331,3
DA:336,3
DA:339,3
DA:340,3
DA:343,0
DA:344,0
DA:349,4
DA:357,4
DA:363,0
DA:364,0
DA:365,0
DA:367,0
DA:370,0
DA:371,0
DA:375,4
DA:379,3
DA:380,3
DA:382,4
DA:385,3
DA:396,2
DA:397,0
DA:399,2
DA:405,2
DA:410,3
DA:411,3
DA:412,22
DA:415,3
DA:419,0
LF:143
LH:114
BRDA:13,0,0,0
BRDA:13,0,1,25
BRDA:16,1,0,25
BRDA:16,1,1,0
BRDA:25,2,0,12
BRDA:25,2,1,33
BRDA:27,3,0,20
BRDA:27,3,1,0
BRDA:31,4,0,33
BRDA:31,4,1,0
BRDA:32,5,0,0
BRDA:32,5,1,33
BRDA:39,6,0,25
BRDA:39,6,1,0
BRDA:39,7,0,25
BRDA:39,7,1,0
BRDA:40,8,0,4
BRDA:40,8,1,21
BRDA:41,9,0,4
BRDA:41,9,1,0
BRDA:44,10,0,4
BRDA:44,10,1,0
BRDA:54,11,0,25
BRDA:54,11,1,25
BRDA:54,11,2,25
BRDA:54,11,3,25
BRDA:55,12,0,0
BRDA:55,12,1,25
BRDA:64,13,0,25
BRDA:64,13,1,0
BRDA:64,14,0,25
BRDA:64,14,1,25
BRDA:64,14,2,25
BRDA:75,15,0,0
BRDA:75,15,1,10
BRDA:84,16,0,4
BRDA:84,16,1,3
BRDA:86,17,0,4
BRDA:86,17,1,0
BRDA:99,18,0,10
BRDA:99,18,1,0
BRDA:103,19,0,6
BRDA:103,19,1,4
BRDA:106,20,0,10
BRDA:106,20,1,0
BRDA:106,21,0,10
BRDA:106,21,1,10
BRDA:106,21,2,10
BRDA:107,22,0,10
BRDA:107,22,1,0
BRDA:129,23,0,28
BRDA:129,23,1,1
BRDA:134,24,0,0
BRDA:134,24,1,2
BRDA:151,25,0,2
BRDA:151,25,1,0
BRDA:152,26,0,2
BRDA:152,26,1,0
BRDA:170,27,0,4
BRDA:170,27,1,0
BRDA:202,28,0,3
BRDA:202,28,1,0
BRDA:223,29,0,1
BRDA:223,29,1,2
BRDA:225,30,0,0
BRDA:225,30,1,3
BRDA:251,31,0,3
BRDA:251,31,1,3
BRDA:252,32,0,3
BRDA:252,32,1,3
BRDA:252,33,0,0
BRDA:252,33,1,3
BRDA:273,34,0,4
BRDA:273,34,1,21
BRDA:273,35,0,25
BRDA:273,35,1,25
BRDA:275,36,0,4
BRDA:275,36,1,0
BRDA:276,37,0,4
BRDA:276,37,1,0
BRDA:278,38,0,4
BRDA:278,38,1,0
BRDA:278,39,0,4
BRDA:278,39,1,4
BRDA:292,40,0,21
BRDA:292,40,1,0
BRDA:292,41,0,21
BRDA:292,41,1,21
BRDA:296,42,0,21
BRDA:296,42,1,0
BRDA:296,43,0,21
BRDA:296,43,1,21
BRDA:312,44,0,10
BRDA:312,44,1,15
BRDA:348,45,0,4
BRDA:363,46,0,0
BRDA:363,46,1,0
BRDA:367,47,0,0
BRDA:367,47,1,0
BRDA:380,48,0,3
BRDA:380,48,1,3
BRDA:383,49,0,3
BRDA:383,49,1,1
BRDA:396,50,0,0
BRDA:396,50,1,2
BRDA:396,51,0,2
BRDA:396,51,1,2
BRDA:412,52,0,22
BRDA:412,52,1,4
BRDA:412,53,0,22
BRDA:412,53,1,0
BRDA:412,53,2,22
BRDA:413,54,0,0
BRDA:413,54,1,4
BRF:114
BRH:79
end_of_record
TN:
SF:src\common\_utils\statistics.js
FN:1,statisticsFeatures
FNF:1
FNH:1
FNDA:99,statisticsFeatures
DA:2,99
DA:9,99
DA:10,87
DA:12,87
DA:13,586
DA:14,586
DA:17,99
DA:18,650
DA:19,650
DA:20,1916
DA:21,1916
DA:22,1916
DA:23,1916
DA:26,650
DA:28,99
LF:15
LH:15
BRDA:4,0,0,99
BRDA:4,0,1,95
BRDA:5,1,0,99
BRDA:5,1,1,95
BRDA:9,2,0,87
BRDA:9,2,1,12
BRDA:9,3,0,99
BRDA:9,3,1,99
BRDA:9,3,2,91
BRDA:9,3,3,87
BRF:10
BRH:10
end_of_record
TN:
SF:src\common\_utils\util.js
FN:8,getDateTime
FN:12,hexToRgba
FN:25,isTransparent
FN:30,reservedDecimal
FN:34,clearNumberComma
FN:44,isXField
FN:65,isYField
FN:79,getColorWithOpacity
FN:94,getDerivedColorsByTextColor
FN:109,parseUrl
FN:114,getDataType
FN:119,isMatchUrl
FN:124,isDate
FN:130,isNumber
FN:138,getFeatureCenter
FN:157,getValueCaseInsensitive
FN:171,filterInvalidData
FN:172,(anonymous_17)
FN:173,(anonymous_18)
FN:174,(anonymous_19)
FN:175,(anonymous_20)
FN:176,(anonymous_21)
FN:181,handleWithCredentials
FN:188,handleDataParentRes
FN:194,urlAppend
FN:206,objectWithoutProperties
FN:210,getDarkenColor
FN:221,setPopupArrowStyle
FN:224,(anonymous_28)
FN:236,strip
FN:242,numberEqual
FNF:31
FNH:24
FNDA:2,getDateTime
FNDA:0,hexToRgba
FNDA:13,isTransparent
FNDA:4,reservedDecimal
FNDA:10,clearNumberComma
FNDA:461,isXField
FNDA:461,isYField
FNDA:1173,getColorWithOpacity
FNDA:294,getDerivedColorsByTextColor
FNDA:0,parseUrl
FNDA:1188,getDataType
FNDA:2,isMatchUrl
FNDA:0,isDate
FNDA:0,isNumber
FNDA:2,getFeatureCenter
FNDA:11,getValueCaseInsensitive
FNDA:22,filterInvalidData
FNDA:36,(anonymous_17)
FNDA:36,(anonymous_18)
FNDA:83,(anonymous_19)
FNDA:83,(anonymous_20)
FNDA:87,(anonymous_21)
FNDA:0,handleWithCredentials
FNDA:0,handleDataParentRes
FNDA:98,urlAppend
FNDA:141,objectWithoutProperties
FNDA:18,getDarkenColor
FNDA:58,setPopupArrowStyle
FNDA:0,(anonymous_28)
FNDA:15,strip
FNDA:208,numberEqual
DA:9,2
DA:13,0
DA:26,13
DA:27,13
DA:31,4
DA:35,10
DA:36,10
DA:38,10
DA:45,461
DA:46,461
DA:66,461
DA:67,461
DA:80,1173
DA:81,190
DA:83,983
DA:84,983
DA:85,983
DA:86,965
DA:88,18
DA:90,983
DA:91,983
DA:95,294
DA:96,50
DA:98,244
DA:99,0
DA:101,244
DA:102,244
DA:103,244
DA:104,244
DA:105,244
DA:106,244
DA:110,0
DA:111,0
DA:115,1188
DA:120,2
DA:121,2
DA:125,0
DA:126,0
DA:131,0
DA:132,0
DA:133,0
DA:135,0
DA:139,2
DA:140,2
DA:141,2
DA:142,0
DA:144,2
DA:146,2
DA:147,0
DA:148,2
DA:149,0
DA:150,0
DA:152,2
DA:154,2
DA:158,11
DA:159,11
DA:160,0
DA:162,11
DA:163,11
DA:164,11
DA:165,11
DA:168,0
DA:172,36
DA:173,36
DA:174,22
DA:175,83
DA:176,87
DA:177,83
DA:179,22
DA:182,0
DA:183,0
DA:185,0
DA:189,0
DA:190,0
DA:192,0
DA:195,98
DA:196,98
DA:197,98
DA:198,0
DA:200,98
DA:201,98
DA:203,98
DA:207,141
DA:211,18
DA:214,108
DA:222,58
DA:223,58
DA:224,58
DA:225,0
DA:226,0
DA:227,0
DA:228,0
DA:229,0
DA:237,15
DA:238,15
DA:243,208
LF:96
LH:68
BRDA:35,0,0,10
BRDA:35,0,1,0
BRDA:47,1,0,461
BRDA:47,1,1,461
BRDA:47,1,2,461
BRDA:47,1,3,461
BRDA:47,1,4,461
BRDA:47,1,5,461
BRDA:47,1,6,423
BRDA:47,1,7,423
BRDA:47,1,8,423
BRDA:47,1,9,423
BRDA:47,1,10,423
BRDA:68,2,0,461
BRDA:68,2,1,461
BRDA:68,2,2,461
BRDA:68,2,3,461
BRDA:68,2,4,461
BRDA:68,2,5,461
BRDA:68,2,6,423
BRDA:68,2,7,423
BRDA:79,3,0,1155
BRDA:80,4,0,190
BRDA:80,4,1,983
BRDA:85,5,0,965
BRDA:85,5,1,18
BRDA:95,6,0,50
BRDA:95,6,1,244
BRDA:98,7,0,0
BRDA:98,7,1,244
BRDA:132,8,0,0
BRDA:132,8,1,0
BRDA:139,9,0,2
BRDA:139,9,1,0
BRDA:139,10,0,2
BRDA:139,10,1,0
BRDA:140,11,0,2
BRDA:140,11,1,2
BRDA:141,12,0,0
BRDA:141,12,1,2
BRDA:146,13,0,0
BRDA:146,13,1,2
BRDA:148,14,0,0
BRDA:148,14,1,2
BRDA:159,15,0,0
BRDA:159,15,1,11
BRDA:159,16,0,11
BRDA:159,16,1,11
BRDA:164,17,0,11
BRDA:164,17,1,0
BRDA:177,18,0,83
BRDA:177,18,1,83
BRDA:181,19,0,0
BRDA:182,20,0,0
BRDA:182,20,1,0
BRDA:185,21,0,0
BRDA:185,21,1,0
BRDA:188,22,0,0
BRDA:189,23,0,0
BRDA:189,23,1,0
BRDA:196,24,0,98
BRDA:196,24,1,0
BRDA:197,25,0,0
BRDA:197,25,1,98
BRDA:201,26,0,0
BRDA:201,26,1,98
BRDA:201,27,0,88
BRDA:201,27,1,10
BRDA:206,28,0,0
BRDA:223,29,0,58
BRDA:223,29,1,0
BRDA:226,30,0,0
BRDA:226,30,1,0
BRDA:228,31,0,0
BRDA:228,31,1,0
BRDA:236,32,0,15
BRDA:237,33,0,15
BRDA:237,33,1,0
BRDA:242,34,0,208
BRF:79
BRH:50
end_of_record
TN:
SF:src\common\_utils\style\color\colorPalette.ts
FN:9,getHue
FN:25,getSaturation
FN:47,getValue
FN:53,colorPalette
FNF:4
FNH:4
FNDA:187,getHue
FNDA:187,getSaturation
FNDA:187,getValue
FNDA:187,colorPalette
DA:1,99
DA:2,99
DA:3,99
DA:4,99
DA:5,99
DA:6,99
DA:7,99
DA:8,99
DA:11,187
DA:12,114
DA:15,73
DA:17,187
DA:18,0
DA:20,187
DA:21,20
DA:23,187
DA:27,187
DA:28,142
DA:30,45
DA:31,6
DA:34,39
DA:36,187
DA:37,19
DA:39,187
DA:40,12
DA:42,187
DA:43,25
DA:45,187
DA:48,187
DA:49,142
DA:51,45
DA:54,187
DA:55,187
DA:56,187
DA:57,187
LF:35
LH:34
BRDA:11,0,0,114
BRDA:11,0,1,73
BRDA:11,1,0,187
BRDA:11,1,1,138
BRDA:12,2,0,81
BRDA:12,2,1,33
BRDA:15,3,0,61
BRDA:15,3,1,12
BRDA:17,4,0,0
BRDA:17,4,1,187
BRDA:20,5,0,20
BRDA:27,6,0,142
BRDA:27,6,1,45
BRDA:30,7,0,6
BRDA:30,7,1,39
BRDA:36,8,0,19
BRDA:39,9,0,12
BRDA:39,10,0,187
BRDA:39,10,1,142
BRDA:39,10,2,30
BRDA:42,11,0,25
BRDA:48,12,0,142
BRDA:56,13,0,142
BRDA:56,13,1,45
BRF:24
BRH:23
end_of_record
TN:
SF:src\common\_utils\style\color\serialColors.ts
FN:19,getPrimarySerialColors
FN:50,getFunctionSerialColors
FN:53,_loop
FN:58,(anonymous_3)
FN:66,getExtralColors
FN:80,dealWithTheme
FN:82,(anonymous_6)
FN:101,toStyleVariable
FN:104,getRootStyleSelector
FN:108,setRootStyle
FN:118,(anonymous_10)
FN:121,_loop2
FN:123,(anonymous_12)
FN:128,(anonymous_13)
FNF:14
FNH:14
FNDA:6,getPrimarySerialColors
FNDA:6,getFunctionSerialColors
FNDA:618,_loop
FNDA:168,(anonymous_3)
FNDA:6,getExtralColors
FNDA:6,dealWithTheme
FNDA:10,(anonymous_6)
FNDA:660,toStyleVariable
FNDA:4848,getRootStyleSelector
FNDA:6,setRootStyle
FNDA:60,(anonymous_10)
FNDA:24,_loop2
FNDA:168,(anonymous_12)
FNDA:666,(anonymous_13)
DA:1,98
DA:2,98
DA:3,98
DA:4,98
DA:5,98
DA:6,98
DA:7,98
DA:8,98
DA:9,98
DA:10,98
DA:11,98
DA:17,98
DA:18,98
DA:20,6
DA:21,6
DA:23,6
DA:24,6
DA:26,6
DA:27,6
DA:28,60
DA:29,60
DA:31,6
DA:32,6
DA:34,6
DA:35,6
DA:37,6
DA:38,6
DA:40,6
DA:41,6
DA:43,36
DA:44,36
DA:46,60
DA:48,6
DA:51,6
DA:52,6
DA:53,6
DA:54,618
DA:55,618
DA:56,24
DA:57,24
DA:58,24
DA:59,168
DA:60,168
DA:64,6
DA:67,6
DA:68,6
DA:78,6
DA:81,6
DA:82,10
DA:84,6
DA:85,6
DA:86,6
DA:87,6
DA:92,6
DA:98,6
DA:99,6
DA:102,660
DA:106,4848
DA:110,6
DA:111,6
DA:112,6
DA:116,6
DA:117,6
DA:118,6
DA:119,60
DA:120,60
DA:121,6
DA:122,24
DA:123,24
DA:124,168
DA:125,168
DA:128,6
DA:129,666
DA:130,660
DA:131,660
DA:134,6
DA:135,6
DA:136,6
DA:139,6
DA:140,6
DA:141,2
DA:142,2
DA:143,2
DA:144,2
DA:146,6
DA:147,6
DA:154,6
DA:155,6
DA:156,6
DA:157,6
DA:159,6
DA:160,6
LF:92
LH:92
BRDA:5,0,0,98
BRDA:5,0,1,98
BRDA:18,1,0,98
BRDA:18,1,1,98
BRDA:18,1,2,0
BRDA:18,1,3,0
BRDA:23,2,0,6
BRDA:23,3,0,6
BRDA:23,3,1,6
BRDA:23,3,2,6
BRDA:26,4,0,6
BRDA:26,4,1,0
BRDA:29,5,0,6
BRDA:29,5,1,6
BRDA:29,5,2,6
BRDA:29,5,3,6
BRDA:29,5,4,36
BRDA:31,6,0,6
BRDA:31,6,1,3
BRDA:34,7,0,6
BRDA:34,7,1,3
BRDA:40,8,0,6
BRDA:40,8,1,3
BRDA:52,9,0,6
BRDA:52,9,1,0
BRDA:55,10,0,24
BRDA:56,11,0,24
BRDA:56,11,1,0
BRDA:59,12,0,24
BRDA:59,12,1,144
BRDA:81,13,0,6
BRDA:81,13,1,3
BRDA:84,14,0,6
BRDA:84,14,1,6
BRDA:106,15,0,0
BRDA:106,15,1,4848
BRDA:106,16,0,4848
BRDA:106,16,1,0
BRDA:106,17,0,4848
BRDA:106,17,1,0
BRDA:106,18,0,4848
BRDA:106,18,1,4848
BRDA:129,19,0,660
BRDA:131,20,0,660
BRDA:131,20,1,0
BRDA:135,21,0,6
BRDA:135,21,1,6
BRDA:135,22,0,6
BRDA:135,22,1,0
BRDA:135,23,0,6
BRDA:135,23,1,6
BRDA:140,24,0,2
BRDA:148,25,0,6
BRDA:148,25,1,6
BRDA:148,26,0,6
BRDA:148,26,1,0
BRDA:148,27,0,6
BRDA:148,27,1,6
BRDA:154,28,0,6
BRF:59
BRH:48
end_of_record
TN:
SF:src\common\_utils\style\theme\chart.js
FN:4,(anonymous_0)
FN:10,(anonymous_1)
FN:33,(anonymous_2)
FN:44,(anonymous_3)
FNF:4
FNH:4
FNDA:2,(anonymous_0)
FNDA:2,(anonymous_1)
FNDA:130,(anonymous_2)
FNDA:116,(anonymous_3)
DA:4,4
DA:5,2
DA:6,2
DA:7,2
DA:8,2
DA:9,2
DA:10,2
DA:11,2
DA:12,2
DA:14,2
DA:15,2
DA:16,2
DA:17,20
DA:18,20
DA:28,20
DA:30,2
DA:33,4
DA:36,130
DA:37,1
DA:39,129
DA:41,130
DA:44,4
DA:50,116
DA:51,116
DA:546,116
LF:25
LH:25
BRDA:36,0,0,1
BRDA:36,0,1,129
BRDA:36,1,0,130
BRDA:36,1,1,130
BRDA:36,1,2,43
BRDA:45,2,0,1
BRDA:46,3,0,1
BRDA:47,4,0,1
BRF:8
BRH:8
end_of_record
TN:
SF:src\common\_utils\style\theme\set-theme.ts
FN:6,setTheme
FN:9,(anonymous_1)
FNF:2
FNH:2
FNDA:6,setTheme
FNDA:16,(anonymous_1)
DA:1,46
DA:2,46
DA:3,46
DA:4,46
DA:5,46
DA:6,46
DA:7,6
DA:8,6
DA:9,16
DA:11,3
DA:12,1
DA:13,1
DA:15,1
DA:16,1
DA:19,6
DA:20,6
DA:21,6
DA:22,4
DA:24,6
DA:25,6
DA:26,6
DA:29,6
DA:31,2
DA:35,4
DA:38,46
LF:25
LH:25
BRDA:6,0,0,1
BRDA:8,1,0,3
BRDA:8,1,1,3
BRDA:9,2,0,3
BRDA:9,2,1,1
BRDA:11,3,0,1
BRDA:12,4,0,1
BRDA:15,5,0,1
BRDA:21,6,0,4
BRDA:21,7,0,6
BRDA:21,7,1,6
BRDA:21,7,2,3
BRDA:25,8,0,6
BRDA:25,9,0,6
BRDA:25,9,1,0
BRDA:26,10,0,6
BRDA:26,10,1,6
BRDA:26,11,0,6
BRDA:26,11,1,6
BRDA:29,12,0,2
BRDA:29,12,1,4
BRF:21
BRH:20
end_of_record
TN:
SF:src\common\_utils\vue-types\utils.js
FN:9,(anonymous_0)
FN:15,(anonymous_1)
FN:27,(anonymous_2)
FN:38,(anonymous_3)
FN:50,(anonymous_4)
FN:60,(anonymous_5)
FN:67,(anonymous_6)
FN:69,(anonymous_7)
FN:80,(anonymous_8)
FN:97,(anonymous_9)
FN:99,(anonymous_10)
FN:114,(anonymous_11)
FN:137,(anonymous_12)
FN:148,(anonymous_13)
FN:149,(anonymous_14)
FN:183,(anonymous_15)
FN:187,(anonymous_16)
FNF:17
FNH:14
FNDA:135,(anonymous_0)
FNDA:104,(anonymous_1)
FNDA:2,(anonymous_2)
FNDA:0,(anonymous_3)
FNDA:0,(anonymous_4)
FNDA:962,(anonymous_5)
FNDA:779,(anonymous_6)
FNDA:697,(anonymous_7)
FNDA:9,(anonymous_8)
FNDA:778,(anonymous_9)
FNDA:2,(anonymous_10)
FNDA:777,(anonymous_11)
FNDA:138,(anonymous_12)
FNDA:26,(anonymous_13)
FNDA:26,(anonymous_14)
FNDA:0,(anonymous_15)
FNDA:1,(anonymous_16)
DA:3,86
DA:4,86
DA:6,86
DA:9,86
DA:10,135
DA:11,135
DA:12,135
DA:15,86
DA:16,104
DA:17,102
DA:18,102
DA:27,86
DA:37,86
DA:39,0
DA:49,86
DA:51,0
DA:60,962
DA:67,86
DA:68,779
DA:70,697
DA:71,587
DA:72,587
DA:74,110
DA:75,0
DA:76,0
DA:78,110
DA:81,9
DA:85,110
DA:97,86
DA:98,778
DA:100,2
DA:101,2
DA:114,86
DA:115,777
DA:120,777
DA:121,777
DA:123,777
DA:124,77
DA:126,777
DA:137,86
DA:138,138
DA:139,138
DA:141,138
DA:142,30
DA:144,138
DA:146,138
DA:147,135
DA:148,27
DA:149,27
DA:151,108
DA:153,108
DA:154,5
DA:155,103
DA:156,1
DA:157,102
DA:163,102
DA:165,0
DA:170,138
DA:171,1
DA:172,1
DA:175,137
DA:176,25
DA:177,25
DA:178,25
DA:180,112
DA:183,86
DA:185,86
DA:186,86
DA:187,86
DA:188,1
DA:189,1
LF:71
LH:66
BRDA:10,0,0,134
BRDA:10,0,1,1
BRDA:10,1,0,135
BRDA:10,1,1,134
BRDA:10,2,0,108
BRDA:10,2,1,26
BRDA:11,3,0,135
BRDA:11,3,1,134
BRDA:12,4,0,135
BRDA:12,4,1,134
BRDA:16,5,0,2
BRDA:16,5,1,102
BRDA:16,6,0,104
BRDA:16,6,1,103
BRDA:18,7,0,102
BRDA:18,7,1,102
BRDA:37,8,0,86
BRDA:37,8,1,0
BRDA:39,9,0,0
BRDA:39,9,1,0
BRDA:39,9,2,0
BRDA:49,10,0,86
BRDA:49,10,1,0
BRDA:70,11,0,587
BRDA:70,11,1,110
BRDA:70,12,0,697
BRDA:70,12,1,587
BRDA:74,13,0,0
BRDA:74,13,1,110
BRDA:74,14,0,110
BRDA:74,14,1,108
BRDA:79,15,0,7
BRDA:79,15,1,103
BRDA:79,16,0,110
BRDA:79,16,1,106
BRDA:123,17,0,77
BRDA:123,17,1,700
BRDA:137,18,0,112
BRDA:141,19,0,30
BRDA:141,19,1,108
BRDA:144,20,0,108
BRDA:144,20,1,30
BRDA:146,21,0,135
BRDA:146,21,1,3
BRDA:146,22,0,138
BRDA:146,22,1,138
BRDA:147,23,0,27
BRDA:147,23,1,108
BRDA:153,24,0,5
BRDA:153,24,1,103
BRDA:155,25,0,1
BRDA:155,25,1,102
BRDA:157,26,0,102
BRDA:157,26,1,0
BRDA:158,27,0,102
BRDA:158,27,1,57
BRDA:158,27,2,45
BRDA:158,27,3,1
BRDA:170,28,0,1
BRDA:170,28,1,137
BRDA:171,29,0,1
BRDA:171,29,1,1
BRDA:175,30,0,25
BRDA:175,30,1,112
BRDA:175,31,0,137
BRDA:175,31,1,25
BRDA:177,32,0,0
BRDA:177,32,1,25
BRDA:177,33,0,25
BRDA:177,33,1,0
BRDA:185,34,0,86
BRDA:185,34,1,0
BRDA:188,35,0,1
BRDA:188,35,1,0
BRF:74
BRH:63
end_of_record
TN:
SF:src\common\avatar\Avatar.vue
FNF:0
FNH:0
DA:3,1
DA:4,1
DA:5,1
DA:6,1
DA:17,1
LF:5
LH:5
BRF:0
BRH:0
end_of_record
TN:
SF:src\common\border\Border.vue
FNF:0
FNH:0
DA:8,1
DA:10,1
DA:11,1
DA:12,1
DA:13,1
DA:14,1
DA:120,1
LF:7
LH:7
BRF:0
BRH:0
end_of_record
TN:
SF:src\common\breadcrumb\Breadcrumb.vue
FNF:0
FNH:0
DA:2,1
DA:3,1
DA:4,1
DA:5,1
DA:12,1
LF:5
LH:5
BRF:0
BRH:0
end_of_record
TN:
SF:src\common\breadcrumb\BreadcrumbItem.vue
FNF:0
FNH:0
DA:2,1
DA:3,1
DA:4,1
DA:5,1
DA:11,1
LF:5
LH:5
BRF:0
BRH:0
end_of_record
TN:
SF:src\common\breadcrumb\BreadcrumbSeparator.vue
FNF:0
FNH:0
DA:2,1
DA:3,1
DA:4,1
DA:5,1
DA:9,1
LF:5
LH:5
BRF:0
BRH:0
end_of_record
TN:
SF:src\common\button\Button.vue
FNF:0
FNH:0
DA:2,14
DA:3,14
DA:4,14
DA:5,14
DA:6,14
DA:8,14
DA:11,14
LF:7
LH:7
BRF:0
BRH:0
end_of_record
TN:
SF:src\common\button\Group.vue
FN:5,_getRequireWildcardCache
FNF:1
FNH:1
FNDA:2,_getRequireWildcardCache
DA:2,2
DA:3,2
DA:4,2
DA:5,6
DA:7,2
DA:10,2
LF:6
LH:6
BRDA:5,0,0,2
BRDA:5,1,0,0
BRDA:5,1,1,0
BRDA:5,2,0,2
BRDA:5,2,1,2
BRDA:5,2,2,2
BRF:6
BRH:4
end_of_record
TN:
SF:src\common\card\Card.vue
FNF:0
FNH:0
DA:2,6
DA:3,6
DA:4,6
DA:5,6
DA:23,6
LF:5
LH:5
BRF:0
BRH:0
end_of_record
TN:
SF:src\common\card\Grid.vue
FNF:0
FNH:0
DA:2,1
DA:3,1
DA:4,1
DA:5,1
DA:10,1
LF:5
LH:5
BRF:0
BRH:0
end_of_record
TN:
SF:src\common\card\Meta.vue
FNF:0
FNH:0
DA:2,1
DA:3,1
DA:4,1
DA:5,1
DA:11,1
LF:5
LH:5
BRF:0
BRH:0
end_of_record
TN:
SF:src\common\chart\ChartMixin.vue
FNF:0
FNH:0
DA:34,3
DA:35,3
DA:36,3
DA:37,3
DA:38,3
DA:39,3
DA:40,3
DA:41,3
DA:42,3
DA:43,3
DA:44,3
DA:45,3
DA:46,3
DA:47,3
DA:48,3
DA:49,3
DA:52,3
DA:89,3
DA:1414,3
LF:19
LH:19
BRF:0
BRH:0
end_of_record
TN:
SF:src\common\checkbox\Checkbox.vue
FNF:0
FNH:0
DA:2,5
DA:3,5
DA:4,5
DA:5,5
DA:13,5
LF:5
LH:5
BRF:0
BRH:0
end_of_record
TN:
SF:src\common\checkbox\Group.vue
FNF:0
FNH:0
DA:2,1
DA:3,1
DA:4,1
DA:5,1
DA:13,1
LF:5
LH:5
BRF:0
BRH:0
end_of_record
TN:
SF:src\common\collapse\Collapse.vue
FNF:0
FNH:0
DA:2,4
DA:3,4
DA:4,4
DA:5,4
DA:7,4
DA:9,4
LF:6
LH:6
BRF:0
BRH:0
end_of_record
TN:
SF:src\common\collapse\Panel.vue
FNF:0
FNH:0
DA:2,3
DA:3,3
DA:4,3
DA:5,3
DA:7,3
DA:9,3
LF:6
LH:6
BRF:0
BRH:0
end_of_record
TN:
SF:src\common\collapse-card\CollapseCard.vue
FNF:0
FNH:0
DA:41,18
DA:43,18
DA:148,18
LF:3
LH:3
BRF:0
BRH:0
end_of_record
TN:
SF:src\common\color-picker\ColorPicker.vue
FN:26,(anonymous_2)
FNF:1
FNH:1
FNDA:3,(anonymous_2)
DA:12,3
DA:13,3
DA:14,3
DA:26,3
DA:31,3
DA:32,3
DA:35,3
DA:42,3
DA:105,3
LF:9
LH:9
BRF:0
BRH:0
end_of_record
TN:
SF:src\common\config-provider\ConfigProvider.vue
FNF:0
FNH:0
DA:2,0
DA:4,0
DA:5,0
DA:22,0
LF:4
LH:0
BRF:0
BRH:0
end_of_record
TN:
SF:src\common\date-picker\BaseMixin.vue
FNF:0
FNH:0
DA:2,1
DA:3,1
LF:2
LH:2
BRF:0
BRH:0
end_of_record
TN:
SF:src\common\date-picker\DatePicker.vue
FNF:0
FNH:0
DA:2,1
DA:3,1
DA:4,1
DA:6,1
DA:8,1
LF:5
LH:5
BRF:0
BRH:0
end_of_record
TN:
SF:src\common\date-picker\MonthPicker.vue
FNF:0
FNH:0
DA:2,1
DA:3,1
DA:4,1
DA:6,1
DA:8,1
LF:5
LH:5
BRF:0
BRH:0
end_of_record
TN:
SF:src\common\date-picker\RangePicker.vue
FNF:0
FNH:0
DA:2,1
DA:3,1
DA:4,1
DA:6,1
DA:8,1
LF:5
LH:5
BRF:0
BRH:0
end_of_record
TN:
SF:src\common\date-picker\WeekPicker.vue
FNF:0
FNH:0
DA:2,1
DA:3,1
DA:4,1
DA:6,1
DA:8,1
LF:5
LH:5
BRF:0
BRH:0
end_of_record
TN:
SF:src\common\dropdown\Dropdown.vue
FN:4,_getRequireWildcardCache
FNF:1
FNH:1
FNDA:2,_getRequireWildcardCache
DA:2,2
DA:3,2
DA:4,6
DA:6,2
DA:8,2
LF:5
LH:5
BRDA:4,0,0,2
BRDA:4,1,0,0
BRDA:4,1,1,0
BRDA:4,2,0,2
BRDA:4,2,1,2
BRDA:4,2,2,2
BRF:6
BRH:4
end_of_record
TN:
SF:src\common\empty\Empty.vue
FN:5,_getRequireWildcardCache
FNF:1
FNH:1
FNDA:3,_getRequireWildcardCache
DA:2,3
DA:3,3
DA:4,3
DA:5,9
DA:7,3
DA:10,3
LF:6
LH:6
BRDA:5,0,0,3
BRDA:5,1,0,0
BRDA:5,1,1,0
BRDA:5,2,0,3
BRDA:5,2,1,3
BRDA:5,2,2,3
BRF:6
BRH:4
end_of_record
TN:
SF:src\common\empty\RenderEmpty.ts
FN:7,_default
FN:13,render
FN:15,renderHtml
FN:43,renderEmpty
FNF:4
FNH:3
FNDA:0,_default
FNDA:243,render
FNDA:243,renderHtml
FNDA:243,renderEmpty
DA:1,85
DA:2,85
DA:3,85
DA:14,243
DA:16,243
DA:17,243
DA:18,243
DA:19,243
DA:20,243
DA:21,243
DA:26,243
DA:32,106
DA:37,137
DA:40,243
DA:44,243
DA:46,85
DA:47,85
LF:17
LH:17
BRDA:18,0,0,243
BRDA:18,0,1,0
BRDA:19,1,0,243
BRDA:19,1,1,243
BRDA:24,2,0,243
BRDA:24,2,1,0
BRDA:26,3,0,104
BRDA:26,3,1,104
BRDA:26,3,2,104
BRDA:26,3,3,106
BRDA:26,3,4,106
BRDA:26,3,5,137
BRF:12
BRH:10
end_of_record
TN:
SF:src\common\icon\Icon.vue
FNF:0
FNH:0
DA:3,8
DA:4,8
DA:5,8
DA:6,8
DA:7,8
DA:22,8
LF:6
LH:6
BRF:0
BRH:0
end_of_record
TN:
SF:src\common\iframe\Iframe.vue
FNF:0
FNH:0
DA:4,1
DA:6,1
DA:16,1
LF:3
LH:3
BRF:0
BRH:0
end_of_record
TN:
SF:src\common\image\Image.vue
FNF:0
FNH:0
DA:13,1
DA:15,1
DA:16,1
DA:82,1
LF:4
LH:4
BRF:0
BRH:0
end_of_record
TN:
SF:src\common\indicator\CountTo.vue
FNF:0
FNH:0
DA:13,1
DA:15,1
DA:16,1
DA:91,1
LF:4
LH:4
BRF:0
BRH:0
end_of_record
TN:
SF:src\common\indicator\Indicator.vue
FNF:0
FNH:0
DA:34,1
DA:36,1
DA:37,1
DA:38,1
DA:39,1
DA:298,1
LF:6
LH:6
BRF:0
BRH:0
end_of_record
TN:
SF:src\common\input\BaseMixin.vue
FNF:0
FNH:0
DA:2,9
DA:3,9
LF:2
LH:2
BRF:0
BRH:0
end_of_record
TN:
SF:src\common\input\Group.vue
FNF:0
FNH:0
DA:2,1
DA:3,1
DA:4,1
DA:5,1
DA:10,1
LF:5
LH:5
BRF:0
BRH:0
end_of_record
TN:
SF:src\common\input\Input.vue
FNF:0
FNH:0
DA:2,8
DA:3,8
DA:4,8
DA:5,8
DA:7,8
DA:10,8
LF:6
LH:6
BRF:0
BRH:0
end_of_record
TN:
SF:src\common\input\Password.vue
FNF:0
FNH:0
DA:2,1
DA:3,1
DA:4,1
DA:5,1
DA:7,1
DA:12,1
LF:6
LH:6
BRF:0
BRH:0
end_of_record
TN:
SF:src\common\input\Search.vue
FNF:0
FNH:0
DA:2,1
DA:3,1
DA:4,1
DA:5,1
DA:7,1
DA:11,1
LF:6
LH:6
BRF:0
BRH:0
end_of_record
TN:
SF:src\common\input\TextArea.vue
FNF:0
FNH:0
DA:2,1
DA:3,1
DA:4,1
DA:6,1
DA:8,1
LF:5
LH:5
BRF:0
BRH:0
end_of_record
TN:
SF:src\common\input-number\InputNumber.vue
FN:4,_getRequireWildcardCache
FNF:1
FNH:1
FNDA:2,_getRequireWildcardCache
DA:2,2
DA:3,2
DA:4,6
DA:6,2
DA:9,2
LF:5
LH:5
BRDA:4,0,0,2
BRDA:4,1,0,0
BRDA:4,1,1,0
BRDA:4,2,0,2
BRDA:4,2,1,2
BRDA:4,2,2,2
BRF:6
BRH:4
end_of_record
TN:
SF:src\common\layout\Content.vue
FNF:0
FNH:0
DA:2,1
DA:3,1
DA:4,1
DA:5,1
DA:7,1
DA:9,1
LF:6
LH:6
BRF:0
BRH:0
end_of_record
TN:
SF:src\common\layout\Footer.vue
FNF:0
FNH:0
DA:2,1
DA:3,1
DA:4,1
DA:5,1
DA:7,1
DA:9,1
LF:6
LH:6
BRF:0
BRH:0
end_of_record
TN:
SF:src\common\layout\Header.vue
FNF:0
FNH:0
DA:2,1
DA:3,1
DA:4,1
DA:5,1
DA:7,1
DA:9,1
LF:6
LH:6
BRF:0
BRH:0
end_of_record
TN:
SF:src\common\layout\Layout.vue
FNF:0
FNH:0
DA:2,1
DA:3,1
DA:4,1
DA:5,1
DA:7,1
DA:9,1
LF:6
LH:6
BRF:0
BRH:0
end_of_record
TN:
SF:src\common\layout\Sider.vue
FNF:0
FNH:0
DA:2,1
DA:3,1
DA:4,1
DA:5,1
DA:7,1
DA:9,1
LF:6
LH:6
BRF:0
BRH:0
end_of_record
TN:
SF:src\common\liquid-fill\LiquidFill.vue
FNF:0
FNH:0
DA:3,1
DA:5,1
DA:6,1
DA:7,1
DA:8,1
DA:9,1
DA:10,1
DA:11,1
DA:12,1
DA:208,1
LF:10
LH:10
BRF:0
BRH:0
end_of_record
TN:
SF:src\common\menu\Menu.vue
FN:4,_getRequireWildcardCache
FNF:1
FNH:1
FNDA:2,_getRequireWildcardCache
DA:2,2
DA:3,2
DA:4,6
DA:6,2
DA:8,2
LF:5
LH:5
BRDA:4,0,0,2
BRDA:4,1,0,0
BRDA:4,1,1,0
BRDA:4,2,0,2
BRDA:4,2,1,2
BRDA:4,2,2,2
BRF:6
BRH:4
end_of_record
TN:
SF:src\common\menu\MenuItem.vue
FNF:0
FNH:0
DA:2,2
DA:3,2
DA:4,2
DA:5,2
DA:27,2
LF:5
LH:5
BRF:0
BRH:0
end_of_record
TN:
SF:src\common\menu\SubMenu.vue
FNF:0
FNH:0
DA:2,2
DA:3,2
DA:4,2
DA:5,2
DA:41,2
LF:5
LH:5
BRF:0
BRH:0
end_of_record
TN:
SF:src\common\message\Message.js
FN:6,(anonymous_0)
FNF:1
FNH:0
FNDA:0,(anonymous_0)
DA:3,49
DA:4,49
DA:5,49
DA:6,49
DA:7,0
DA:8,0
DA:10,0
LF:7
LH:4
BRDA:7,0,0,0
BRDA:7,0,1,0
BRDA:7,1,0,0
BRDA:7,1,1,0
BRDA:10,2,0,0
BRDA:10,2,1,0
BRF:6
BRH:0
end_of_record
TN:
SF:src\common\modal\Modal.vue
FNF:0
FNH:0
DA:2,2
DA:3,2
DA:4,2
DA:5,2
DA:6,2
DA:8,2
DA:41,2
LF:7
LH:7
BRF:0
BRH:0
end_of_record
TN:
SF:src\common\modal\main.ts
FN:5,(anonymous_0)
FN:7,(anonymous_1)
FN:13,(anonymous_2)
FNF:3
FNH:1
FNDA:12,(anonymous_0)
FNDA:0,(anonymous_1)
FNDA:0,(anonymous_2)
DA:1,2
DA:2,2
DA:3,2
DA:4,2
DA:5,2
DA:6,12
DA:7,12
DA:8,0
DA:9,0
DA:10,0
DA:13,2
DA:14,0
DA:16,2
DA:17,2
DA:18,2
LF:15
LH:11
BRDA:8,0,0,0
BRDA:8,0,1,0
BRDA:8,1,0,0
BRDA:8,1,1,0
BRDA:9,2,0,0
BRDA:9,2,1,0
BRDA:9,3,0,0
BRDA:9,3,1,0
BRDA:10,4,0,0
BRDA:10,4,1,0
BRDA:10,5,0,0
BRDA:10,5,1,0
BRDA:10,6,0,0
BRDA:10,6,1,0
BRF:14
BRH:0
end_of_record
TN:
SF:src\common\nav\Nav.vue
FN:58,(anonymous_2)
FNF:1
FNH:1
FNDA:1,(anonymous_2)
DA:34,1
DA:35,1
DA:36,1
DA:58,1
DA:61,1
DA:62,1
DA:63,1
DA:64,1
DA:65,1
DA:66,1
DA:69,1
DA:157,1
LF:12
LH:12
BRF:0
BRH:0
end_of_record
TN:
SF:src\common\notification\Notification.js
FN:5,(anonymous_0)
FNF:1
FNH:0
FNDA:0,(anonymous_0)
DA:3,0
DA:5,0
DA:6,0
DA:7,0
LF:4
LH:0
BRDA:6,0,0,0
BRDA:6,0,1,0
BRF:2
BRH:0
end_of_record
TN:
SF:src\common\pagination\Pagination.vue
FNF:0
FNH:0
DA:2,1
DA:3,1
DA:4,1
DA:5,1
DA:7,1
DA:9,1
LF:6
LH:6
BRF:0
BRH:0
end_of_record
TN:
SF:src\common\progress\Progress.vue
FN:9,_getRequireWildcardCache
FNF:1
FNH:1
FNDA:1,_getRequireWildcardCache
DA:2,1
DA:3,1
DA:4,1
DA:5,1
DA:6,1
DA:7,1
DA:8,1
DA:9,3
DA:11,1
DA:17,1
DA:97,1
LF:11
LH:11
BRDA:9,0,0,1
BRDA:9,1,0,0
BRDA:9,1,1,0
BRDA:9,2,0,1
BRDA:9,2,1,1
BRDA:9,2,2,1
BRF:6
BRH:4
end_of_record
TN:
SF:src\common\radio\Button.vue
FNF:0
FNH:0
DA:2,2
DA:3,2
DA:4,2
DA:5,2
DA:7,2
DA:9,2
LF:6
LH:6
BRF:0
BRH:0
end_of_record
TN:
SF:src\common\radio\Group.vue
FNF:0
FNH:0
DA:2,2
DA:3,2
DA:4,2
DA:5,2
DA:15,2
LF:5
LH:5
BRF:0
BRH:0
end_of_record
TN:
SF:src\common\radio\Radio.vue
FNF:0
FNH:0
DA:2,2
DA:3,2
DA:4,2
DA:5,2
DA:13,2
LF:5
LH:5
BRF:0
BRH:0
end_of_record
TN:
SF:src\common\select\OptGroup.vue
FNF:0
FNH:0
DA:2,1
DA:3,1
DA:4,1
DA:5,1
DA:10,1
LF:5
LH:5
BRF:0
BRH:0
end_of_record
TN:
SF:src\common\select\Option.vue
FNF:0
FNH:0
DA:2,4
DA:3,4
DA:4,4
DA:5,4
DA:12,4
LF:5
LH:5
BRF:0
BRH:0
end_of_record
TN:
SF:src\common\select\Select.vue
FN:5,_getRequireWildcardCache
FNF:1
FNH:1
FNDA:5,_getRequireWildcardCache
DA:2,5
DA:3,5
DA:4,5
DA:5,15
DA:7,5
DA:13,5
LF:6
LH:6
BRDA:5,0,0,5
BRDA:5,1,0,0
BRDA:5,1,1,0
BRDA:5,2,0,5
BRDA:5,2,1,5
BRDA:5,2,2,5
BRF:6
BRH:4
end_of_record
TN:
SF:src\common\slider\Slider.vue
FN:4,_getRequireWildcardCache
FNF:1
FNH:1
FNDA:3,_getRequireWildcardCache
DA:2,3
DA:3,3
DA:4,9
DA:6,3
DA:8,3
LF:5
LH:5
BRDA:4,0,0,3
BRDA:4,1,0,0
BRDA:4,1,1,0
BRDA:4,2,0,3
BRDA:4,2,1,3
BRDA:4,2,2,3
BRF:6
BRH:4
end_of_record
TN:
SF:src\common\slideshow\Slideshow.vue
FN:39,(anonymous_2)
FNF:1
FNH:1
FNDA:1,(anonymous_2)
DA:2,1
DA:3,1
DA:4,1
DA:5,1
DA:6,1
DA:8,1
DA:9,1
DA:10,1
DA:11,1
DA:39,1
DA:59,1
DA:60,1
DA:61,1
DA:62,1
DA:63,1
DA:64,1
DA:65,1
DA:66,1
DA:67,1
DA:68,1
DA:69,1
DA:70,1
DA:71,1
DA:72,1
DA:73,1
DA:112,1
DA:122,1
DA:127,1
DA:132,1
DA:349,1
LF:30
LH:30
BRF:0
BRH:0
end_of_record
TN:
SF:src\common\slideshow\SlideshowItem.vue
FNF:0
FNH:0
DA:5,1
DA:7,1
DA:8,1
DA:16,1
LF:4
LH:4
BRF:0
BRH:0
end_of_record
TN:
SF:src\common\slideshow\Swiper.js
FNF:0
FNH:0
DA:15,1
DA:26,1
LF:2
LH:2
BRF:0
BRH:0
end_of_record
TN:
SF:src\common\spin\Spin.vue
FN:4,_getRequireWildcardCache
FNF:1
FNH:1
FNDA:50,_getRequireWildcardCache
DA:2,50
DA:3,50
DA:4,150
DA:6,50
DA:8,50
LF:5
LH:5
BRDA:4,0,0,50
BRDA:4,1,0,0
BRDA:4,1,1,0
BRDA:4,2,0,50
BRDA:4,2,1,50
BRDA:4,2,2,50
BRF:6
BRH:4
end_of_record
TN:
SF:src\common\spin\main.ts
FNF:0
FNH:0
DA:1,1
DA:2,1
DA:3,1
DA:4,1
DA:5,1
DA:6,1
LF:6
LH:6
BRF:0
BRH:0
end_of_record
TN:
SF:src\common\steps\Step.vue
FNF:0
FNH:0
DA:2,1
DA:3,1
DA:4,1
DA:5,1
DA:25,1
LF:5
LH:5
BRF:0
BRH:0
end_of_record
TN:
SF:src\common\steps\Steps.vue
FNF:0
FNH:0
DA:2,1
DA:3,1
DA:4,1
DA:5,1
DA:16,1
LF:5
LH:5
BRF:0
BRH:0
end_of_record
TN:
SF:src\common\switch\Switch.vue
FNF:0
FNH:0
DA:2,3
DA:3,3
DA:4,3
DA:5,3
DA:16,3
LF:5
LH:5
BRF:0
BRH:0
end_of_record
TN:
SF:src\common\table\Column.vue
FNF:0
FNH:0
DA:2,1
DA:3,1
DA:4,1
DA:5,1
DA:7,1
DA:9,1
LF:6
[...]
DA:18,2
DA:19,2
DA:23,2
DA:24,2
DA:25,0
DA:27,2
DA:28,2
DA:32,1
DA:33,1
DA:34,1
DA:38,1
DA:39,1
DA:40,1
DA:41,1
DA:45,4
DA:46,0
DA:48,4
DA:53,4
DA:83,4
DA:87,4
DA:88,4
DA:89,4
DA:90,4
LF:28
LH:26
BRDA:14,0,0,2
BRDA:14,0,1,0
BRDA:16,1,0,2
BRDA:16,1,1,0
BRDA:18,2,0,2
BRDA:18,2,1,2
BRDA:19,3,0,2
BRDA:19,3,1,2
BRDA:24,4,0,0
BRDA:24,4,1,2
BRDA:38,5,0,1
BRDA:38,5,1,1
BRDA:39,6,0,1
BRDA:39,6,1,1
BRDA:45,7,0,0
BRDA:45,7,1,4
BRDA:58,8,0,4
BRDA:58,8,1,1
BRDA:80,9,0,4
BRDA:80,9,1,1
BRDA:88,10,0,4
BRDA:88,10,1,0
BRDA:88,11,0,4
BRDA:88,11,1,4
BRDA:88,11,2,4
BRDA:89,12,0,4
BRDA:89,12,1,4
BRF:27
BRH:22
end_of_record
TN:
SF:src\mapboxgl\web-map\layer\label-theme\LabelThemeLayer.vue
FNF:0
FNH:0
DA:2,1
DA:3,1
DA:4,1
DA:5,1
DA:60,1
LF:5
LH:5
BRF:0
BRH:0
end_of_record
TN:
SF:src\mapboxgl\web-map\layer\label-theme\LabelThemeLayerViewModel.js
FN:5,(anonymous_0)
FN:15,(anonymous_1)
FN:21,(anonymous_2)
FN:26,(anonymous_3)
FN:31,(anonymous_4)
FN:36,(anonymous_5)
FN:42,(anonymous_6)
FN:48,(anonymous_7)
FNF:8
FNH:8
FNDA:2,(anonymous_0)
FNDA:2,(anonymous_1)
FNDA:1,(anonymous_2)
FNDA:1,(anonymous_3)
FNDA:1,(anonymous_4)
FNDA:5,(anonymous_5)
FNDA:3,(anonymous_6)
FNDA:5,(anonymous_7)
DA:6,2
DA:7,2
DA:8,2
DA:9,2
DA:10,2
DA:11,2
DA:12,2
DA:16,2
DA:17,2
DA:18,2
DA:22,1
DA:23,1
DA:27,1
DA:28,1
DA:32,1
DA:33,1
DA:37,5
DA:38,5
DA:39,5
DA:43,3
DA:44,3
DA:45,3
DA:49,5
DA:50,5
DA:51,5
DA:52,0
LF:26
LH:25
BRDA:8,0,0,2
BRDA:8,0,1,0
BRDA:9,1,0,2
BRDA:9,1,1,2
BRDA:12,2,0,2
BRDA:12,2,1,0
BRDA:51,3,0,0
BRDA:51,3,1,5
BRDA:51,4,0,5
BRDA:51,4,1,5
BRDA:51,4,2,5
BRF:11
BRH:8
end_of_record
TN:
SF:src\mapboxgl\web-map\layer\mapv\MapvLayer.vue
FNF:0
FNH:0
DA:2,1
DA:3,1
DA:4,1
DA:41,1
LF:4
LH:4
BRF:0
BRH:0
end_of_record
TN:
SF:src\mapboxgl\web-map\layer\mapv\MapvLayerViewModel.js
FN:5,(anonymous_0)
FN:12,(anonymous_1)
FN:18,(anonymous_2)
FN:24,(anonymous_3)
FN:30,(anonymous_4)
FN:36,(anonymous_5)
FN:41,(anonymous_6)
FNF:7
FNH:7
FNDA:2,(anonymous_0)
FNDA:2,(anonymous_1)
FNDA:1,(anonymous_2)
FNDA:1,(anonymous_3)
FNDA:4,(anonymous_4)
FNDA:4,(anonymous_5)
FNDA:4,(anonymous_6)
DA:6,2
DA:7,2
DA:8,2
DA:9,2
DA:13,2
DA:14,2
DA:15,2
DA:19,1
DA:20,1
DA:21,1
DA:25,1
DA:26,1
DA:27,1
DA:31,4
DA:32,4
DA:37,4
DA:38,4
DA:42,4
DA:43,4
DA:44,4
DA:45,0
LF:21
LH:20
BRDA:9,0,0,0
BRDA:9,0,1,2
BRDA:31,1,0,4
BRDA:31,1,1,0
BRDA:31,2,0,4
BRDA:31,2,1,4
BRDA:38,3,0,4
BRDA:38,3,1,4
BRDA:44,4,0,0
BRDA:44,4,1,4
BRDA:44,5,0,4
BRDA:44,5,1,4
BRDA:44,5,2,2
BRF:13
BRH:10
end_of_record
TN:
SF:src\mapboxgl\web-map\layer\range-theme\RangeThemeLayer.vue
FNF:0
FNH:0
DA:2,1
DA:3,1
DA:4,1
DA:5,1
DA:59,1
LF:5
LH:5
BRF:0
BRH:0
end_of_record
TN:
SF:src\mapboxgl\web-map\layer\range-theme\RangeThemeLayerViewModel.js
FN:5,(anonymous_0)
FN:15,(anonymous_1)
FN:21,(anonymous_2)
FN:26,(anonymous_3)
FN:31,(anonymous_4)
FN:36,(anonymous_5)
FN:42,(anonymous_6)
FN:48,(anonymous_7)
FNF:8
FNH:8
FNDA:2,(anonymous_0)
FNDA:2,(anonymous_1)
FNDA:1,(anonymous_2)
FNDA:1,(anonymous_3)
FNDA:1,(anonymous_4)
FNDA:5,(anonymous_5)
FNDA:3,(anonymous_6)
FNDA:5,(anonymous_7)
DA:6,2
DA:7,2
DA:8,2
DA:9,2
DA:10,2
DA:11,2
DA:12,2
DA:16,2
DA:17,2
DA:18,2
DA:22,1
DA:23,1
DA:27,1
DA:28,1
DA:32,1
DA:33,1
DA:37,5
DA:38,5
DA:39,5
DA:43,3
DA:44,3
DA:45,3
DA:49,5
DA:50,5
DA:51,5
DA:52,0
LF:26
LH:25
BRDA:8,0,0,2
BRDA:8,0,1,2
BRDA:9,1,0,2
BRDA:9,1,1,2
BRDA:12,2,0,2
BRDA:12,2,1,0
BRDA:51,3,0,0
BRDA:51,3,1,5
BRDA:51,4,0,5
BRDA:51,4,1,5
BRDA:51,4,2,3
BRF:11
BRH:9
end_of_record
TN:
SF:src\mapboxgl\web-map\layer\ranksymbol-theme\RanksymbolThemeLayer.vue
FNF:0
FNH:0
DA:2,1
DA:3,1
DA:4,1
DA:5,1
DA:66,1
LF:5
LH:5
BRF:0
BRH:0
end_of_record
TN:
SF:src\mapboxgl\web-map\layer\ranksymbol-theme\RanksymbolThemeLayerViewModel.js
FN:5,(anonymous_0)
FN:16,(anonymous_1)
FN:22,(anonymous_2)
FN:27,(anonymous_3)
FN:32,(anonymous_4)
FN:37,(anonymous_5)
FN:42,(anonymous_6)
FN:48,(anonymous_7)
FN:54,(anonymous_8)
FNF:9
FNH:8
FNDA:2,(anonymous_0)
FNDA:2,(anonymous_1)
FNDA:1,(anonymous_2)
FNDA:0,(anonymous_3)
FNDA:1,(anonymous_4)
FNDA:1,(anonymous_5)
FNDA:5,(anonymous_6)
FNDA:3,(anonymous_7)
FNDA:5,(anonymous_8)
DA:6,2
DA:7,2
DA:8,2
DA:9,2
DA:10,2
DA:11,2
DA:12,2
DA:13,2
DA:17,2
DA:18,2
DA:19,2
DA:23,1
DA:24,1
DA:28,0
DA:29,0
DA:33,1
DA:34,1
DA:38,1
DA:39,1
DA:43,5
DA:44,5
DA:45,5
DA:49,3
DA:50,3
DA:51,3
DA:55,5
DA:56,5
DA:57,5
DA:58,0
LF:29
LH:26
BRDA:8,0,0,2
BRDA:8,0,1,2
BRDA:9,1,0,2
BRDA:9,1,1,0
BRDA:10,2,0,2
BRDA:10,2,1,2
BRDA:13,3,0,2
BRDA:13,3,1,0
BRDA:57,4,0,0
BRDA:57,4,1,5
BRDA:57,5,0,5
BRDA:57,5,1,5
BRDA:57,5,2,3
BRF:13
BRH:10
end_of_record
TN:
SF:src\mapboxgl\web-map\layer\raster-tile\RasterTileLayer.vue
FNF:0
FNH:0
DA:2,1
DA:3,1
DA:4,1
DA:42,1
LF:4
LH:4
BRF:0
BRH:0
end_of_record
TN:
SF:src\mapboxgl\web-map\layer\raster-tile\RasterTileLayerViewModel.js
FN:5,(anonymous_0)
FN:37,(anonymous_1)
FN:43,(anonymous_2)
FN:57,(anonymous_3)
FN:65,(anonymous_4)
FN:67,(anonymous_5)
FN:84,(anonymous_6)
FN:104,(anonymous_7)
FNF:8
FNH:5
FNDA:1,(anonymous_0)
FNDA:1,(anonymous_1)
FNDA:0,(anonymous_2)
FNDA:1,(anonymous_3)
FNDA:1,(anonymous_4)
FNDA:0,(anonymous_5)
FNDA:0,(anonymous_6)
FNDA:1,(anonymous_7)
DA:6,1
DA:20,1
DA:21,1
DA:22,1
DA:23,1
DA:24,1
DA:25,1
DA:26,1
DA:27,1
DA:28,1
DA:29,1
DA:30,1
DA:31,1
DA:32,1
DA:34,1
DA:38,1
DA:39,1
DA:40,1
DA:44,0
DA:45,0
DA:47,0
DA:49,0
DA:51,0
DA:53,0
DA:58,1
DA:59,1
DA:61,0
DA:66,1
DA:67,1
DA:68,0
DA:69,0
DA:71,0
DA:72,0
DA:74,0
DA:75,0
DA:76,0
DA:78,0
DA:79,0
DA:80,0
DA:85,0
DA:105,1
DA:106,1
DA:107,0
DA:109,1
DA:110,1
LF:45
LH:26
BRDA:13,0,0,1
BRDA:14,1,0,1
BRDA:16,2,0,0
BRDA:17,3,0,1
BRDA:18,4,0,1
BRDA:31,5,0,1
BRDA:31,5,1,0
BRDA:44,6,0,0
BRDA:44,6,1,0
BRDA:58,7,0,1
BRDA:58,7,1,0
BRDA:68,8,0,0
BRDA:68,8,1,0
BRDA:71,9,0,0
BRDA:71,9,1,0
BRDA:71,10,0,0
BRDA:71,10,1,0
BRDA:75,11,0,0
BRDA:75,11,1,0
BRDA:75,12,0,0
BRDA:75,12,1,0
BRDA:87,13,0,0
BRDA:87,13,1,0
BRDA:90,14,0,0
BRDA:90,14,1,0
BRDA:92,15,0,0
BRDA:92,15,1,0
BRDA:106,16,0,0
BRDA:106,16,1,1
BRDA:106,17,0,1
BRDA:106,17,1,1
BRDA:106,17,2,1
BRDA:109,18,0,1
BRDA:109,18,1,0
BRDA:109,19,0,1
BRDA:109,19,1,1
BRDA:109,19,2,1
BRF:37
BRH:14
end_of_record
TN:
SF:src\mapboxgl\web-map\layer\track\TrackLayer.vue
FN:27,(anonymous_2)
FNF:1
FNH:1
FNDA:1,(anonymous_2)
DA:2,1
DA:3,1
DA:4,1
DA:5,1
DA:27,1
DA:30,1
DA:31,1
DA:32,1
DA:33,1
DA:34,1
DA:35,1
DA:36,1
DA:37,1
DA:38,1
DA:39,1
DA:40,1
DA:41,1
DA:54,1
LF:18
LH:18
BRF:0
BRH:0
end_of_record
TN:
SF:src\mapboxgl\web-map\layer\track\TrackLayerViewModel.ts
FN:7,_getRequireWildcardCache
FN:8,(anonymous_3)
FN:9,TrackLayerViewModel
FN:35,setMap
FN:43,setLoaderType
FN:52,(anonymous_7)
FN:56,setUrl
FN:66,(anonymous_9)
FN:86,setDisplayLine
FN:94,setTrackPoints
FN:105,(anonymous_12)
FN:108,setPosition
FN:117,(anonymous_14)
FN:129,(anonymous_15)
FN:144,(anonymous_16)
FN:170,setLayerStyle
FN:187,setDirection
FN:191,setUnit
FN:195,setScale
FN:199,setFitBounds
FN:203,setFollowCamera
FN:206,_initPosition
FN:208,(anonymous_24)
FN:215,(anonymous_25)
FN:226,_setRotateFactor
FN:248,_init
FN:256,_getWayPoint
FN:266,_animateLayer
FN:292,_initLayer
FN:320,_addCustomLayer
FN:328,onAdd
FN:346,render
FN:369,_addImageLayer
FN:391,(anonymous_35)
FN:431,_addTrackLineLayer
FN:441,(anonymous_37)
FN:484,_getFrontRotate
FN:514,_getBottomRotate
FN:550,_getModelTransform
FN:582,_getUnitFactor
FN:592,_getMeterFactor
FN:605,_getFitBoundsFactor
FN:617,_setMapZoom
FN:630,_getScaleFactor
FN:638,_dealWithLoader
FN:643,(anonymous_47)
FN:647,(anonymous_48)
FN:650,(anonymous_49)
FN:661,(anonymous_50)
FN:672,(anonymous_51)
FN:675,(anonymous_52)
FN:682,_getPointInfo
FN:695,removeSourceAndLayer
FN:709,removed
FN:713,reset
FNF:55
FNH:55
FNDA:6,_getRequireWildcardCache
FNDA:2,(anonymous_3)
FNDA:33,TrackLayerViewModel
FNDA:22,setMap
FNDA:9,setLoaderType
FNDA:3,(anonymous_7)
FNDA:13,setUrl
FNDA:5,(anonymous_9)
FNDA:1,setDisplayLine
FNDA:2,setTrackPoints
FNDA:1,(anonymous_12)
FNDA:16,setPosition
FNDA:11,(anonymous_14)
FNDA:11,(anonymous_15)
FNDA:2,(anonymous_16)
FNDA:1,setLayerStyle
FNDA:7,setDirection
FNDA:1,setUnit
FNDA:1,setScale
FNDA:1,setFitBounds
FNDA:1,setFollowCamera
FNDA:68,_initPosition
FNDA:13,(anonymous_24)
FNDA:6,(anonymous_25)
FNDA:55,_setRotateFactor
FNDA:44,_init
FNDA:3,_getWayPoint
FNDA:2,_animateLayer
FNDA:54,_initLayer
FNDA:7,_addCustomLayer
FNDA:2,onAdd
FNDA:1,render
FNDA:2,_addImageLayer
FNDA:1,(anonymous_35)
FNDA:52,_addTrackLineLayer
FNDA:1,(anonymous_37)
FNDA:5,_getFrontRotate
FNDA:5,_getBottomRotate
FNDA:7,_getModelTransform
FNDA:4,_getUnitFactor
FNDA:2,_getMeterFactor
FNDA:1,_getFitBoundsFactor
FNDA:1,_setMapZoom
FNDA:2,_getScaleFactor
FNDA:2,_dealWithLoader
FNDA:1,(anonymous_47)
FNDA:1,(anonymous_48)
FNDA:1,(anonymous_49)
FNDA:1,(anonymous_50)
FNDA:1,(anonymous_51)
FNDA:1,(anonymous_52)
FNDA:58,_getPointInfo
FNDA:60,removeSourceAndLayer
FNDA:22,removed
FNDA:1,reset
DA:1,2
DA:2,2
DA:3,2
DA:4,2
DA:5,2
DA:6,2
DA:7,152
DA:8,2
DA:10,33
DA:11,33
DA:12,33
DA:13,33
DA:14,33
DA:15,33
DA:16,33
DA:17,33
DA:18,33
DA:19,33
DA:20,33
DA:21,33
DA:22,33
DA:32,33
DA:33,33
DA:34,2
DA:36,22
DA:37,22
DA:38,0
DA:40,22
DA:41,22
DA:42,2
DA:43,9
DA:44,9
DA:45,9
DA:46,1
DA:47,1
DA:49,8
DA:50,0
DA:52,8
DA:53,3
DA:55,2
DA:56,13
DA:57,13
DA:58,13
DA:59,1
DA:60,1
DA:62,12
DA:63,1
DA:65,11
DA:66,5
DA:67,5
DA:68,1
DA:69,1
DA:71,4
DA:72,2
DA:73,2
DA:74,2
DA:75,2
DA:78,2
DA:83,6
DA:85,2
DA:87,1
DA:88,1
DA:89,1
DA:90,0
DA:92,1
DA:93,2
DA:95,2
DA:96,2
DA:97,0
DA:99,2
DA:100,1
DA:101,1
DA:103,1
DA:105,1
DA:106,1
DA:107,2
DA:109,16
DA:110,7
DA:112,9
DA:113,9
DA:114,9
DA:115,9
DA:117,11
DA:118,9
DA:119,2
DA:120,2
DA:122,2
DA:123,2
DA:124,2
DA:125,2
DA:127,9
DA:128,9
DA:129,11
DA:130,9
DA:132,8
DA:134,1
DA:135,1
DA:136,1
DA:137,1
DA:139,1
DA:141,9
DA:144,2
DA:145,9
DA:146,9
DA:148,0
DA:149,0
DA:151,9
DA:152,2
DA:153,1
DA:154,1
DA:155,1
DA:156,1
DA:159,1
DA:161,2
DA:162,2
DA:163,2
DA:164,2
DA:166,7
DA:167,0
DA:169,2
DA:171,1
DA:172,1
DA:173,0
DA:175,1
DA:176,1
DA:177,3
DA:178,3
DA:181,1
DA:182,1
DA:183,1
DA:186,2
DA:188,7
DA:189,7
DA:190,2
DA:192,1
DA:193,1
DA:194,2
DA:196,1
DA:197,1
DA:198,2
DA:200,1
DA:201,1
DA:202,2
DA:204,1
DA:205,2
DA:206,68
DA:207,68
DA:208,13
DA:209,13
DA:210,13
DA:212,13
DA:214,13
DA:215,6
DA:217,2
DA:219,13
DA:221,3
DA:225,2
DA:232,55
DA:233,55
DA:234,55
DA:235,3
DA:236,3
DA:237,3
DA:238,3
DA:239,0
DA:241,3
DA:243,55
DA:244,51
DA:245,51
DA:247,2
DA:249,44
DA:250,35
DA:251,35
DA:253,44
DA:254,44
DA:255,2
DA:257,3
DA:258,3
DA:259,2
DA:260,2
DA:261,2
DA:262,2
DA:263,2
DA:265,2
DA:268,2
DA:269,1
DA:270,1
DA:271,1
DA:272,1
DA:275,1
DA:276,1
DA:277,1
DA:279,2
DA:280,2
DA:281,2
DA:282,2
DA:283,1
DA:284,1
DA:286,2
DA:289,0
DA:291,2
DA:292,54
DA:293,54
DA:294,54
DA:295,3
DA:297,51
DA:298,9
DA:299,2
DA:303,2
DA:305,0
DA:307,2
DA:309,9
DA:312,7
DA:313,7
DA:315,2
DA:318,51
DA:319,2
DA:320,7
DA:321,7
DA:322,7
DA:323,7
DA:324,7
DA:329,2
DA:330,2
DA:331,2
DA:332,2
DA:333,2
DA:334,2
DA:335,2
DA:336,2
DA:337,2
DA:338,2
DA:339,2
DA:344,2
DA:347,1
DA:348,1
DA:349,1
DA:350,1
DA:351,1
DA:352,1
DA:358,1
DA:359,1
DA:360,1
DA:362,1
DA:366,7
DA:368,2
DA:369,2
DA:370,2
DA:371,2
DA:372,2
DA:385,2
DA:387,1
DA:390,1
DA:391,1
DA:392,1
DA:393,0
DA:394,0
DA:396,1
DA:397,1
DA:401,1
DA:415,0
DA:419,0
DA:430,2
DA:432,52
DA:434,52
DA:435,50
DA:438,2
DA:439,2
DA:441,2
DA:443,2
DA:454,52
DA:458,52
DA:460,46
DA:463,6
DA:464,6
DA:468,6
DA:483,2
DA:486,5
DA:490,5
DA:492,1
DA:493,1
DA:494,1
DA:496,1
DA:497,1
DA:498,1
DA:500,1
DA:501,1
DA:502,1
DA:504,1
DA:505,1
DA:506,1
DA:508,1
DA:509,1
DA:510,1
DA:512,5
DA:513,2
DA:516,5
DA:521,5
DA:523,1
DA:524,1
DA:525,1
DA:526,1
DA:528,1
DA:529,1
DA:530,1
DA:531,1
DA:533,1
DA:534,1
DA:535,1
DA:536,1
DA:538,1
DA:539,1
DA:540,1
DA:541,1
DA:543,1
DA:544,1
DA:545,1
DA:546,1
DA:548,5
DA:549,2
DA:551,7
DA:552,7
DA:553,7
DA:554,7
DA:555,7
DA:556,7
DA:557,5
DA:558,5
DA:559,5
DA:562,7
DA:563,5
DA:564,5
DA:565,5
DA:566,5
DA:569,7
DA:570,7
DA:571,7
DA:580,7
DA:581,2
DA:583,4
DA:585,2
DA:587,2
DA:589,0
DA:591,2
DA:593,2
DA:595,2
DA:596,1
DA:599,1
DA:601,2
DA:602,2
DA:603,2
DA:604,2
DA:606,1
DA:607,1
DA:608,1
DA:610,1
DA:611,1
DA:612,1
DA:613,1
DA:614,1
DA:615,1
DA:616,2
DA:618,1
DA:619,1
DA:620,1
DA:622,1
DA:623,1
DA:624,1
DA:625,1
DA:626,1
DA:627,1
DA:628,1
DA:629,2
DA:631,2
DA:632,2
DA:633,1
DA:635,1
DA:636,1
DA:637,2
DA:638,2
DA:640,2
DA:642,1
DA:643,1
DA:644,1
DA:645,1
DA:646,1
DA:649,1
DA:652,1
DA:654,1
DA:656,1
DA:657,1
DA:661,1
DA:662,1
DA:663,1
DA:664,1
DA:665,1
DA:666,0
DA:668,1
DA:669,0
DA:671,1
DA:674,1
DA:677,1
DA:679,1
DA:681,2
DA:682,58
DA:683,58
DA:684,53
DA:686,5
DA:687,5
DA:688,5
DA:689,5
DA:690,5
DA:694,2
DA:696,60
DA:697,60
DA:698,58
DA:699,58
DA:700,58
DA:702,58
DA:703,58
DA:704,58
DA:705,58
DA:708,2
DA:710,22
DA:711,22
DA:712,2
DA:714,1
DA:715,2
DA:717,2
LF:429
LH:411
BRDA:7,0,0,32
BRDA:7,1,0,64
BRDA:7,1,1,66
BRDA:7,2,0,34
BRDA:7,2,1,34
BRDA:7,2,2,32
BRDA:10,3,0,33
BRDA:10,3,1,33
BRDA:17,4,0,33
BRDA:17,4,1,11
BRDA:19,5,0,33
BRDA:19,5,1,33
BRDA:37,6,0,0
BRDA:45,7,0,1
BRDA:49,8,0,0
BRDA:58,9,0,1
BRDA:62,10,0,1
BRDA:62,11,0,12
BRDA:62,11,1,12
BRDA:65,12,0,5
BRDA:65,12,1,6
BRDA:67,13,0,1
BRDA:71,14,0,2
BRDA:71,14,1,2
BRDA:88,15,0,1
BRDA:88,15,1,1
BRDA:89,16,0,0
BRDA:96,17,0,0
BRDA:99,18,0,1
BRDA:103,19,0,1
BRDA:103,19,1,0
BRDA:109,20,0,7
BRDA:112,21,0,9
BRDA:112,21,1,0
BRDA:113,22,0,9
BRDA:113,22,1,9
BRDA:114,23,0,9
BRDA:114,23,1,9
BRDA:118,24,0,2
BRDA:127,25,0,9
BRDA:127,25,1,0
BRDA:130,26,0,8
BRDA:130,26,1,1
BRDA:134,27,0,1
BRDA:148,28,0,0
BRDA:148,29,0,0
BRDA:148,29,1,0
BRDA:151,30,0,2
BRDA:151,30,1,7
BRDA:151,31,0,9
BRDA:151,31,1,9
BRDA:152,32,0,1
BRDA:152,32,1,1
BRDA:156,33,0,1
BRDA:156,33,1,1
BRDA:159,34,0,1
BRDA:159,34,1,1
BRDA:166,35,0,0
BRDA:166,36,0,7
BRDA:166,36,1,0
BRDA:172,37,0,0
BRDA:172,38,0,1
BRDA:172,38,1,1
BRDA:176,39,0,1
BRDA:181,40,0,1
BRDA:196,41,0,0
BRDA:196,41,1,1
BRDA:207,42,0,13
BRDA:207,43,0,68
BRDA:207,43,1,37
BRDA:209,44,0,13
BRDA:209,44,1,0
BRDA:210,45,0,13
BRDA:214,46,0,2
BRDA:217,47,0,2
BRDA:217,47,1,0
BRDA:219,48,0,3
BRDA:219,49,0,13
BRDA:219,49,1,13
BRDA:234,50,0,3
BRDA:238,51,0,0
BRDA:241,52,0,3
BRDA:241,52,1,0
BRDA:243,53,0,51
BRDA:249,54,0,35
BRDA:258,55,0,2
BRDA:268,56,0,1
BRDA:268,56,1,1
BRDA:279,57,0,2
BRDA:279,57,1,0
BRDA:279,58,0,2
BRDA:279,58,1,2
BRDA:282,59,0,1
BRDA:292,60,0,44
BRDA:293,61,0,54
BRDA:293,61,1,44
BRDA:294,62,0,3
BRDA:297,63,0,9
BRDA:297,64,0,51
BRDA:297,64,1,12
BRDA:297,64,2,9
BRDA:298,65,0,2
BRDA:303,66,0,0
BRDA:303,67,0,2
BRDA:303,67,1,2
BRDA:309,68,0,1
BRDA:309,68,1,7
BRDA:309,68,2,2
BRDA:323,69,0,7
BRDA:385,70,0,1
BRDA:385,70,1,1
BRDA:390,71,0,1
BRDA:390,71,1,0
BRDA:392,72,0,0
BRDA:407,73,0,1
BRDA:407,73,1,0
BRDA:425,74,0,0
BRDA:425,74,1,0
BRDA:434,75,0,50
BRDA:434,75,1,2
BRDA:439,76,0,2
BRDA:441,77,0,2
BRDA:441,77,1,1
BRDA:458,78,0,46
BRDA:458,78,1,6
BRDA:463,79,0,6
BRDA:463,79,1,6
BRDA:463,79,2,6
BRDA:472,80,0,6
BRDA:472,80,1,6
BRDA:476,81,0,6
BRDA:476,81,1,6
BRDA:481,82,0,1
BRDA:481,82,1,5
BRDA:490,83,0,1
BRDA:490,83,1,1
BRDA:490,83,2,1
BRDA:490,83,3,1
BRDA:490,83,4,1
BRDA:521,84,0,1
BRDA:521,84,1,1
BRDA:521,84,2,1
BRDA:521,84,3,1
BRDA:521,84,4,1
BRDA:554,85,0,7
BRDA:554,85,1,2
BRDA:556,86,0,5
BRDA:558,87,0,5
BRDA:562,88,0,5
BRDA:564,89,0,5
BRDA:583,90,0,2
BRDA:583,90,1,2
BRDA:583,90,2,0
BRDA:595,91,0,1
BRDA:595,91,1,1
BRDA:599,92,0,1
BRDA:599,92,1,0
BRDA:632,93,0,1
BRDA:640,94,0,1
BRDA:640,94,1,1
BRDA:662,95,0,1
BRDA:662,95,1,0
BRDA:665,96,0,0
BRDA:665,96,1,1
BRDA:668,97,0,0
BRDA:682,98,0,57
BRDA:682,99,0,57
BRDA:683,100,0,53
BRDA:683,101,0,58
BRDA:683,101,1,17
BRDA:683,101,2,8
BRDA:697,102,0,58
BRDA:698,103,0,58
BRDA:699,104,0,58
BRDA:699,104,1,0
BRDA:700,105,0,58
BRDA:700,105,1,58
BRDA:702,106,0,58
BRDA:703,107,0,58
BRDA:703,107,1,0
BRDA:704,108,0,58
BRDA:704,108,1,58
BRF:182
BRH:150
end_of_record
TN:
SF:src\mapboxgl\web-map\layer\unique-theme\UniqueThemeLayer.vue
FNF:0
FNH:0
DA:2,1
DA:3,1
DA:4,1
DA:5,1
DA:56,1
LF:5
LH:5
BRF:0
BRH:0
end_of_record
TN:
SF:src\mapboxgl\web-map\layer\unique-theme\UniqueThemeLayerViewModel.js
FN:5,(anonymous_0)
FN:15,(anonymous_1)
FN:21,(anonymous_2)
FN:27,(anonymous_3)
FN:33,(anonymous_4)
FN:38,(anonymous_5)
FN:43,(anonymous_6)
FNF:7
FNH:7
FNDA:2,(anonymous_0)
FNDA:2,(anonymous_1)
FNDA:4,(anonymous_2)
FNDA:2,(anonymous_3)
FNDA:1,(anonymous_4)
FNDA:1,(anonymous_5)
FNDA:4,(anonymous_6)
DA:6,2
DA:7,2
DA:8,2
DA:9,2
DA:10,2
DA:11,2
DA:12,2
DA:16,2
DA:17,2
DA:18,2
DA:22,4
DA:23,4
DA:24,4
DA:28,2
DA:29,2
DA:30,2
DA:34,1
DA:35,1
DA:39,1
DA:40,1
DA:44,4
DA:45,4
DA:46,4
DA:47,0
LF:24
LH:23
BRDA:8,0,0,2
BRDA:8,0,1,2
BRDA:9,1,0,2
BRDA:9,1,1,1
BRDA:12,2,0,2
BRDA:12,2,1,0
BRDA:46,3,0,0
BRDA:46,3,1,4
BRDA:46,4,0,4
BRDA:46,4,1,4
BRDA:46,4,2,2
BRF:11
BRH:9
end_of_record
TN:
SF:src\mapboxgl\web-map\layer\vector-tile\VectorTileLayer.vue
FNF:0
FNH:0
DA:2,2
DA:3,2
DA:4,2
DA:26,2
LF:4
LH:4
BRF:0
BRH:0
end_of_record
TN:
SF:src\mapboxgl\web-map\layer\vector-tile\VectorTileLayerViewModel.js
FN:5,(anonymous_0)
FN:11,(anonymous_1)
FN:17,(anonymous_2)
FN:22,(anonymous_3)
FNF:4
FNH:4
FNDA:2,(anonymous_0)
FNDA:2,(anonymous_1)
FNDA:1,(anonymous_2)
FNDA:3,(anonymous_3)
DA:6,2
DA:7,2
DA:8,2
DA:12,2
DA:13,2
DA:14,2
DA:18,1
DA:19,1
DA:23,3
DA:24,3
LF:10
LH:10
BRDA:23,0,0,3
BRDA:23,0,1,0
BRF:2
BRH:1
end_of_record
TN:
SF:src\mapboxgl\web-scene\WebScene.vue
FN:19,(anonymous_2)
FNF:1
FNH:1
FNDA:1,(anonymous_2)
DA:12,1
DA:13,1
DA:14,1
DA:19,1
DA:23,1
DA:25,1
DA:27,1
DA:40,1
DA:45,1
DA:50,1
DA:55,1
DA:60,1
DA:65,1
DA:95,1
LF:14
LH:14
BRF:0
BRH:0
end_of_record
TN:
SF:src\mapboxgl\web-scene\WebSceneViewModel.ts
FN:4,(anonymous_0)
FN:5,WebSceneViewModel
FN:27,setSceneUrl
FN:39,setScanEffect
FN:47,(anonymous_4)
FN:54,setPosition
FN:70,removeInputAction
FN:80,_getSceneInfo
FN:82,(anonymous_8)
FN:85,(anonymous_9)
FN:92,_checkPrivate
FN:112,_createScene
FN:119,(anonymous_12)
FN:132,(anonymous_13)
FN:146,(anonymous_14)
FN:152,(anonymous_15)
FN:159,_getSceneParam
FN:173,_startScan
FNF:18
FNH:9
FNDA:2,(anonymous_0)
FNDA:4,WebSceneViewModel
FNDA:4,setSceneUrl
FNDA:0,setScanEffect
FNDA:0,(anonymous_4)
FNDA:0,setPosition
FNDA:0,removeInputAction
FNDA:2,_getSceneInfo
FNDA:2,(anonymous_8)
FNDA:2,(anonymous_9)
FNDA:2,_checkPrivate
FNDA:3,_createScene
FNDA:0,(anonymous_12)
FNDA:0,(anonymous_13)
FNDA:0,(anonymous_14)
FNDA:0,(anonymous_15)
FNDA:3,_getSceneParam
FNDA:0,_startScan
DA:1,2
DA:2,2
DA:3,2
DA:4,2
DA:5,4
DA:6,4
DA:7,4
DA:8,0
DA:10,4
DA:11,0
DA:13,4
DA:14,4
DA:15,4
DA:16,4
DA:23,4
DA:24,4
DA:25,4
DA:26,2
DA:28,4
DA:29,1
DA:31,3
DA:32,1
DA:33,1
DA:36,2
DA:38,2
DA:39,0
DA:40,0
DA:41,0
DA:42,0
DA:43,0
DA:44,0
DA:47,0
DA:48,0
DA:49,0
DA:53,2
DA:55,0
DA:56,0
DA:57,0
DA:58,0
DA:59,0
DA:69,2
DA:71,0
DA:72,0
DA:73,0
DA:74,0
DA:75,0
DA:76,0
DA:77,0
DA:78,0
DA:79,2
DA:80,2
DA:81,2
DA:83,2
DA:86,2
DA:88,2
DA:89,2
DA:91,2
DA:93,2
DA:94,2
DA:95,2
DA:96,2
DA:97,2
DA:98,1
DA:101,1
DA:102,1
DA:103,1
DA:104,1
DA:105,1
DA:110,2
DA:111,2
DA:112,3
DA:113,3
DA:114,3
DA:115,3
DA:116,3
DA:117,3
DA:118,3
DA:119,3
DA:120,0
DA:121,0
DA:131,0
DA:132,0
DA:133,0
DA:134,0
DA:135,0
DA:136,0
DA:138,0
DA:139,0
DA:140,0
DA:141,0
DA:142,0
DA:143,0
DA:146,0
DA:147,0
DA:148,0
DA:151,0
DA:152,0
DA:153,0
DA:156,0
DA:158,2
DA:160,3
DA:172,2
DA:174,0
DA:175,0
DA:176,0
DA:177,0
DA:178,0
DA:179,0
DA:182,0
DA:183,0
DA:185,0
DA:187,0
DA:189,0
DA:190,0
DA:191,2
DA:193,2
LF:116
LH:59
BRDA:5,0,0,4
BRDA:6,1,0,4
BRDA:6,1,1,4
BRDA:7,2,0,0
BRDA:10,3,0,0
BRDA:16,4,0,4
BRDA:16,4,1,4
BRDA:23,5,0,4
BRDA:23,5,1,4
BRDA:24,6,0,4
BRDA:24,6,1,4
BRDA:28,7,0,1
BRDA:31,8,0,1
BRDA:31,8,1,2
BRDA:40,9,0,0
BRDA:42,10,0,0
BRDA:42,10,1,0
BRDA:43,11,0,0
BRDA:43,11,1,0
BRDA:44,12,0,0
BRDA:44,12,1,0
BRDA:48,13,0,0
BRDA:48,13,1,0
BRDA:55,14,0,0
BRDA:57,15,0,0
BRDA:57,16,0,0
BRDA:57,16,1,0
BRDA:71,17,0,0
BRDA:95,18,0,2
BRDA:97,19,0,1
BRDA:97,19,1,1
BRDA:103,20,0,1
BRDA:110,21,0,2
BRDA:110,21,1,2
BRDA:113,22,0,3
BRDA:113,22,1,3
BRDA:123,23,0,0
BRDA:123,23,1,0
BRDA:123,23,2,0
BRDA:136,24,0,0
BRDA:136,25,0,0
BRDA:136,25,1,0
BRDA:151,26,0,0
BRDA:151,27,0,0
BRDA:151,27,1,0
BRDA:164,28,0,3
BRDA:164,28,1,3
BRDA:165,29,0,3
BRDA:165,29,1,0
BRDA:165,29,2,0
BRDA:165,29,3,0
BRDA:166,30,0,3
BRDA:166,30,1,0
BRDA:167,31,0,3
BRDA:167,31,1,0
BRDA:168,32,0,3
BRDA:168,32,1,0
BRDA:176,33,0,0
BRDA:176,33,1,0
BRDA:177,34,0,0
BRDA:177,34,1,0
BRDA:177,34,2,0
BRDA:178,35,0,0
BRDA:178,35,1,0
BRDA:179,36,0,0
BRDA:179,36,1,0
BRF:66
BRH:26
end_of_record
